11:13:25 INFO  : Registering command handlers for SDK TCF services
11:13:26 INFO  : Launching XSCT server: xsct -n -interactive /home/sca.user/chipwhisperer/jupyter/mattia_sca/pv_CW305_DesingStart/AT426-r0p1-00rel0-1/AT426-BU-98000-r0p1-00rel0/software/pv_CW305_DesignStart/sdk_workspace/temp_xsdb_launch_script.tcl
11:13:28 INFO  : XSCT server has started successfully.
11:13:28 INFO  : Successfully done setting XSCT server connection channel  
11:13:28 INFO  : Successfully done setting SDK workspace  
11:13:28 INFO  : Restoring global repository preferences: 
		 /home/sca.user/Desktop/test/AT426-r0p1-00rel0-1/AT426-BU-98000-r0p1-00rel0/vivado/Arm_sw_repository
11:13:28 WARN  : Invalid repository path /home/sca.user/Desktop/test/AT426-r0p1-00rel0-1/AT426-BU-98000-r0p1-00rel0/vivado/Arm_sw_repository.
11:13:28 INFO  : Processing command line option -hwspec /home/sca.user/chipwhisperer/jupyter/mattia_sca/pv_CW305_DesingStart/AT426-r0p1-00rel0-1/AT426-BU-98000-r0p1-00rel0/software/m3_for_arty_a7_wrapper.hdf.
11:15:09 INFO  : Saving repository preferences.
11:15:09 INFO  : Reading in cores from global repositories: 
		 /home/sca.user/chipwhisperer/jupyter/mattia_sca/pv_CW305_DesingStart/AT426-r0p1-00rel0-1/AT426-BU-98000-r0p1-00rel0/vivado/Arm_sw_repository
11:15:09 INFO  : Cleaning BSP projects in the workspace.
11:15:21 INFO  : Saving repository preferences.
11:15:22 INFO  : Saving repository preferences.
13:49:48 INFO  : Launching XSCT server: xsct -n -interactive /home/sca.user/chipwhisperer/jupyter/mattia_sca/pv_CW305_DesingStart/AT426-r0p1-00rel0-1/AT426-BU-98000-r0p1-00rel0/software/pv_CW305_DesignStart/sdk_workspace/temp_xsdb_launch_script.tcl
13:49:50 INFO  : XSCT server has started successfully.
13:49:50 INFO  : Successfully done setting XSCT server connection channel  
13:49:51 INFO  : Successfully done setting SDK workspace  
13:49:52 INFO  : Registering command handlers for SDK TCF services
13:49:53 INFO  : Restoring global repository preferences: 
		 /home/sca.user/chipwhisperer/jupyter/mattia_sca/pv_CW305_DesingStart/AT426-r0p1-00rel0-1/AT426-BU-98000-r0p1-00rel0/vivado/Arm_sw_repository
13:49:53 INFO  : Processing command line option -hwspec /home/sca.user/chipwhisperer/jupyter/mattia_sca/pv_CW305_DesingStart/AT426-r0p1-00rel0-1/AT426-BU-98000-r0p1-00rel0/software/CW305_designstart_top.hdf.
13:53:57 INFO  : Registering command handlers for SDK TCF services
13:53:58 INFO  : Launching XSCT server: xsct -n -interactive /home/sca.user/chipwhisperer/jupyter/mattia_sca/pv_CW305_DesingStart/AT426-r0p1-00rel0-1/AT426-BU-98000-r0p1-00rel0/software/pv_CW305_DesignStart/sdk_workspace/temp_xsdb_launch_script.tcl
13:54:00 INFO  : XSCT server has started successfully.
13:54:00 INFO  : Successfully done setting XSCT server connection channel  
13:54:00 INFO  : Successfully done setting SDK workspace  
13:54:00 INFO  : Restoring global repository preferences: 
		 /home/sca.user/chipwhisperer/jupyter/mattia_sca/pv_CW305_DesingStart/AT426-r0p1-00rel0-1/AT426-BU-98000-r0p1-00rel0/vivado/Arm_sw_repository
13:54:00 INFO  : Processing command line option -hwspec /home/sca.user/chipwhisperer/jupyter/mattia_sca/pv_CW305_DesingStart/AT426-r0p1-00rel0-1/AT426-BU-98000-r0p1-00rel0/software/CW305_designstart_top.hdf.
13:54:00 INFO  : Checking for hwspec changes in the project CW305_designstart_top_hw_platform_0.
12:38:16 INFO  : Registering command handlers for SDK TCF services
12:38:16 INFO  : Launching XSCT server: xsct -n -interactive /home/sca.user/chipwhisperer/jupyter/mattia_sca/pv_CW305_DesingStart/AT426-r0p1-00rel0-1/AT426-BU-98000-r0p1-00rel0/software/CW305_DesignStart/sdk_workspace/temp_xsdb_launch_script.tcl
12:38:18 INFO  : XSCT server has started successfully.
12:38:19 INFO  : Successfully done setting XSCT server connection channel  
12:38:19 INFO  : Successfully done setting SDK workspace  
12:38:19 INFO  : Restoring global repository preferences: 
		 /home/sca.user/chipwhisperer/jupyter/mattia_sca/pv_CW305_DesingStart/AT426-r0p1-00rel0-1/AT426-BU-98000-r0p1-00rel0/vivado/Arm_sw_repository
12:38:19 INFO  : Processing command line option -hwspec /home/sca.user/chipwhisperer/jupyter/mattia_sca/pv_CW305_DesingStart/AT426-r0p1-00rel0-1/AT426-BU-98000-r0p1-00rel0/software/CW305_designstart_top.hdf.
12:38:19 INFO  : Checking for hwspec changes in the project CW305_designstart_top_hw_platform_0.
12:52:11 INFO  : Registering command handlers for SDK TCF services
12:52:12 INFO  : Launching XSCT server: xsct -n -interactive /home/sca.user/chipwhisperer/jupyter/mattia_sca/pv_CW305_DesingStart/AT426-r0p1-00rel0-1/AT426-BU-98000-r0p1-00rel0/software/CW305_DesignStart/sdk_workspace/temp_xsdb_launch_script.tcl
12:52:14 INFO  : XSCT server has started successfully.
12:52:14 INFO  : Successfully done setting XSCT server connection channel  
12:52:14 INFO  : Successfully done setting SDK workspace  
12:52:14 INFO  : Restoring global repository preferences: 
		 /home/sca.user/chipwhisperer/jupyter/mattia_sca/pv_CW305_DesingStart/AT426-r0p1-00rel0-1/AT426-BU-98000-r0p1-00rel0/vivado/Arm_sw_repository
12:52:14 INFO  : Processing command line option -hwspec /home/sca.user/chipwhisperer/jupyter/mattia_sca/pv_CW305_DesingStart/AT426-r0p1-00rel0-1/AT426-BU-98000-r0p1-00rel0/software/CW305_designstart_top.hdf.
12:52:14 INFO  : Checking for hwspec changes in the project CW305_designstart_top_hw_platform_0.
12:57:37 INFO  : No changes in MSS file content so not generating sources.
13:00:51 INFO  : Registering command handlers for SDK TCF services
13:00:52 INFO  : Launching XSCT server: xsct -n -interactive /home/sca.user/chipwhisperer/jupyter/mattia_sca/pv_CW305_DesingStart/AT426-r0p1-00rel0-1/AT426-BU-98000-r0p1-00rel0/software/CW305_DesignStart/sdk_workspace/temp_xsdb_launch_script.tcl
13:00:54 INFO  : XSCT server has started successfully.
13:00:54 INFO  : Successfully done setting XSCT server connection channel  
13:00:54 INFO  : Successfully done setting SDK workspace  
13:00:54 INFO  : Restoring global repository preferences: 
		 /home/sca.user/chipwhisperer/jupyter/mattia_sca/pv_CW305_DesingStart/AT426-r0p1-00rel0-1/AT426-BU-98000-r0p1-00rel0/vivado/Arm_sw_repository
13:00:54 INFO  : Processing command line option -hwspec /home/sca.user/chipwhisperer/jupyter/mattia_sca/pv_CW305_DesingStart/AT426-r0p1-00rel0-1/AT426-BU-98000-r0p1-00rel0/software/CW305_designstart_top.hdf.
13:00:54 INFO  : Checking for hwspec changes in the project CW305_designstart_top_hw_platform_0.
16:44:04 INFO  : Launching XSCT server: xsct -n -interactive /home/sca.user/chipwhisperer/jupyter/mattia_sca/pv_CW305_DesingStart/software/CW305_DesignStart/sdk_workspace/temp_xsdb_launch_script.tcl
16:44:06 INFO  : XSCT server has started successfully.
16:44:06 INFO  : Successfully done setting XSCT server connection channel  
16:44:06 INFO  : Successfully done setting SDK workspace  
16:44:06 INFO  : Restoring global repository preferences: 
		 /home/sca.user/chipwhisperer/jupyter/mattia_sca/pv_CW305_DesingStart/AT426-r0p1-00rel0-1/AT426-BU-98000-r0p1-00rel0/vivado/Arm_sw_repository
16:44:06 WARN  : Invalid repository path /home/sca.user/chipwhisperer/jupyter/mattia_sca/pv_CW305_DesingStart/AT426-r0p1-00rel0-1/AT426-BU-98000-r0p1-00rel0/vivado/Arm_sw_repository.
16:44:07 ERROR : (XSDB Server)ERROR: [Hsi 55-1594] Core cpu_cortexm3 of version 1.0 not found in repositories

16:44:07 ERROR : (XSDB Server)ERROR: [Hsi 55-1452] Error: running open_sw_design.

16:44:08 ERROR :  [Common 17-39] 'hsi::open_sw_design' failed due to earlier errors.
16:44:08 ERROR : (XSDB Server)ERROR: [Hsi 55-1594] Core cpu_cortexm3 of version 1.0 not found in repositories

16:44:08 ERROR : (XSDB Server)ERROR: [Hsi 55-1452] Error: running open_sw_design.

16:44:08 INFO  : Unable to read in MSS file /home/sca.user/chipwhisperer/jupyter/mattia_sca/pv_CW305_DesingStart/software/CW305_DesignStart/sdk_workspace/standalone_bsp_0/system.mss : null
16:44:08 ERROR : (XSDB Server)ERROR: [Hsi 55-1594] Core cpu_cortexm3 of version 1.0 not found in repositories

16:44:08 ERROR : (XSDB Server)ERROR: [Hsi 55-1452] Error: running open_sw_design.

16:44:08 ERROR : (XSDB Server)ERROR: [Hsi 55-1594] Core cpu_cortexm3 of version 1.0 not found in repositories

16:44:08 ERROR : (XSDB Server)ERROR: [Hsi 55-1452] Error: running open_sw_design.

16:44:08 ERROR : (XSDB Server)ERROR: [Hsi 55-1594] Core cpu_cortexm3 of version 1.0 not found in repositories

16:44:08 ERROR : (XSDB Server)ERROR: [Hsi 55-1452] Error: running open_sw_design.

16:44:08 ERROR :  [Common 17-39] 'hsi::open_sw_design' failed due to earlier errors.
16:44:08 ERROR : (XSDB Server)ERROR: [Hsi 55-1594] Core cpu_cortexm3 of version 1.0 not found in repositories

16:44:08 ERROR : (XSDB Server)ERROR: [Hsi 55-1452] Error: running open_sw_design.

16:44:08 INFO  : Unable to read in MSS file /home/sca.user/chipwhisperer/jupyter/mattia_sca/pv_CW305_DesingStart/software/CW305_DesignStart/sdk_workspace/standalone_bsp_0/system.mss : null
16:44:08 ERROR : (XSDB Server)ERROR: [Hsi 55-1594] Core cpu_cortexm3 of version 1.0 not found in repositories

16:44:08 ERROR : (XSDB Server)ERROR: [Hsi 55-1452] Error: running open_sw_design.

16:44:08 ERROR : Failed to closesw "/home/sca.user/chipwhisperer/jupyter/mattia_sca/pv_CW305_DesingStart/software/CW305_DesignStart/sdk_workspace/standalone_bsp_0/system.mss"
Reason: Cannot close sw design '/home/sca.user/chipwhisperer/jupyter/mattia_sca/pv_CW305_DesingStart/software/CW305_DesignStart/sdk_workspace/standalone_bsp_0/system.mss'.
Design is not opened in the current session.


16:44:08 INFO  : Registering command handlers for SDK TCF services
16:44:08 INFO  : Processing command line option -hwspec /home/sca.user/chipwhisperer/jupyter/mattia_sca/pv_CW305_DesingStart/software/CW305_designstart_top.hdf.
16:44:13 ERROR : (XSDB Server)ERROR: [Hsi 55-1594] Core cpu_cortexm3 of version 1.0 not found in repositories

16:44:13 ERROR :  [Common 17-39] 'hsi::open_sw_design' failed due to earlier errors.
16:44:13 ERROR : (XSDB Server)ERROR: [Hsi 55-1452] Error: running open_sw_design.

16:44:13 ERROR : (XSDB Server)ERROR: [Hsi 55-1594] Core cpu_cortexm3 of version 1.0 not found in repositories

16:44:13 ERROR : (XSDB Server)ERROR: [Hsi 55-1452] Error: running open_sw_design.

16:44:13 INFO  : Unable to read in MSS file /home/sca.user/chipwhisperer/jupyter/mattia_sca/pv_CW305_DesingStart/software/CW305_DesignStart/sdk_workspace/standalone_bsp_0/system.mss : null
16:44:13 ERROR : (XSDB Server)ERROR: [Hsi 55-1594] Core cpu_cortexm3 of version 1.0 not found in repositories

16:44:13 ERROR : (XSDB Server)ERROR: [Hsi 55-1452] Error: running open_sw_design.

16:44:13 ERROR : (XSDB Server)ERROR: [Hsi 55-1594] Core cpu_cortexm3 of version 1.0 not found in repositories

16:44:13 ERROR : (XSDB Server)ERROR: [Hsi 55-1452] Error: running open_sw_design.

16:44:13 ERROR : Failed to get_connected_periphs
Reason: ERROR: [Common 17-55] 'get_property' expects at least one object.
Resolution: If [get_<value>] was used to populate the object, check to make sure this command returns at least one valid object.

