#-----------------------------------------------------------
# Webtalk v2019.1 (64-bit)
# SW Build 2552052 on Fri May 24 14:47:09 MDT 2019
# 
# Start of session at: Tue Dec  5 13:00:37 2023
# Process ID: 1001432
# Current directory: /home/sca.user/chipwhisperer/jupyter/mattia_sca/pv_CW305_DesingStart/AT426-r0p1-00rel0-1/AT426-BU-98000-r0p1-00rel0/software/CW305_DesignStart/sdk_workspace/webtalk
# Command line: wbtcv -mode batch -source sdk_webtalk.tcl
# Log file: /home/sca.user/chipwhisperer/jupyter/mattia_sca/pv_CW305_DesingStart/AT426-r0p1-00rel0-1/AT426-BU-98000-r0p1-00rel0/software/CW305_DesignStart/sdk_workspace/webtalk/webtalk.log
# Journal file: /home/sca.user/chipwhisperer/jupyter/mattia_sca/pv_CW305_DesingStart/AT426-r0p1-00rel0-1/AT426-BU-98000-r0p1-00rel0/software/CW305_DesignStart/sdk_workspace/webtalk/webtalk.jou
#-----------------------------------------------------------
source sdk_webtalk.tcl
# webtalk_init -webtalk_dir /home/sca.user/chipwhisperer/jupyter/mattia_sca/pv_CW305_DesingStart/AT426-r0p1-00rel0-1/AT426-BU-98000-r0p1-00rel0/software/CW305_DesignStart/sdk_workspace/webtalk
# webtalk_register_client -client project
# webtalk_add_data -client project -key date_generated -value "2023-12-05 13:00:36" -context "software_version_and_target_device"
# webtalk_add_data -client project -key product_version -value "SDK v2019.1" -context "software_version_and_target_device"
# webtalk_add_data -client project -key build_version -value "2019.1" -context "software_version_and_target_device"
# webtalk_add_data -client project -key os_platform -value "amd64" -context "software_version_and_target_device"
# webtalk_add_data -client project -key registration_id -value "175711984_177743684_210696429_146" -context "software_version_and_target_device"
# webtalk_add_data -client project -key tool_flow -value "SDK" -context "software_version_and_target_device"
# webtalk_add_data -client project -key beta -value "false" -context "software_version_and_target_device"
# webtalk_add_data -client project -key route_design -value "NA" -context "software_version_and_target_device"
# webtalk_add_data -client project -key target_family -value "NA" -context "software_version_and_target_device"
# webtalk_add_data -client project -key target_device -value "NA" -context "software_version_and_target_device"
# webtalk_add_data -client project -key target_package -value "NA" -context "software_version_and_target_device"
# webtalk_add_data -client project -key target_speed -value "NA" -context "software_version_and_target_device"
# webtalk_add_data -client project -key random_id -value "b6o6bt27u076t4p4b2n3ofkoi9" -context "software_version_and_target_device"
# webtalk_add_data -client project -key project_id -value "2019.1_8" -context "software_version_and_target_device"
# webtalk_add_data -client project -key project_iteration -value "8" -context "software_version_and_target_device"
# webtalk_add_data -client project -key os_name -value "Ubuntu" -context "user_environment"
# webtalk_add_data -client project -key os_release -value "Ubuntu 23.04" -context "user_environment"
# webtalk_add_data -client project -key cpu_name -value "Intel(R) Core(TM) i7-8700K CPU @ 3.70GHz" -context "user_environment"
# webtalk_add_data -client project -key cpu_speed -value "4671.397 MHz" -context "user_environment"
# webtalk_add_data -client project -key total_processors -value "1" -context "user_environment"
# webtalk_add_data -client project -key system_ram -value "33.416 GB" -context "user_environment"
# webtalk_register_client -client sdk
# webtalk_add_data -client sdk -key uid -value "1701777261000" -context "sdk\\\\bsp/1701777261000"
# webtalk_add_data -client sdk -key hwid -value "1701694193000" -context "sdk\\\\bsp/1701777261000"
# webtalk_add_data -client sdk -key os -value "standalone" -context "sdk\\\\bsp/1701777261000"
# webtalk_add_data -client sdk -key apptemplate -value "null" -context "sdk\\\\bsp/1701777261000"
# webtalk_add_data -client sdk -key RecordType -value "BSPCreation" -context "sdk\\\\bsp/1701777261000"
# webtalk_add_data -client sdk -key uid -value "1701777404000" -context "sdk\\\\bsp/1701777404000"
# webtalk_add_data -client sdk -key hwid -value "1701694193000" -context "sdk\\\\bsp/1701777404000"
# webtalk_add_data -client sdk -key os -value "standalone" -context "sdk\\\\bsp/1701777404000"
# webtalk_add_data -client sdk -key apptemplate -value "null" -context "sdk\\\\bsp/1701777404000"
# webtalk_add_data -client sdk -key RecordType -value "BSPCreation" -context "sdk\\\\bsp/1701777404000"
# webtalk_add_data -client sdk -key uid -value "NA" -context "sdk\\\\bsp/1701777636562"
# webtalk_add_data -client sdk -key RecordType -value "ToolUsage" -context "sdk\\\\bsp/1701777636562"
# webtalk_add_data -client sdk -key BootgenCount -value "0" -context "sdk\\\\bsp/1701777636562"
# webtalk_add_data -client sdk -key DebugCount -value "0" -context "sdk\\\\bsp/1701777636562"
# webtalk_add_data -client sdk -key PerfCount -value "0" -context "sdk\\\\bsp/1701777636562"
# webtalk_add_data -client sdk -key FlashCount -value "0" -context "sdk\\\\bsp/1701777636562"
# webtalk_add_data -client sdk -key CrossTriggCount -value "0" -context "sdk\\\\bsp/1701777636562"
# webtalk_add_data -client sdk -key QemuDebugCount -value "0" -context "sdk\\\\bsp/1701777636562"
# webtalk_transmit -clientid 92830899 -regid "175711984_177743684_210696429_146" -xml /home/sca.user/chipwhisperer/jupyter/mattia_sca/pv_CW305_DesingStart/AT426-r0p1-00rel0-1/AT426-BU-98000-r0p1-00rel0/software/CW305_DesignStart/sdk_workspace/webtalk/usage_statistics_ext_sdk.xml -html /home/sca.user/chipwhisperer/jupyter/mattia_sca/pv_CW305_DesingStart/AT426-r0p1-00rel0-1/AT426-BU-98000-r0p1-00rel0/software/CW305_DesignStart/sdk_workspace/webtalk/usage_statistics_ext_sdk.html -wdm /home/sca.user/chipwhisperer/jupyter/mattia_sca/pv_CW305_DesingStart/AT426-r0p1-00rel0-1/AT426-BU-98000-r0p1-00rel0/software/CW305_DesignStart/sdk_workspace/webtalk/sdk_webtalk.wdm -intro "<H3>SDK Usage Report</H3><BR>"
# webtalk_terminate
INFO: [Common 17-206] Exiting Webtalk at Tue Dec  5 13:00:38 2023...
