17:12:14 INFO  : Registering command handlers for SDK TCF services
17:12:15 INFO  : Launching XSCT server: xsct -n -interactive /home/sca.user/Desktop/arm_softcore/AT426-r0p1-00rel0-1/AT426-BU-98000-r0p1-00rel0/software/CW305_DesignStart/sdk_workspace/temp_xsdb_launch_script.tcl
17:12:17 INFO  : XSCT server has started successfully.
17:12:18 INFO  : Successfully done setting XSCT server connection channel  
17:12:18 INFO  : Successfully done setting SDK workspace  
17:12:18 INFO  : Processing command line option -hwspec /home/sca.user/Desktop/arm_softcore/AT426-r0p1-00rel0-1/AT426-BU-98000-r0p1-00rel0/software/m3_for_arty_a7_wrapper.hdf.
17:14:11 INFO  : Saving repository preferences.
17:14:11 INFO  : Reading in cores from global repositories: 
		 /home/sca.user/Desktop/arm_softcore/AT426-r0p1-00rel0-1/AT426-BU-98000-r0p1-00rel0/vivado/Arm_sw_repository
17:14:11 INFO  : Cleaning BSP projects in the workspace.
17:14:27 INFO  : Saving repository preferences.
16:55:44 INFO  : Launching XSCT server: xsct -n -interactive /home/sca.user/Desktop/arm_softcore/AT426-r0p1-00rel0-1/AT426-BU-98000-r0p1-00rel0/software/CW305_DesignStart/sdk_workspace/temp_xsdb_launch_script.tcl
16:55:46 INFO  : XSCT server has started successfully.
16:55:54 INFO  : Successfully done setting XSCT server connection channel  
16:55:54 INFO  : Successfully done setting SDK workspace  
16:55:55 INFO  : Registering command handlers for SDK TCF services
16:55:57 INFO  : Restoring global repository preferences: 
		 /home/sca.user/Desktop/arm_softcore/AT426-r0p1-00rel0-1/AT426-BU-98000-r0p1-00rel0/vivado/Arm_sw_repository
16:55:57 INFO  : Processing command line option -hwspec /home/sca.user/Desktop/arm_softcore/AT426-r0p1-00rel0-1/AT426-BU-98000-r0p1-00rel0/software/CW305_designstart_top.hdf.
12:42:33 INFO  : Registering command handlers for SDK TCF services
12:42:34 INFO  : Launching XSCT server: xsct -n -interactive /home/sca.user/Desktop/arm_softcore/AT426-r0p1-00rel0-1/AT426-BU-98000-r0p1-00rel0/software/CW305_DesignStart/sdk_workspace/temp_xsdb_launch_script.tcl
12:42:36 INFO  : XSCT server has started successfully.
12:42:36 INFO  : Successfully done setting XSCT server connection channel  
12:42:36 INFO  : Successfully done setting SDK workspace  
12:42:36 INFO  : Restoring global repository preferences: 
		 /home/sca.user/Desktop/arm_softcore/AT426-r0p1-00rel0-1/AT426-BU-98000-r0p1-00rel0/vivado/Arm_sw_repository
12:42:36 INFO  : Processing command line option -hwspec /home/sca.user/Desktop/arm_softcore/AT426-r0p1-00rel0-1/AT426-BU-98000-r0p1-00rel0/software/CW305_designstart_top.hdf.
12:42:36 INFO  : Checking for hwspec changes in the project CW305_designstart_top_hw_platform_0.
12:42:38 INFO  : SDK has detected change in the last modified timestamps for source hardware specification file Source:1701085166000,  Project:1700149951000
12:42:38 INFO  : The hardware specification for project 'CW305_designstart_top_hw_platform_0' is different from /home/sca.user/Desktop/arm_softcore/AT426-r0p1-00rel0-1/AT426-BU-98000-r0p1-00rel0/software/CW305_designstart_top.hdf.
12:42:38 INFO  : Copied contents of /home/sca.user/Desktop/arm_softcore/AT426-r0p1-00rel0-1/AT426-BU-98000-r0p1-00rel0/software/CW305_designstart_top.hdf into /CW305_designstart_top_hw_platform_0/system.hdf.
12:42:38 INFO  : Synchronizing projects in the workspace with the hardware platform specification changes.
12:42:39 INFO  : 
12:43:04 INFO  : Clearing existing target manager status.
11:43:38 INFO  : Registering command handlers for SDK TCF services
11:43:39 INFO  : Launching XSCT server: xsct -n -interactive /home/sca.user/chipwhisperer/jupyter/mattia_sca/CW305_DesignStart/software/sdk_workspace/temp_xsdb_launch_script.tcl
11:43:41 INFO  : XSCT server has started successfully.
11:43:41 INFO  : Successfully done setting XSCT server connection channel  
11:43:41 INFO  : Successfully done setting SDK workspace  
11:43:41 INFO  : Restoring global repository preferences: 
		 /home/sca.user/Desktop/test/AT426-r0p1-00rel0-1/AT426-BU-98000-r0p1-00rel0/vivado/Arm_sw_repository
11:43:41 INFO  : Processing command line option -hwspec /home/sca.user/chipwhisperer/jupyter/mattia_sca/CW305_DesignStart/software/CW305_designstart_top.hdf.
11:43:46 INFO  : SDK has detected change in the last modified timestamps for source hardware specification file Source:1701186969000,  Project:1701085166000
11:43:46 INFO  : Project CW305_designstart_top_hw_platform_0's source hardware specification located at /home/sca.user/Desktop/arm_softcore/AT426-r0p1-00rel0-1/AT426-BU-98000-r0p1-00rel0/software/CW305_designstart_top.hdf is now different from the local copy.
		 The local copy will be replaced with the source specification and your workspace will be updated.
11:44:22 INFO  : Project CW305_designstart_top_hw_platform_0's source hardware specification location will not be monitored anymore.
