Copyright 1986-2019 Xilinx, Inc. All Rights Reserved.
---------------------------------------------------------------------------------------------------
| Tool Version : Vivado v.2019.1 (lin64) Build 2552052 Fri May 24 14:47:09 MDT 2019
| Date         : Tue Dec  5 13:22:53 2023
| Host         : luigi-desk running 64-bit Ubuntu 23.04
| Command      : report_clock_utilization -file CW305_designstart_top_clock_utilization_routed.rpt
| Design       : CW305_designstart_top
| Device       : 7a100t-ftg256
| Speed File   : -2  PRODUCTION 1.23 2018-06-13
| Design State : Routed
---------------------------------------------------------------------------------------------------

Clock Utilization Report

Table of Contents
-----------------
1. Clock Primitive Utilization
2. Global Clock Resources
3. Global Clock Source Details
4. Clock Regions: Key Resource Utilization
5. Clock Regions : Global Clock Summary
6. Device Cell Placement Summary for Global Clock g0
7. Device Cell Placement Summary for Global Clock g1
8. Device Cell Placement Summary for Global Clock g2
9. Device Cell Placement Summary for Global Clock g3
10. Device Cell Placement Summary for Global Clock g4
11. Clock Region Cell Placement per Global Clock: Region X0Y0
12. Clock Region Cell Placement per Global Clock: Region X1Y0
13. Clock Region Cell Placement per Global Clock: Region X0Y1
14. Clock Region Cell Placement per Global Clock: Region X1Y1
15. Clock Region Cell Placement per Global Clock: Region X0Y2
16. Clock Region Cell Placement per Global Clock: Region X1Y2

1. Clock Primitive Utilization
------------------------------

+----------+------+-----------+-----+--------------+--------+
| Type     | Used | Available | LOC | Clock Region | Pblock |
+----------+------+-----------+-----+--------------+--------+
| BUFGCTRL |    4 |        32 |   0 |            0 |      0 |
| BUFH     |    1 |        96 |   0 |            0 |      0 |
| BUFIO    |    0 |        24 |   0 |            0 |      0 |
| BUFMR    |    0 |        12 |   0 |            0 |      0 |
| BUFR     |    0 |        24 |   0 |            0 |      0 |
| MMCM     |    1 |         6 |   0 |            0 |      0 |
| PLL      |    0 |         6 |   0 |            0 |      0 |
+----------+------+-----------+-----+--------------+--------+


2. Global Clock Resources
-------------------------

+-----------+-----------+-----------------+------------+---------------+--------------+-------------------+-------------+-----------------+--------------+-------------------------------------+--------------------------------------------------------------------+----------------------------------------------------------------------------------------------+
| Global Id | Source Id | Driver Type/Pin | Constraint | Site          | Clock Region | Load Clock Region | Clock Loads | Non-Clock Loads | Clock Period | Clock                               | Driver Pin                                                         | Net                                                                                          |
+-----------+-----------+-----------------+------------+---------------+--------------+-------------------+-------------+-----------------+--------------+-------------------------------------+--------------------------------------------------------------------+----------------------------------------------------------------------------------------------+
| g0        | src0      | BUFGCTRL/O      | None       | BUFGCTRL_X0Y0 | n/a          |                 6 |        4972 |               1 |       20.000 | cpu_clk                             | m3_for_arty_a7_i/Clocks_and_Resets/clk_wiz_0/inst/clkout1_buf/O    | m3_for_arty_a7_i/Clocks_and_Resets/clk_wiz_0/inst/clk_out1                                   |
| g1        | src0      | BUFH/O          | None       | BUFHCE_X0Y0   | X0Y0         |                 1 |           8 |               0 |       20.000 | cpu_clk                             | m3_for_arty_a7_i/Clocks_and_Resets/clk_wiz_0/inst/clkout1_buf_en/O | m3_for_arty_a7_i/Clocks_and_Resets/clk_wiz_0/inst/clk_out1_m3_for_arty_a7_clk_wiz_0_0_en_clk |
| g2        | src1      | BUFG/O          | None       | BUFGCTRL_X0Y1 | n/a          |                 2 |         388 |               0 |       20.000 | swclk                               | swclk_IBUF_BUFG_inst/O                                             | swclk_IBUF_BUFG                                                                              |
| g3        | src0      | BUFG/O          | None       | BUFGCTRL_X0Y3 | n/a          |                 1 |           1 |               0 |       10.000 | clkfbout_m3_for_arty_a7_clk_wiz_0_0 | m3_for_arty_a7_i/Clocks_and_Resets/clk_wiz_0/inst/clkf_buf/O       | m3_for_arty_a7_i/Clocks_and_Resets/clk_wiz_0/inst/clkfbout_buf_m3_for_arty_a7_clk_wiz_0_0    |
| g4        | src2      | BUFGCTRL/O      | None       | BUFGCTRL_X0Y2 | n/a          |                 1 |           1 |               0 |       20.000 | Multiple                            | CCLK_MUX/O                                                         | sys_clock                                                                                    |
+-----------+-----------+-----------------+------------+---------------+--------------+-------------------+-------------+-----------------+--------------+-------------------------------------+--------------------------------------------------------------------+----------------------------------------------------------------------------------------------+
* Clock Loads column represents the clock pin loads (pin count)
** Non-Clock Loads column represents the non-clock pin loads (pin count)


3. Global Clock Source Details
------------------------------

+-----------+-----------+---------------------+------------+-----------------+--------------+-------------+-----------------+---------------------+-------------------------------------+--------------------------------------------------------------------------+---------------------------------------------------------------------------------------+
| Source Id | Global Id | Driver Type/Pin     | Constraint | Site            | Clock Region | Clock Loads | Non-Clock Loads | Source Clock Period | Source Clock                        | Driver Pin                                                               | Net                                                                                   |
+-----------+-----------+---------------------+------------+-----------------+--------------+-------------+-----------------+---------------------+-------------------------------------+--------------------------------------------------------------------------+---------------------------------------------------------------------------------------+
| src0      | g0, g1    | MMCME2_ADV/CLKOUT0  | None       | MMCME2_ADV_X0Y0 | X0Y0         |           2 |               0 |              20.000 | cpu_clk                             | m3_for_arty_a7_i/Clocks_and_Resets/clk_wiz_0/inst/mmcm_adv_inst/CLKOUT0  | m3_for_arty_a7_i/Clocks_and_Resets/clk_wiz_0/inst/clk_out1_m3_for_arty_a7_clk_wiz_0_0 |
| src0      | g3        | MMCME2_ADV/CLKFBOUT | None       | MMCME2_ADV_X0Y0 | X0Y0         |           1 |               0 |              10.000 | clkfbout_m3_for_arty_a7_clk_wiz_0_0 | m3_for_arty_a7_i/Clocks_and_Resets/clk_wiz_0/inst/mmcm_adv_inst/CLKFBOUT | m3_for_arty_a7_i/Clocks_and_Resets/clk_wiz_0/inst/clkfbout_m3_for_arty_a7_clk_wiz_0_0 |
| src1      | g2        | IBUF/O              | IOB_X0Y132 | IOB_X0Y132      | X0Y2         |           1 |               0 |              20.000 | swclk                               | swclk_IBUF_inst/O                                                        | swclk_IBUF                                                                            |
| src2      | g4        | IBUF/O              | IOB_X0Y78  | IOB_X0Y78       | X0Y1         |           1 |               0 |              20.000 | pll_clk1                            | pll_clk1_IBUF_inst/O                                                     | pll_clk1_IBUF                                                                         |
+-----------+-----------+---------------------+------------+-----------------+--------------+-------------+-----------------+---------------------+-------------------------------------+--------------------------------------------------------------------------+---------------------------------------------------------------------------------------+
* Clock Loads column represents the clock pin loads (pin count)
** Non-Clock Loads column represents the non-clock pin loads (pin count)


4. Clock Regions: Key Resource Utilization
------------------------------------------

+-------------------+--------------+--------------+--------------+--------------+--------------+--------------+--------------+--------------+--------------+--------------+--------------+--------------+--------------+--------------+--------------+
|                   | Global Clock |     BUFRs    |    BUFMRs    |    BUFIOs    |     MMCM     |      PLL     |      GT      |      PCI     |    ILOGIC    |    OLOGIC    |      FF      |     LUTM     |    RAMB18    |    RAMB36    |    DSP48E2   |
+-------------------+------+-------+------+-------+------+-------+------+-------+------+-------+------+-------+------+-------+------+-------+------+-------+------+-------+------+-------+------+-------+------+-------+------+-------+------+-------+
| Clock Region Name | Used | Avail | Used | Avail | Used | Avail | Used | Avail | Used | Avail | Used | Avail | Used | Avail | Used | Avail | Used | Avail | Used | Avail | Used | Avail | Used | Avail | Used | Avail | Used | Avail | Used | Avail |
+-------------------+------+-------+------+-------+------+-------+------+-------+------+-------+------+-------+------+-------+------+-------+------+-------+------+-------+------+-------+------+-------+------+-------+------+-------+------+-------+
| X0Y0              |    4 |    12 |    0 |     4 |    0 |     2 |    0 |     4 |    1 |     1 |    0 |     1 |    0 |     0 |    0 |     0 |    0 |    50 |    0 |    50 |   18 |  2600 |    0 |   600 |    0 |    20 |    2 |    10 |    0 |    20 |
| X1Y0              |    1 |    12 |    0 |     0 |    0 |     0 |    0 |     0 |    0 |     0 |    0 |     0 |    0 |     4 |    0 |     0 |    0 |     0 |    0 |     0 |    4 |  1500 |    0 |   550 |    0 |    40 |    2 |    20 |    0 |    40 |
| X0Y1              |    2 |    12 |    0 |     4 |    0 |     2 |    0 |     4 |    0 |     1 |    0 |     1 |    0 |     0 |    0 |     0 |    0 |    50 |    0 |    50 | 1961 |  2000 |  466 |   600 |    0 |    20 |    3 |    10 |    0 |    20 |
| X1Y1              |    1 |    12 |    0 |     4 |    0 |     2 |    0 |     4 |    0 |     1 |    0 |     1 |    0 |     0 |    0 |     0 |    0 |    50 |    0 |    50 | 1500 |  1900 |  603 |   650 |    0 |    60 |   11 |    30 |    0 |    40 |
| X0Y2              |    2 |    12 |    0 |     4 |    0 |     2 |    0 |     4 |    0 |     1 |    0 |     1 |    0 |     0 |    0 |     0 |    0 |    50 |    0 |    50 | 1555 |  2000 |  529 |   600 |    0 |    20 |    0 |    10 |    0 |    20 |
| X1Y2              |    1 |    12 |    0 |     4 |    0 |     2 |    0 |     4 |    0 |     1 |    0 |     1 |    0 |     0 |    0 |     0 |    0 |    50 |    0 |    50 |  241 |  1900 |   75 |   650 |    0 |    60 |    0 |    30 |    0 |    40 |
| X0Y3              |    0 |    12 |    0 |     4 |    0 |     2 |    0 |     4 |    0 |     1 |    0 |     1 |    0 |     0 |    0 |     0 |    0 |    50 |    0 |    50 |    0 |  2600 |    0 |   600 |    0 |    20 |    0 |    10 |    0 |    20 |
| X1Y3              |    0 |    12 |    0 |     0 |    0 |     0 |    0 |     0 |    0 |     0 |    0 |     0 |    0 |     4 |    0 |     1 |    0 |     0 |    0 |     0 |    0 |  1350 |    0 |   500 |    0 |    30 |    0 |    15 |    0 |    40 |
+-------------------+------+-------+------+-------+------+-------+------+-------+------+-------+------+-------+------+-------+------+-------+------+-------+------+-------+------+-------+------+-------+------+-------+------+-------+------+-------+
* Global Clock column represents track count; while other columns represents cell counts


5. Clock Regions : Global Clock Summary
---------------------------------------

All Modules
+----+----+----+
|    | X0 | X1 |
+----+----+----+
| Y3 |  0 |  0 |
| Y2 |  2 |  1 |
| Y1 |  2 |  1 |
| Y0 |  4 |  1 |
+----+----+----+


6. Device Cell Placement Summary for Global Clock g0
----------------------------------------------------

+-----------+-----------------+-------------------+---------+-------------+----------------+-------------+----------+----------------+----------+------------------------------------------------------------+
| Global Id | Driver Type/Pin | Driver Region (D) | Clock   | Period (ns) | Waveform (ns)  | Slice Loads | IO Loads | Clocking Loads | GT Loads | Net                                                        |
+-----------+-----------------+-------------------+---------+-------------+----------------+-------------+----------+----------------+----------+------------------------------------------------------------+
| g0        | BUFGCTRL/O      | n/a               | cpu_clk |      20.000 | {0.000 10.000} |        4954 |        1 |              0 |        0 | m3_for_arty_a7_i/Clocks_and_Resets/clk_wiz_0/inst/clk_out1 |
+-----------+-----------------+-------------------+---------+-------------+----------------+-------------+----------+----------------+----------+------------------------------------------------------------+
* Slice Loads column represents load cell count of all cell types other than IO, GT and clock resources
** IO Loads column represents load cell count of IO types
*** Clocking Loads column represents load cell count that are clock resources (global clock buffer, MMCM, PLL, etc)
**** GT Loads column represents load cell count of GT types


+----+-------+-------+
|    | X0    | X1    |
+----+-------+-------+
| Y3 |     0 |     0 |
| Y2 |  1496 |   241 |
| Y1 |  1648 |  1552 |
| Y0 |    12 |     6 |
+----+-------+-------+


7. Device Cell Placement Summary for Global Clock g1
----------------------------------------------------

+-----------+-----------------+-------------------+---------+-------------+----------------+-------------+----------+----------------+----------+----------------------------------------------------------------------------------------------+
| Global Id | Driver Type/Pin | Driver Region (D) | Clock   | Period (ns) | Waveform (ns)  | Slice Loads | IO Loads | Clocking Loads | GT Loads | Net                                                                                          |
+-----------+-----------------+-------------------+---------+-------------+----------------+-------------+----------+----------------+----------+----------------------------------------------------------------------------------------------+
| g1        | BUFH/O          | X0Y0              | cpu_clk |      20.000 | {0.000 10.000} |           8 |        0 |              0 |        0 | m3_for_arty_a7_i/Clocks_and_Resets/clk_wiz_0/inst/clk_out1_m3_for_arty_a7_clk_wiz_0_0_en_clk |
+-----------+-----------------+-------------------+---------+-------------+----------------+-------------+----------+----------------+----------+----------------------------------------------------------------------------------------------+
* Slice Loads column represents load cell count of all cell types other than IO, GT and clock resources
** IO Loads column represents load cell count of IO types
*** Clocking Loads column represents load cell count that are clock resources (global clock buffer, MMCM, PLL, etc)
**** GT Loads column represents load cell count of GT types


+----+--------+----+
|    | X0     | X1 |
+----+--------+----+
| Y3 |      0 |  0 |
| Y2 |      0 |  0 |
| Y1 |      0 |  0 |
| Y0 |  (D) 8 |  0 |
+----+--------+----+


8. Device Cell Placement Summary for Global Clock g2
----------------------------------------------------

+-----------+-----------------+-------------------+-------+-------------+----------------+-------------+----------+----------------+----------+-----------------+
| Global Id | Driver Type/Pin | Driver Region (D) | Clock | Period (ns) | Waveform (ns)  | Slice Loads | IO Loads | Clocking Loads | GT Loads | Net             |
+-----------+-----------------+-------------------+-------+-------------+----------------+-------------+----------+----------------+----------+-----------------+
| g2        | BUFG/O          | n/a               | swclk |      20.000 | {0.000 10.000} |         388 |        0 |              0 |        0 | swclk_IBUF_BUFG |
+-----------+-----------------+-------------------+-------+-------------+----------------+-------------+----------+----------------+----------+-----------------+
* Slice Loads column represents load cell count of all cell types other than IO, GT and clock resources
** IO Loads column represents load cell count of IO types
*** Clocking Loads column represents load cell count that are clock resources (global clock buffer, MMCM, PLL, etc)
**** GT Loads column represents load cell count of GT types


+----+------+----+
|    | X0   | X1 |
+----+------+----+
| Y3 |    0 |  0 |
| Y2 |   59 |  0 |
| Y1 |  329 |  0 |
| Y0 |    0 |  0 |
+----+------+----+


9. Device Cell Placement Summary for Global Clock g3
----------------------------------------------------

+-----------+-----------------+-------------------+-------------------------------------+-------------+---------------+-------------+----------+----------------+----------+-------------------------------------------------------------------------------------------+
| Global Id | Driver Type/Pin | Driver Region (D) | Clock                               | Period (ns) | Waveform (ns) | Slice Loads | IO Loads | Clocking Loads | GT Loads | Net                                                                                       |
+-----------+-----------------+-------------------+-------------------------------------+-------------+---------------+-------------+----------+----------------+----------+-------------------------------------------------------------------------------------------+
| g3        | BUFG/O          | n/a               | clkfbout_m3_for_arty_a7_clk_wiz_0_0 |      10.000 | {0.000 5.000} |           0 |        0 |              1 |        0 | m3_for_arty_a7_i/Clocks_and_Resets/clk_wiz_0/inst/clkfbout_buf_m3_for_arty_a7_clk_wiz_0_0 |
+-----------+-----------------+-------------------+-------------------------------------+-------------+---------------+-------------+----------+----------------+----------+-------------------------------------------------------------------------------------------+
* Slice Loads column represents load cell count of all cell types other than IO, GT and clock resources
** IO Loads column represents load cell count of IO types
*** Clocking Loads column represents load cell count that are clock resources (global clock buffer, MMCM, PLL, etc)
**** GT Loads column represents load cell count of GT types


+----+----+----+
|    | X0 | X1 |
+----+----+----+
| Y3 |  0 |  0 |
| Y2 |  0 |  0 |
| Y1 |  0 |  0 |
| Y0 |  1 |  0 |
+----+----+----+


10. Device Cell Placement Summary for Global Clock g4
-----------------------------------------------------

+-----------+-----------------+-------------------+----------+-------------+----------------+-------------+----------+----------------+----------+-----------+
| Global Id | Driver Type/Pin | Driver Region (D) | Clock    | Period (ns) | Waveform (ns)  | Slice Loads | IO Loads | Clocking Loads | GT Loads | Net       |
+-----------+-----------------+-------------------+----------+-------------+----------------+-------------+----------+----------------+----------+-----------+
| g4        | BUFGCTRL/O      | n/a               | Multiple |      20.000 | {0.000 10.000} |           0 |        0 |              1 |        0 | sys_clock |
+-----------+-----------------+-------------------+----------+-------------+----------------+-------------+----------+----------------+----------+-----------+
* Slice Loads column represents load cell count of all cell types other than IO, GT and clock resources
** IO Loads column represents load cell count of IO types
*** Clocking Loads column represents load cell count that are clock resources (global clock buffer, MMCM, PLL, etc)
**** GT Loads column represents load cell count of GT types


+----+----+----+
|    | X0 | X1 |
+----+----+----+
| Y3 |  0 |  0 |
| Y2 |  0 |  0 |
| Y1 |  0 |  0 |
| Y0 |  1 |  0 |
+----+----+----+


11. Clock Region Cell Placement per Global Clock: Region X0Y0
-------------------------------------------------------------

+-----------+-------+-----------------+------------+-------------+-----------------+----+--------+------+-----+----+------+-----+---------+----------------------------------------------------------------------------------------------+
| Global Id | Track | Driver Type/Pin | Constraint | Clock Loads | Non-Clock Loads | FF | LUTRAM | RAMB | DSP | GT | MMCM | PLL | Hard IP | Net                                                                                          |
+-----------+-------+-----------------+------------+-------------+-----------------+----+--------+------+-----+----+------+-----+---------+----------------------------------------------------------------------------------------------+
| g0        | n/a   | BUFGCTRL/O      | None       |          12 |               0 | 10 |      0 |    2 |   0 |  0 |    0 |   0 |       0 | m3_for_arty_a7_i/Clocks_and_Resets/clk_wiz_0/inst/clk_out1                                   |
| g1        | n/a   | BUFH/O          | None       |           8 |               0 |  8 |      0 |    0 |   0 |  0 |    0 |   0 |       0 | m3_for_arty_a7_i/Clocks_and_Resets/clk_wiz_0/inst/clk_out1_m3_for_arty_a7_clk_wiz_0_0_en_clk |
| g3        | n/a   | BUFG/O          | None       |           1 |               0 |  0 |      0 |    0 |   0 |  0 |    1 |   0 |       0 | m3_for_arty_a7_i/Clocks_and_Resets/clk_wiz_0/inst/clkfbout_buf_m3_for_arty_a7_clk_wiz_0_0    |
| g4        | n/a   | BUFGCTRL/O      | None       |           1 |               0 |  0 |      0 |    0 |   0 |  0 |    1 |   0 |       0 | sys_clock                                                                                    |
+-----------+-------+-----------------+------------+-------------+-----------------+----+--------+------+-----+----+------+-----+---------+----------------------------------------------------------------------------------------------+
* Clock Loads column represents the clock pin loads (pin count)
** Non-Clock Loads column represents the non-clock pin loads (pin count)
*** Columns FF, LUTRAM, RAMB through 'Hard IP' represents load cell counts


12. Clock Region Cell Placement per Global Clock: Region X1Y0
-------------------------------------------------------------

+-----------+-------+-----------------+------------+-------------+-----------------+----+--------+------+-----+----+------+-----+---------+------------------------------------------------------------+
| Global Id | Track | Driver Type/Pin | Constraint | Clock Loads | Non-Clock Loads | FF | LUTRAM | RAMB | DSP | GT | MMCM | PLL | Hard IP | Net                                                        |
+-----------+-------+-----------------+------------+-------------+-----------------+----+--------+------+-----+----+------+-----+---------+------------------------------------------------------------+
| g0        | n/a   | BUFGCTRL/O      | None       |           6 |               0 |  4 |      0 |    2 |   0 |  0 |    0 |   0 |       0 | m3_for_arty_a7_i/Clocks_and_Resets/clk_wiz_0/inst/clk_out1 |
+-----------+-------+-----------------+------------+-------------+-----------------+----+--------+------+-----+----+------+-----+---------+------------------------------------------------------------+
* Clock Loads column represents the clock pin loads (pin count)
** Non-Clock Loads column represents the non-clock pin loads (pin count)
*** Columns FF, LUTRAM, RAMB through 'Hard IP' represents load cell counts


13. Clock Region Cell Placement per Global Clock: Region X0Y1
-------------------------------------------------------------

+-----------+-------+-----------------+------------+-------------+-----------------+------+--------+------+-----+----+------+-----+---------+------------------------------------------------------------+
| Global Id | Track | Driver Type/Pin | Constraint | Clock Loads | Non-Clock Loads | FF   | LUTRAM | RAMB | DSP | GT | MMCM | PLL | Hard IP | Net                                                        |
+-----------+-------+-----------------+------------+-------------+-----------------+------+--------+------+-----+----+------+-----+---------+------------------------------------------------------------+
| g0        | n/a   | BUFGCTRL/O      | None       |        1647 |               1 | 1632 |     12 |    3 |   0 |  0 |    0 |   0 |       0 | m3_for_arty_a7_i/Clocks_and_Resets/clk_wiz_0/inst/clk_out1 |
| g2        | n/a   | BUFG/O          | None       |         329 |               0 |  329 |      0 |    0 |   0 |  0 |    0 |   0 |       0 | swclk_IBUF_BUFG                                            |
+-----------+-------+-----------------+------------+-------------+-----------------+------+--------+------+-----+----+------+-----+---------+------------------------------------------------------------+
* Clock Loads column represents the clock pin loads (pin count)
** Non-Clock Loads column represents the non-clock pin loads (pin count)
*** Columns FF, LUTRAM, RAMB through 'Hard IP' represents load cell counts


14. Clock Region Cell Placement per Global Clock: Region X1Y1
-------------------------------------------------------------

+-----------+-------+-----------------+------------+-------------+-----------------+------+--------+------+-----+----+------+-----+---------+------------------------------------------------------------+
| Global Id | Track | Driver Type/Pin | Constraint | Clock Loads | Non-Clock Loads | FF   | LUTRAM | RAMB | DSP | GT | MMCM | PLL | Hard IP | Net                                                        |
+-----------+-------+-----------------+------------+-------------+-----------------+------+--------+------+-----+----+------+-----+---------+------------------------------------------------------------+
| g0        | n/a   | BUFGCTRL/O      | None       |        1552 |               0 | 1500 |     41 |   11 |   0 |  0 |    0 |   0 |       0 | m3_for_arty_a7_i/Clocks_and_Resets/clk_wiz_0/inst/clk_out1 |
+-----------+-------+-----------------+------------+-------------+-----------------+------+--------+------+-----+----+------+-----+---------+------------------------------------------------------------+
* Clock Loads column represents the clock pin loads (pin count)
** Non-Clock Loads column represents the non-clock pin loads (pin count)
*** Columns FF, LUTRAM, RAMB through 'Hard IP' represents load cell counts


15. Clock Region Cell Placement per Global Clock: Region X0Y2
-------------------------------------------------------------

+-----------+-------+-----------------+------------+-------------+-----------------+------+--------+------+-----+----+------+-----+---------+------------------------------------------------------------+
| Global Id | Track | Driver Type/Pin | Constraint | Clock Loads | Non-Clock Loads | FF   | LUTRAM | RAMB | DSP | GT | MMCM | PLL | Hard IP | Net                                                        |
+-----------+-------+-----------------+------------+-------------+-----------------+------+--------+------+-----+----+------+-----+---------+------------------------------------------------------------+
| g0        | n/a   | BUFGCTRL/O      | None       |        1496 |               0 | 1496 |      0 |    0 |   0 |  0 |    0 |   0 |       0 | m3_for_arty_a7_i/Clocks_and_Resets/clk_wiz_0/inst/clk_out1 |
| g2        | n/a   | BUFG/O          | None       |          59 |               0 |   59 |      0 |    0 |   0 |  0 |    0 |   0 |       0 | swclk_IBUF_BUFG                                            |
+-----------+-------+-----------------+------------+-------------+-----------------+------+--------+------+-----+----+------+-----+---------+------------------------------------------------------------+
* Clock Loads column represents the clock pin loads (pin count)
** Non-Clock Loads column represents the non-clock pin loads (pin count)
*** Columns FF, LUTRAM, RAMB through 'Hard IP' represents load cell counts


16. Clock Region Cell Placement per Global Clock: Region X1Y2
-------------------------------------------------------------

+-----------+-------+-----------------+------------+-------------+-----------------+-----+--------+------+-----+----+------+-----+---------+------------------------------------------------------------+
| Global Id | Track | Driver Type/Pin | Constraint | Clock Loads | Non-Clock Loads | FF  | LUTRAM | RAMB | DSP | GT | MMCM | PLL | Hard IP | Net                                                        |
+-----------+-------+-----------------+------------+-------------+-----------------+-----+--------+------+-----+----+------+-----+---------+------------------------------------------------------------+
| g0        | n/a   | BUFGCTRL/O      | None       |         241 |               0 | 241 |      0 |    0 |   0 |  0 |    0 |   0 |       0 | m3_for_arty_a7_i/Clocks_and_Resets/clk_wiz_0/inst/clk_out1 |
+-----------+-------+-----------------+------------+-------------+-----------------+-----+--------+------+-----+----+------+-----+---------+------------------------------------------------------------+
* Clock Loads column represents the clock pin loads (pin count)
** Non-Clock Loads column represents the non-clock pin loads (pin count)
*** Columns FF, LUTRAM, RAMB through 'Hard IP' represents load cell counts



# Location of BUFG Primitives 
set_property LOC BUFGCTRL_X0Y2 [get_cells CCLK_MUX]
set_property LOC BUFGCTRL_X0Y1 [get_cells swclk_IBUF_BUFG_inst]
set_property LOC BUFGCTRL_X0Y3 [get_cells m3_for_arty_a7_i/Clocks_and_Resets/clk_wiz_0/inst/clkf_buf]
set_property LOC BUFGCTRL_X0Y0 [get_cells m3_for_arty_a7_i/Clocks_and_Resets/clk_wiz_0/inst/clkout1_buf]

# Location of BUFH Primitives 
set_property LOC BUFHCE_X0Y0 [get_cells m3_for_arty_a7_i/Clocks_and_Resets/clk_wiz_0/inst/clkout1_buf_en]

# Location of IO Primitives which is load of clock spine
set_property LOC IOB_X0Y86 [get_cells ext_clock_OBUF_inst]

# Location of clock ports
set_property LOC IOB_X0Y78 [get_ports pll_clk1]
set_property LOC IOB_X0Y132 [get_ports swclk]
set_property LOC IOB_X0Y76 [get_ports tio_clkin]

# Clock net "swclk_IBUF_BUFG" driven by instance "swclk_IBUF_BUFG_inst" located at site "BUFGCTRL_X0Y1"
#startgroup
create_pblock {CLKAG_swclk_IBUF_BUFG}
add_cells_to_pblock [get_pblocks  {CLKAG_swclk_IBUF_BUFG}] [get_cells -filter { PRIMITIVE_GROUP != I/O && IS_PRIMITIVE==1 && PRIMITIVE_LEVEL !=INTERNAL } -of_object [get_pins -filter {DIRECTION==IN} -of_objects [get_nets -hierarchical -filter {PARENT=="swclk_IBUF_BUFG"}]]]
resize_pblock [get_pblocks {CLKAG_swclk_IBUF_BUFG}] -add {CLOCKREGION_X0Y1:CLOCKREGION_X0Y1 CLOCKREGION_X0Y2:CLOCKREGION_X0Y2}
#endgroup

# Clock net "m3_for_arty_a7_i/Clocks_and_Resets/clk_wiz_0/inst/clk_out1_m3_for_arty_a7_clk_wiz_0_0_en_clk" driven by instance "m3_for_arty_a7_i/Clocks_and_Resets/clk_wiz_0/inst/clkout1_buf_en" located at site "BUFHCE_X0Y0"
#startgroup
create_pblock {CLKAG_m3_for_arty_a7_i/Clocks_and_Resets/clk_wiz_0/inst/clk_out1_m3_for_arty_a7_clk_wiz_0_0_en_clk}
add_cells_to_pblock [get_pblocks  {CLKAG_m3_for_arty_a7_i/Clocks_and_Resets/clk_wiz_0/inst/clk_out1_m3_for_arty_a7_clk_wiz_0_0_en_clk}] [get_cells -filter { PRIMITIVE_GROUP != I/O && IS_PRIMITIVE==1 && PRIMITIVE_LEVEL !=INTERNAL } -of_object [get_pins -filter {DIRECTION==IN} -of_objects [get_nets -hierarchical -filter {PARENT=="m3_for_arty_a7_i/Clocks_and_Resets/clk_wiz_0/inst/clk_out1_m3_for_arty_a7_clk_wiz_0_0_en_clk"}]]]
resize_pblock [get_pblocks {CLKAG_m3_for_arty_a7_i/Clocks_and_Resets/clk_wiz_0/inst/clk_out1_m3_for_arty_a7_clk_wiz_0_0_en_clk}] -add {CLOCKREGION_X0Y0:CLOCKREGION_X0Y0}
#endgroup

# Clock net "m3_for_arty_a7_i/Clocks_and_Resets/clk_wiz_0/inst/clk_out1" driven by instance "m3_for_arty_a7_i/Clocks_and_Resets/clk_wiz_0/inst/clkout1_buf" located at site "BUFGCTRL_X0Y0"
#startgroup
create_pblock {CLKAG_m3_for_arty_a7_i/Clocks_and_Resets/clk_wiz_0/inst/clk_out1}
add_cells_to_pblock [get_pblocks  {CLKAG_m3_for_arty_a7_i/Clocks_and_Resets/clk_wiz_0/inst/clk_out1}] [get_cells -filter { PRIMITIVE_GROUP != I/O && IS_PRIMITIVE==1 && PRIMITIVE_LEVEL !=INTERNAL && NAME!=ext_clock_OBUF_inst} -of_object [get_pins -filter {DIRECTION==IN} -of_objects [get_nets -hierarchical -filter {PARENT=="m3_for_arty_a7_i/Clocks_and_Resets/clk_wiz_0/inst/clk_out1"}]]]
resize_pblock [get_pblocks {CLKAG_m3_for_arty_a7_i/Clocks_and_Resets/clk_wiz_0/inst/clk_out1}] -add {CLOCKREGION_X0Y0:CLOCKREGION_X0Y0 CLOCKREGION_X0Y1:CLOCKREGION_X0Y1 CLOCKREGION_X0Y2:CLOCKREGION_X0Y2 CLOCKREGION_X1Y0:CLOCKREGION_X1Y0 CLOCKREGION_X1Y1:CLOCKREGION_X1Y1 CLOCKREGION_X1Y2:CLOCKREGION_X1Y2}
#endgroup
