#-----------------------------------------------------------
# Vivado v2019.1 (64-bit)
# SW Build 2552052 on Fri May 24 14:47:09 MDT 2019
# IP Build 2548770 on Fri May 24 18:01:18 MDT 2019
# Start of session at: Thu Nov 30 16:58:09 2023
# Process ID: 2788364
# Current directory: /home/sca.user/chipwhisperer/jupyter/mattia_sca/CW305_DesignStart/vivado/CW305_DesignStart
# Command line: vivado
# Log file: /home/sca.user/chipwhisperer/jupyter/mattia_sca/CW305_DesignStart/vivado/CW305_DesignStart/vivado.log
# Journal file: /home/sca.user/chipwhisperer/jupyter/mattia_sca/CW305_DesignStart/vivado/CW305_DesignStart/vivado.jou
#-----------------------------------------------------------
start_gui
open_project /home/sca.user/chipwhisperer/jupyter/mattia_sca/CW305_DesignStart/vivado/CW305_DesignStart/CW305_DesignStart.xpr
CRITICAL WARNING: [Project 1-19] Could not find the file '/home/sca.user/chipwhisperer/jupyter/mattia_sca/hardware/m3_for_arty_a7/testbench/Micron_N25Q128A13E/code/N25Qxxx.v'.
CRITICAL WARNING: [Project 1-19] Could not find the file '/home/sca.user/chipwhisperer/jupyter/mattia_sca/hardware/m3_for_arty_a7/testbench/S25fl128s/model/s25fl128s.v'.
CRITICAL WARNING: [Project 1-19] Could not find the file '/home/sca.user/chipwhisperer/jupyter/mattia_sca/hardware/m3_for_arty_a7/testbench/sfdp.vmf'.
Scanning sources...
Finished scanning sources
INFO: [IP_Flow 19-234] Refreshing IP repositories
INFO: [IP_Flow 19-1700] Loaded user IP repository '/home/sca.user/chipwhisperer/jupyter/mattia_sca/CW305_DesignStart/vivado/Arm_ipi_repository'.
INFO: [IP_Flow 19-2313] Loaded Vivado IP repository '/tools/Xilinx_2019.1/Vivado/2019.1/data/ip'.
update_compile_order -fileset sources_1
close_project
open_project /home/sca.user/Desktop/arm_softcore/AT426-r0p1-00rel0-1/AT426-BU-98000-r0p1-00rel0/hardware/m3_for_arty_a7/m3_for_arty_a7/m3_for_arty_a7.xpr
CRITICAL WARNING: [Project 1-19] Could not find the file '/home/sca.user/Desktop/arm_softcore/AT426-r0p1-00rel0-1/AT426-BU-98000-r0p1-00rel0/hardware/m3_for_arty_a7/testbench/Micron_N25Q128A13E/code/N25Qxxx.v'.
CRITICAL WARNING: [Project 1-19] Could not find the file '/home/sca.user/Desktop/arm_softcore/AT426-r0p1-00rel0-1/AT426-BU-98000-r0p1-00rel0/hardware/m3_for_arty_a7/testbench/S25fl128s/model/s25fl128s.v'.
CRITICAL WARNING: [Project 1-19] Could not find the file '/home/sca.user/Desktop/arm_softcore/AT426-r0p1-00rel0-1/AT426-BU-98000-r0p1-00rel0/hardware/m3_for_arty_a7/testbench/sfdp.vmf'.
Scanning sources...
Finished scanning sources
WARNING: [filemgmt 56-3] IPUserFilesDir: Could not find the directory '/home/sca.user/Desktop/arm_softcore/AT426-r0p1-00rel0-1/AT426-BU-98000-r0p1-00rel0/hardware/m3_for_arty_a7/m3_for_arty_a7/m3_for_arty_a7.ip_user_files'.
INFO: [IP_Flow 19-234] Refreshing IP repositories
INFO: [IP_Flow 19-1700] Loaded user IP repository '/home/sca.user/Desktop/arm_softcore/AT426-r0p1-00rel0-1/AT426-BU-98000-r0p1-00rel0/vivado/Arm_ipi_repository'.
INFO: [IP_Flow 19-2313] Loaded Vivado IP repository '/tools/Xilinx_2019.1/Vivado/2019.1/data/ip'.
update_compile_order -fileset sources_1
open_bd_design {/home/sca.user/Desktop/arm_softcore/AT426-r0p1-00rel0-1/AT426-BU-98000-r0p1-00rel0/hardware/m3_for_arty_a7/block_diagram/m3_for_arty_a7.bd}
Adding component instance block -- xilinx.com:ip:proc_sys_reset:5.0 - proc_sys_reset_DAPLink
INFO: [BD 41-434] Could not find an IP with XCI file by name: m3_for_arty_a7_proc_sys_reset_DAPLink_0 
Adding component instance block -- xilinx.com:ip:proc_sys_reset:5.0 - proc_sys_reset_base
INFO: [BD 41-434] Could not find an IP with XCI file by name: m3_for_arty_a7_proc_sys_reset_base_0 
Adding component instance block -- xilinx.com:ip:util_vector_logic:2.0 - i_interconnect_aresetn
INFO: [BD 41-434] Could not find an IP with XCI file by name: m3_for_arty_a7_i_interconnect_aresetn_0 
Adding component instance block -- xilinx.com:ip:util_vector_logic:2.0 - i_peripheral_aresetn1
INFO: [BD 41-434] Could not find an IP with XCI file by name: m3_for_arty_a7_i_peripheral_aresetn1_0 
Adding component instance block -- xilinx.com:ip:util_vector_logic:2.0 - i_sysresetn_or
INFO: [BD 41-434] Could not find an IP with XCI file by name: m3_for_arty_a7_i_sysresetn_or_0 
Adding component instance block -- xilinx.com:ip:util_vector_logic:2.0 - i_inv_dbgresetn
INFO: [BD 41-434] Could not find an IP with XCI file by name: m3_for_arty_a7_i_inv_dbgresetn_0 
Adding component instance block -- xilinx.com:ip:util_vector_logic:2.0 - i_inv_sysresetn1
INFO: [BD 41-434] Could not find an IP with XCI file by name: m3_for_arty_a7_i_inv_sysresetn1_0 
Adding component instance block -- xilinx.com:ip:clk_wiz:6.0 - clk_wiz_0
INFO: [BD 41-434] Could not find an IP with XCI file by name: m3_for_arty_a7_clk_wiz_0_0 
Adding component instance block -- xilinx.com:ip:xlconstant:1.1 - xlconstant_1
INFO: [BD 41-434] Could not find an IP with XCI file by name: m3_for_arty_a7_xlconstant_1_0 
Adding component instance block -- xilinx.com:ip:axi_bram_ctrl:4.1 - axi_bram_ctrl_0
INFO: [BD 41-434] Could not find an IP with XCI file by name: m3_for_arty_a7_axi_bram_ctrl_0_0 
INFO: [xilinx.com:ip:axi_bram_ctrl:4.1-2] m3_for_arty_a7_axi_bram_ctrl_0_0: In IP Integrator, please note that memory depth value gets calculated based on the Data Width of the IP and Address range selected in the Address Editor.Incase a validation error occured on the range of this parameter, please check if the selected Data width and the Address Range are valid. For valid Data width and memory depth values, please refer to the AXI BRAM Controller Product Guide.
INFO: [xilinx.com:ip:axi_bram_ctrl:4.1-1] m3_for_arty_a7_axi_bram_ctrl_0_0: In IP Integrator, The Maximum address range supported is 2G. Selecting the address range more than 2G in the address editor may resets the value of Memory depth to default value (1024). please refer to the AXI BRAM Controller Product Guide.
INFO: [xilinx.com:ip:axi_bram_ctrl:4.1-2] m3_for_arty_a7_axi_bram_ctrl_0_0: In IP Integrator, please note that memory depth value gets calculated based on the Data Width of the IP and Address range selected in the Address Editor.Incase a validation error occured on the range of this parameter, please check if the selected Data width and the Address Range are valid. For valid Data width and memory depth values, please refer to the AXI BRAM Controller Product Guide.
INFO: [xilinx.com:ip:axi_bram_ctrl:4.1-1] m3_for_arty_a7_axi_bram_ctrl_0_0: In IP Integrator, The Maximum address range supported is 2G. Selecting the address range more than 2G in the address editor may resets the value of Memory depth to default value (1024). please refer to the AXI BRAM Controller Product Guide.
Adding component instance block -- xilinx.com:ip:axi_gpio:2.0 - axi_gpio_0
INFO: [BD 41-434] Could not find an IP with XCI file by name: m3_for_arty_a7_axi_gpio_0_0 
WARNING: [Board 49-26] cannot add Board Part digilentinc.com:genesys2:part0:1.1 available at /tools/Xilinx_2019.1/Vivado/2019.1/data/boards/board_files/genesys2/H/board.xml as part xc7k325tffg900-2 specified in board_part file is either invalid or not available
WARNING: [Board 49-26] cannot add Board Part digilentinc.com:sword:part0:1.0 available at /tools/Xilinx_2019.1/Vivado/2019.1/data/boards/board_files/sword/C.0/board.xml as part xc7k325tffg900-2 specified in board_part file is either invalid or not available
WARNING: [Board 49-26] cannot add Board Part digilentinc.com:genesys2:part0:1.1 available at /tools/Xilinx_2019.1/Vivado/2019.1/data/boards/board_files/genesys2/H/board.xml as part xc7k325tffg900-2 specified in board_part file is either invalid or not available
WARNING: [Board 49-26] cannot add Board Part digilentinc.com:sword:part0:1.0 available at /tools/Xilinx_2019.1/Vivado/2019.1/data/boards/board_files/sword/C.0/board.xml as part xc7k325tffg900-2 specified in board_part file is either invalid or not available
WARNING: [Board 49-26] cannot add Board Part digilentinc.com:genesys2:part0:1.1 available at /tools/Xilinx_2019.1/Vivado/2019.1/data/boards/board_files/genesys2/H/board.xml as part xc7k325tffg900-2 specified in board_part file is either invalid or not available
WARNING: [Board 49-26] cannot add Board Part digilentinc.com:sword:part0:1.0 available at /tools/Xilinx_2019.1/Vivado/2019.1/data/boards/board_files/sword/C.0/board.xml as part xc7k325tffg900-2 specified in board_part file is either invalid or not available
WARNING: [Board 49-26] cannot add Board Part digilentinc.com:genesys2:part0:1.1 available at /tools/Xilinx_2019.1/Vivado/2019.1/data/boards/board_files/genesys2/H/board.xml as part xc7k325tffg900-2 specified in board_part file is either invalid or not available
WARNING: [Board 49-26] cannot add Board Part digilentinc.com:sword:part0:1.0 available at /tools/Xilinx_2019.1/Vivado/2019.1/data/boards/board_files/sword/C.0/board.xml as part xc7k325tffg900-2 specified in board_part file is either invalid or not available
WARNING: [Board 49-26] cannot add Board Part digilentinc.com:genesys2:part0:1.1 available at /tools/Xilinx_2019.1/Vivado/2019.1/data/boards/board_files/genesys2/H/board.xml as part xc7k325tffg900-2 specified in board_part file is either invalid or not available
WARNING: [Board 49-26] cannot add Board Part digilentinc.com:sword:part0:1.0 available at /tools/Xilinx_2019.1/Vivado/2019.1/data/boards/board_files/sword/C.0/board.xml as part xc7k325tffg900-2 specified in board_part file is either invalid or not available
WARNING: [Board 49-26] cannot add Board Part digilentinc.com:genesys2:part0:1.1 available at /tools/Xilinx_2019.1/Vivado/2019.1/data/boards/board_files/genesys2/H/board.xml as part xc7k325tffg900-2 specified in board_part file is either invalid or not available
WARNING: [Board 49-26] cannot add Board Part digilentinc.com:sword:part0:1.0 available at /tools/Xilinx_2019.1/Vivado/2019.1/data/boards/board_files/sword/C.0/board.xml as part xc7k325tffg900-2 specified in board_part file is either invalid or not available
WARNING: [Board 49-26] cannot add Board Part digilentinc.com:genesys2:part0:1.1 available at /tools/Xilinx_2019.1/Vivado/2019.1/data/boards/board_files/genesys2/H/board.xml as part xc7k325tffg900-2 specified in board_part file is either invalid or not available
WARNING: [Board 49-26] cannot add Board Part digilentinc.com:sword:part0:1.0 available at /tools/Xilinx_2019.1/Vivado/2019.1/data/boards/board_files/sword/C.0/board.xml as part xc7k325tffg900-2 specified in board_part file is either invalid or not available
WARNING: [Board 49-26] cannot add Board Part digilentinc.com:genesys2:part0:1.1 available at /tools/Xilinx_2019.1/Vivado/2019.1/data/boards/board_files/genesys2/H/board.xml as part xc7k325tffg900-2 specified in board_part file is either invalid or not available
WARNING: [Board 49-26] cannot add Board Part digilentinc.com:sword:part0:1.0 available at /tools/Xilinx_2019.1/Vivado/2019.1/data/boards/board_files/sword/C.0/board.xml as part xc7k325tffg900-2 specified in board_part file is either invalid or not available
WARNING: [Board 49-26] cannot add Board Part digilentinc.com:genesys2:part0:1.1 available at /tools/Xilinx_2019.1/Vivado/2019.1/data/boards/board_files/genesys2/H/board.xml as part xc7k325tffg900-2 specified in board_part file is either invalid or not available
WARNING: [Board 49-26] cannot add Board Part digilentinc.com:sword:part0:1.0 available at /tools/Xilinx_2019.1/Vivado/2019.1/data/boards/board_files/sword/C.0/board.xml as part xc7k325tffg900-2 specified in board_part file is either invalid or not available
WARNING: [Board 49-26] cannot add Board Part digilentinc.com:genesys2:part0:1.1 available at /tools/Xilinx_2019.1/Vivado/2019.1/data/boards/board_files/genesys2/H/board.xml as part xc7k325tffg900-2 specified in board_part file is either invalid or not available
WARNING: [Board 49-26] cannot add Board Part digilentinc.com:sword:part0:1.0 available at /tools/Xilinx_2019.1/Vivado/2019.1/data/boards/board_files/sword/C.0/board.xml as part xc7k325tffg900-2 specified in board_part file is either invalid or not available
WARNING: [Board 49-26] cannot add Board Part digilentinc.com:genesys2:part0:1.1 available at /tools/Xilinx_2019.1/Vivado/2019.1/data/boards/board_files/genesys2/H/board.xml as part xc7k325tffg900-2 specified in board_part file is either invalid or not available
WARNING: [Board 49-26] cannot add Board Part digilentinc.com:sword:part0:1.0 available at /tools/Xilinx_2019.1/Vivado/2019.1/data/boards/board_files/sword/C.0/board.xml as part xc7k325tffg900-2 specified in board_part file is either invalid or not available
WARNING: [Board 49-26] cannot add Board Part digilentinc.com:genesys2:part0:1.1 available at /tools/Xilinx_2019.1/Vivado/2019.1/data/boards/board_files/genesys2/H/board.xml as part xc7k325tffg900-2 specified in board_part file is either invalid or not available
WARNING: [Board 49-26] cannot add Board Part digilentinc.com:sword:part0:1.0 available at /tools/Xilinx_2019.1/Vivado/2019.1/data/boards/board_files/sword/C.0/board.xml as part xc7k325tffg900-2 specified in board_part file is either invalid or not available
WARNING: [Board 49-26] cannot add Board Part digilentinc.com:genesys2:part0:1.1 available at /tools/Xilinx_2019.1/Vivado/2019.1/data/boards/board_files/genesys2/H/board.xml as part xc7k325tffg900-2 specified in board_part file is either invalid or not available
WARNING: [Board 49-26] cannot add Board Part digilentinc.com:sword:part0:1.0 available at /tools/Xilinx_2019.1/Vivado/2019.1/data/boards/board_files/sword/C.0/board.xml as part xc7k325tffg900-2 specified in board_part file is either invalid or not available
WARNING: [Board 49-26] cannot add Board Part digilentinc.com:genesys2:part0:1.1 available at /tools/Xilinx_2019.1/Vivado/2019.1/data/boards/board_files/genesys2/H/board.xml as part xc7k325tffg900-2 specified in board_part file is either invalid or not available
WARNING: [Board 49-26] cannot add Board Part digilentinc.com:sword:part0:1.0 available at /tools/Xilinx_2019.1/Vivado/2019.1/data/boards/board_files/sword/C.0/board.xml as part xc7k325tffg900-2 specified in board_part file is either invalid or not available
WARNING: [Board 49-26] cannot add Board Part digilentinc.com:genesys2:part0:1.1 available at /tools/Xilinx_2019.1/Vivado/2019.1/data/boards/board_files/genesys2/H/board.xml as part xc7k325tffg900-2 specified in board_part file is either invalid or not available
WARNING: [Board 49-26] cannot add Board Part digilentinc.com:sword:part0:1.0 available at /tools/Xilinx_2019.1/Vivado/2019.1/data/boards/board_files/sword/C.0/board.xml as part xc7k325tffg900-2 specified in board_part file is either invalid or not available
WARNING: [Board 49-26] cannot add Board Part digilentinc.com:genesys2:part0:1.1 available at /tools/Xilinx_2019.1/Vivado/2019.1/data/boards/board_files/genesys2/H/board.xml as part xc7k325tffg900-2 specified in board_part file is either invalid or not available
WARNING: [Board 49-26] cannot add Board Part digilentinc.com:sword:part0:1.0 available at /tools/Xilinx_2019.1/Vivado/2019.1/data/boards/board_files/sword/C.0/board.xml as part xc7k325tffg900-2 specified in board_part file is either invalid or not available
WARNING: [Board 49-26] cannot add Board Part digilentinc.com:genesys2:part0:1.1 available at /tools/Xilinx_2019.1/Vivado/2019.1/data/boards/board_files/genesys2/H/board.xml as part xc7k325tffg900-2 specified in board_part file is either invalid or not available
WARNING: [Board 49-26] cannot add Board Part digilentinc.com:sword:part0:1.0 available at /tools/Xilinx_2019.1/Vivado/2019.1/data/boards/board_files/sword/C.0/board.xml as part xc7k325tffg900-2 specified in board_part file is either invalid or not available
WARNING: [Board 49-26] cannot add Board Part digilentinc.com:genesys2:part0:1.1 available at /tools/Xilinx_2019.1/Vivado/2019.1/data/boards/board_files/genesys2/H/board.xml as part xc7k325tffg900-2 specified in board_part file is either invalid or not available
WARNING: [Board 49-26] cannot add Board Part digilentinc.com:sword:part0:1.0 available at /tools/Xilinx_2019.1/Vivado/2019.1/data/boards/board_files/sword/C.0/board.xml as part xc7k325tffg900-2 specified in board_part file is either invalid or not available
WARNING: [Board 49-26] cannot add Board Part digilentinc.com:genesys2:part0:1.1 available at /tools/Xilinx_2019.1/Vivado/2019.1/data/boards/board_files/genesys2/H/board.xml as part xc7k325tffg900-2 specified in board_part file is either invalid or not available
WARNING: [Board 49-26] cannot add Board Part digilentinc.com:sword:part0:1.0 available at /tools/Xilinx_2019.1/Vivado/2019.1/data/boards/board_files/sword/C.0/board.xml as part xc7k325tffg900-2 specified in board_part file is either invalid or not available
WARNING: [Board 49-26] cannot add Board Part digilentinc.com:genesys2:part0:1.1 available at /tools/Xilinx_2019.1/Vivado/2019.1/data/boards/board_files/genesys2/H/board.xml as part xc7k325tffg900-2 specified in board_part file is either invalid or not available
WARNING: [Board 49-26] cannot add Board Part digilentinc.com:sword:part0:1.0 available at /tools/Xilinx_2019.1/Vivado/2019.1/data/boards/board_files/sword/C.0/board.xml as part xc7k325tffg900-2 specified in board_part file is either invalid or not available
WARNING: [Board 49-26] cannot add Board Part digilentinc.com:genesys2:part0:1.1 available at /tools/Xilinx_2019.1/Vivado/2019.1/data/boards/board_files/genesys2/H/board.xml as part xc7k325tffg900-2 specified in board_part file is either invalid or not available
WARNING: [Board 49-26] cannot add Board Part digilentinc.com:sword:part0:1.0 available at /tools/Xilinx_2019.1/Vivado/2019.1/data/boards/board_files/sword/C.0/board.xml as part xc7k325tffg900-2 specified in board_part file is either invalid or not available
WARNING: [Board 49-26] cannot add Board Part digilentinc.com:genesys2:part0:1.1 available at /tools/Xilinx_2019.1/Vivado/2019.1/data/boards/board_files/genesys2/H/board.xml as part xc7k325tffg900-2 specified in board_part file is either invalid or not available
WARNING: [Board 49-26] cannot add Board Part digilentinc.com:sword:part0:1.0 available at /tools/Xilinx_2019.1/Vivado/2019.1/data/boards/board_files/sword/C.0/board.xml as part xc7k325tffg900-2 specified in board_part file is either invalid or not available
WARNING: [Board 49-26] cannot add Board Part digilentinc.com:genesys2:part0:1.1 available at /tools/Xilinx_2019.1/Vivado/2019.1/data/boards/board_files/genesys2/H/board.xml as part xc7k325tffg900-2 specified in board_part file is either invalid or not available
WARNING: [Board 49-26] cannot add Board Part digilentinc.com:sword:part0:1.0 available at /tools/Xilinx_2019.1/Vivado/2019.1/data/boards/board_files/sword/C.0/board.xml as part xc7k325tffg900-2 specified in board_part file is either invalid or not available
WARNING: [Board 49-26] cannot add Board Part digilentinc.com:genesys2:part0:1.1 available at /tools/Xilinx_2019.1/Vivado/2019.1/data/boards/board_files/genesys2/H/board.xml as part xc7k325tffg900-2 specified in board_part file is either invalid or not available
WARNING: [Board 49-26] cannot add Board Part digilentinc.com:sword:part0:1.0 available at /tools/Xilinx_2019.1/Vivado/2019.1/data/boards/board_files/sword/C.0/board.xml as part xc7k325tffg900-2 specified in board_part file is either invalid or not available
WARNING: [Board 49-26] cannot add Board Part digilentinc.com:genesys2:part0:1.1 available at /tools/Xilinx_2019.1/Vivado/2019.1/data/boards/board_files/genesys2/H/board.xml as part xc7k325tffg900-2 specified in board_part file is either invalid or not available
WARNING: [Board 49-26] cannot add Board Part digilentinc.com:sword:part0:1.0 available at /tools/Xilinx_2019.1/Vivado/2019.1/data/boards/board_files/sword/C.0/board.xml as part xc7k325tffg900-2 specified in board_part file is either invalid or not available
WARNING: [Board 49-26] cannot add Board Part digilentinc.com:genesys2:part0:1.1 available at /tools/Xilinx_2019.1/Vivado/2019.1/data/boards/board_files/genesys2/H/board.xml as part xc7k325tffg900-2 specified in board_part file is either invalid or not available
WARNING: [Board 49-26] cannot add Board Part digilentinc.com:sword:part0:1.0 available at /tools/Xilinx_2019.1/Vivado/2019.1/data/boards/board_files/sword/C.0/board.xml as part xc7k325tffg900-2 specified in board_part file is either invalid or not available
WARNING: [Board 49-26] cannot add Board Part digilentinc.com:genesys2:part0:1.1 available at /tools/Xilinx_2019.1/Vivado/2019.1/data/boards/board_files/genesys2/H/board.xml as part xc7k325tffg900-2 specified in board_part file is either invalid or not available
WARNING: [Board 49-26] cannot add Board Part digilentinc.com:sword:part0:1.0 available at /tools/Xilinx_2019.1/Vivado/2019.1/data/boards/board_files/sword/C.0/board.xml as part xc7k325tffg900-2 specified in board_part file is either invalid or not available
WARNING: [Board 49-26] cannot add Board Part digilentinc.com:genesys2:part0:1.1 available at /tools/Xilinx_2019.1/Vivado/2019.1/data/boards/board_files/genesys2/H/board.xml as part xc7k325tffg900-2 specified in board_part file is either invalid or not available
WARNING: [Board 49-26] cannot add Board Part digilentinc.com:sword:part0:1.0 available at /tools/Xilinx_2019.1/Vivado/2019.1/data/boards/board_files/sword/C.0/board.xml as part xc7k325tffg900-2 specified in board_part file is either invalid or not available
WARNING: [Board 49-26] cannot add Board Part digilentinc.com:genesys2:part0:1.1 available at /tools/Xilinx_2019.1/Vivado/2019.1/data/boards/board_files/genesys2/H/board.xml as part xc7k325tffg900-2 specified in board_part file is either invalid or not available
WARNING: [Board 49-26] cannot add Board Part digilentinc.com:sword:part0:1.0 available at /tools/Xilinx_2019.1/Vivado/2019.1/data/boards/board_files/sword/C.0/board.xml as part xc7k325tffg900-2 specified in board_part file is either invalid or not available
Adding component instance block -- xilinx.com:ip:axi_gpio:2.0 - axi_gpio_1
INFO: [BD 41-434] Could not find an IP with XCI file by name: m3_for_arty_a7_axi_gpio_1_0 
WARNING: [Board 49-26] cannot add Board Part digilentinc.com:genesys2:part0:1.1 available at /tools/Xilinx_2019.1/Vivado/2019.1/data/boards/board_files/genesys2/H/board.xml as part xc7k325tffg900-2 specified in board_part file is either invalid or not available
WARNING: [Board 49-26] cannot add Board Part digilentinc.com:sword:part0:1.0 available at /tools/Xilinx_2019.1/Vivado/2019.1/data/boards/board_files/sword/C.0/board.xml as part xc7k325tffg900-2 specified in board_part file is either invalid or not available
WARNING: [Board 49-26] cannot add Board Part digilentinc.com:genesys2:part0:1.1 available at /tools/Xilinx_2019.1/Vivado/2019.1/data/boards/board_files/genesys2/H/board.xml as part xc7k325tffg900-2 specified in board_part file is either invalid or not available
WARNING: [Board 49-26] cannot add Board Part digilentinc.com:sword:part0:1.0 available at /tools/Xilinx_2019.1/Vivado/2019.1/data/boards/board_files/sword/C.0/board.xml as part xc7k325tffg900-2 specified in board_part file is either invalid or not available
WARNING: [Board 49-26] cannot add Board Part digilentinc.com:genesys2:part0:1.1 available at /tools/Xilinx_2019.1/Vivado/2019.1/data/boards/board_files/genesys2/H/board.xml as part xc7k325tffg900-2 specified in board_part file is either invalid or not available
WARNING: [Board 49-26] cannot add Board Part digilentinc.com:sword:part0:1.0 available at /tools/Xilinx_2019.1/Vivado/2019.1/data/boards/board_files/sword/C.0/board.xml as part xc7k325tffg900-2 specified in board_part file is either invalid or not available
WARNING: [Board 49-26] cannot add Board Part digilentinc.com:genesys2:part0:1.1 available at /tools/Xilinx_2019.1/Vivado/2019.1/data/boards/board_files/genesys2/H/board.xml as part xc7k325tffg900-2 specified in board_part file is either invalid or not available
WARNING: [Board 49-26] cannot add Board Part digilentinc.com:sword:part0:1.0 available at /tools/Xilinx_2019.1/Vivado/2019.1/data/boards/board_files/sword/C.0/board.xml as part xc7k325tffg900-2 specified in board_part file is either invalid or not available
WARNING: [Board 49-26] cannot add Board Part digilentinc.com:genesys2:part0:1.1 available at /tools/Xilinx_2019.1/Vivado/2019.1/data/boards/board_files/genesys2/H/board.xml as part xc7k325tffg900-2 specified in board_part file is either invalid or not available
WARNING: [Board 49-26] cannot add Board Part digilentinc.com:sword:part0:1.0 available at /tools/Xilinx_2019.1/Vivado/2019.1/data/boards/board_files/sword/C.0/board.xml as part xc7k325tffg900-2 specified in board_part file is either invalid or not available
WARNING: [Board 49-26] cannot add Board Part digilentinc.com:genesys2:part0:1.1 available at /tools/Xilinx_2019.1/Vivado/2019.1/data/boards/board_files/genesys2/H/board.xml as part xc7k325tffg900-2 specified in board_part file is either invalid or not available
WARNING: [Board 49-26] cannot add Board Part digilentinc.com:sword:part0:1.0 available at /tools/Xilinx_2019.1/Vivado/2019.1/data/boards/board_files/sword/C.0/board.xml as part xc7k325tffg900-2 specified in board_part file is either invalid or not available
WARNING: [Board 49-26] cannot add Board Part digilentinc.com:genesys2:part0:1.1 available at /tools/Xilinx_2019.1/Vivado/2019.1/data/boards/board_files/genesys2/H/board.xml as part xc7k325tffg900-2 specified in board_part file is either invalid or not available
WARNING: [Board 49-26] cannot add Board Part digilentinc.com:sword:part0:1.0 available at /tools/Xilinx_2019.1/Vivado/2019.1/data/boards/board_files/sword/C.0/board.xml as part xc7k325tffg900-2 specified in board_part file is either invalid or not available
WARNING: [Board 49-26] cannot add Board Part digilentinc.com:genesys2:part0:1.1 available at /tools/Xilinx_2019.1/Vivado/2019.1/data/boards/board_files/genesys2/H/board.xml as part xc7k325tffg900-2 specified in board_part file is either invalid or not available
WARNING: [Board 49-26] cannot add Board Part digilentinc.com:sword:part0:1.0 available at /tools/Xilinx_2019.1/Vivado/2019.1/data/boards/board_files/sword/C.0/board.xml as part xc7k325tffg900-2 specified in board_part file is either invalid or not available
WARNING: [Board 49-26] cannot add Board Part digilentinc.com:genesys2:part0:1.1 available at /tools/Xilinx_2019.1/Vivado/2019.1/data/boards/board_files/genesys2/H/board.xml as part xc7k325tffg900-2 specified in board_part file is either invalid or not available
WARNING: [Board 49-26] cannot add Board Part digilentinc.com:sword:part0:1.0 available at /tools/Xilinx_2019.1/Vivado/2019.1/data/boards/board_files/sword/C.0/board.xml as part xc7k325tffg900-2 specified in board_part file is either invalid or not available
WARNING: [Board 49-26] cannot add Board Part digilentinc.com:genesys2:part0:1.1 available at /tools/Xilinx_2019.1/Vivado/2019.1/data/boards/board_files/genesys2/H/board.xml as part xc7k325tffg900-2 specified in board_part file is either invalid or not available
WARNING: [Board 49-26] cannot add Board Part digilentinc.com:sword:part0:1.0 available at /tools/Xilinx_2019.1/Vivado/2019.1/data/boards/board_files/sword/C.0/board.xml as part xc7k325tffg900-2 specified in board_part file is either invalid or not available
WARNING: [Board 49-26] cannot add Board Part digilentinc.com:genesys2:part0:1.1 available at /tools/Xilinx_2019.1/Vivado/2019.1/data/boards/board_files/genesys2/H/board.xml as part xc7k325tffg900-2 specified in board_part file is either invalid or not available
WARNING: [Board 49-26] cannot add Board Part digilentinc.com:sword:part0:1.0 available at /tools/Xilinx_2019.1/Vivado/2019.1/data/boards/board_files/sword/C.0/board.xml as part xc7k325tffg900-2 specified in board_part file is either invalid or not available
WARNING: [Board 49-26] cannot add Board Part digilentinc.com:genesys2:part0:1.1 available at /tools/Xilinx_2019.1/Vivado/2019.1/data/boards/board_files/genesys2/H/board.xml as part xc7k325tffg900-2 specified in board_part file is either invalid or not available
WARNING: [Board 49-26] cannot add Board Part digilentinc.com:sword:part0:1.0 available at /tools/Xilinx_2019.1/Vivado/2019.1/data/boards/board_files/sword/C.0/board.xml as part xc7k325tffg900-2 specified in board_part file is either invalid or not available
WARNING: [Board 49-26] cannot add Board Part digilentinc.com:genesys2:part0:1.1 available at /tools/Xilinx_2019.1/Vivado/2019.1/data/boards/board_files/genesys2/H/board.xml as part xc7k325tffg900-2 specified in board_part file is either invalid or not available
WARNING: [Board 49-26] cannot add Board Part digilentinc.com:sword:part0:1.0 available at /tools/Xilinx_2019.1/Vivado/2019.1/data/boards/board_files/sword/C.0/board.xml as part xc7k325tffg900-2 specified in board_part file is either invalid or not available
WARNING: [Board 49-26] cannot add Board Part digilentinc.com:genesys2:part0:1.1 available at /tools/Xilinx_2019.1/Vivado/2019.1/data/boards/board_files/genesys2/H/board.xml as part xc7k325tffg900-2 specified in board_part file is either invalid or not available
WARNING: [Board 49-26] cannot add Board Part digilentinc.com:sword:part0:1.0 available at /tools/Xilinx_2019.1/Vivado/2019.1/data/boards/board_files/sword/C.0/board.xml as part xc7k325tffg900-2 specified in board_part file is either invalid or not available
WARNING: [Board 49-26] cannot add Board Part digilentinc.com:genesys2:part0:1.1 available at /tools/Xilinx_2019.1/Vivado/2019.1/data/boards/board_files/genesys2/H/board.xml as part xc7k325tffg900-2 specified in board_part file is either invalid or not available
WARNING: [Board 49-26] cannot add Board Part digilentinc.com:sword:part0:1.0 available at /tools/Xilinx_2019.1/Vivado/2019.1/data/boards/board_files/sword/C.0/board.xml as part xc7k325tffg900-2 specified in board_part file is either invalid or not available
WARNING: [Board 49-26] cannot add Board Part digilentinc.com:genesys2:part0:1.1 available at /tools/Xilinx_2019.1/Vivado/2019.1/data/boards/board_files/genesys2/H/board.xml as part xc7k325tffg900-2 specified in board_part file is either invalid or not available
WARNING: [Board 49-26] cannot add Board Part digilentinc.com:sword:part0:1.0 available at /tools/Xilinx_2019.1/Vivado/2019.1/data/boards/board_files/sword/C.0/board.xml as part xc7k325tffg900-2 specified in board_part file is either invalid or not available
WARNING: [Board 49-26] cannot add Board Part digilentinc.com:genesys2:part0:1.1 available at /tools/Xilinx_2019.1/Vivado/2019.1/data/boards/board_files/genesys2/H/board.xml as part xc7k325tffg900-2 specified in board_part file is either invalid or not available
WARNING: [Board 49-26] cannot add Board Part digilentinc.com:sword:part0:1.0 available at /tools/Xilinx_2019.1/Vivado/2019.1/data/boards/board_files/sword/C.0/board.xml as part xc7k325tffg900-2 specified in board_part file is either invalid or not available
WARNING: [Board 49-26] cannot add Board Part digilentinc.com:genesys2:part0:1.1 available at /tools/Xilinx_2019.1/Vivado/2019.1/data/boards/board_files/genesys2/H/board.xml as part xc7k325tffg900-2 specified in board_part file is either invalid or not available
WARNING: [Board 49-26] cannot add Board Part digilentinc.com:sword:part0:1.0 available at /tools/Xilinx_2019.1/Vivado/2019.1/data/boards/board_files/sword/C.0/board.xml as part xc7k325tffg900-2 specified in board_part file is either invalid or not available
WARNING: [Board 49-26] cannot add Board Part digilentinc.com:genesys2:part0:1.1 available at /tools/Xilinx_2019.1/Vivado/2019.1/data/boards/board_files/genesys2/H/board.xml as part xc7k325tffg900-2 specified in board_part file is either invalid or not available
WARNING: [Board 49-26] cannot add Board Part digilentinc.com:sword:part0:1.0 available at /tools/Xilinx_2019.1/Vivado/2019.1/data/boards/board_files/sword/C.0/board.xml as part xc7k325tffg900-2 specified in board_part file is either invalid or not available
WARNING: [Board 49-26] cannot add Board Part digilentinc.com:genesys2:part0:1.1 available at /tools/Xilinx_2019.1/Vivado/2019.1/data/boards/board_files/genesys2/H/board.xml as part xc7k325tffg900-2 specified in board_part file is either invalid or not available
WARNING: [Board 49-26] cannot add Board Part digilentinc.com:sword:part0:1.0 available at /tools/Xilinx_2019.1/Vivado/2019.1/data/boards/board_files/sword/C.0/board.xml as part xc7k325tffg900-2 specified in board_part file is either invalid or not available
WARNING: [Board 49-26] cannot add Board Part digilentinc.com:genesys2:part0:1.1 available at /tools/Xilinx_2019.1/Vivado/2019.1/data/boards/board_files/genesys2/H/board.xml as part xc7k325tffg900-2 specified in board_part file is either invalid or not available
WARNING: [Board 49-26] cannot add Board Part digilentinc.com:sword:part0:1.0 available at /tools/Xilinx_2019.1/Vivado/2019.1/data/boards/board_files/sword/C.0/board.xml as part xc7k325tffg900-2 specified in board_part file is either invalid or not available
INFO: [Common 17-14] Message 'Board 49-26' appears 100 times and further instances of the messages will be disabled. Use the Tcl command set_msg_config to change the current settings.
Adding component instance block -- xilinx.com:ip:axi_interconnect:2.1 - axi_interconnect_0
INFO: [BD 41-434] Could not find an IP with XCI file by name: m3_for_arty_a7_axi_interconnect_0_0 
Adding component instance block -- xilinx.com:ip:axi_crossbar:2.1 - xbar
INFO: [BD 41-434] Could not find an IP with XCI file by name: m3_for_arty_a7_xbar_0 
Adding component instance block -- xilinx.com:ip:axi_protocol_converter:2.1 - auto_pc
INFO: [BD 41-434] Could not find an IP with XCI file by name: m3_for_arty_a7_auto_pc_0 
Adding component instance block -- xilinx.com:ip:axi_quad_spi:3.2 - axi_quad_spi_0
INFO: [BD 41-434] Could not find an IP with XCI file by name: m3_for_arty_a7_axi_quad_spi_0_0 
Adding component instance block -- xilinx.com:ip:axi_uartlite:2.0 - axi_uartlite_0
INFO: [BD 41-434] Could not find an IP with XCI file by name: m3_for_arty_a7_axi_uartlite_0_0 
Adding component instance block -- xilinx.com:ip:blk_mem_gen:8.4 - blk_mem_gen_0
INFO: [BD 41-434] Could not find an IP with XCI file by name: m3_for_arty_a7_blk_mem_gen_0_0 
Adding component instance block -- xilinx.com:ip:axi_interconnect:2.1 - axi_interconnect_0
INFO: [BD 41-434] Could not find an IP with XCI file by name: m3_for_arty_a7_axi_interconnect_0_1 
Adding component instance block -- xilinx.com:ip:axi_crossbar:2.1 - xbar
INFO: [BD 41-434] Could not find an IP with XCI file by name: m3_for_arty_a7_xbar_1 
Adding component instance block -- xilinx.com:ip:axi_quad_spi:3.2 - axi_single_spi_0
INFO: [BD 41-434] Could not find an IP with XCI file by name: m3_for_arty_a7_axi_single_spi_0_0 
Adding component instance block -- xilinx.com:ip:axi_quad_spi:3.2 - axi_quad_spi_0
INFO: [BD 41-434] Could not find an IP with XCI file by name: m3_for_arty_a7_axi_quad_spi_0_1 
Adding component instance block -- xilinx.com:ip:axi_quad_spi:3.2 - axi_xip_quad_spi_0
INFO: [BD 41-434] Could not find an IP with XCI file by name: m3_for_arty_a7_axi_xip_quad_spi_0_0 
Adding component instance block -- xilinx.com:ip:axi_gpio:2.0 - axi_gpio_0
INFO: [BD 41-434] Could not find an IP with XCI file by name: m3_for_arty_a7_axi_gpio_0_1 
Adding component instance block -- xilinx.com:ip:axi_protocol_converter:2.1 - axi_protocol_convert_0
INFO: [BD 41-434] Could not find an IP with XCI file by name: m3_for_arty_a7_axi_protocol_convert_0_0 
Adding component instance block -- Arm.com:user:DAPLink_to_Arty_shield:1.0 - DAPLink_to_Arty_shield_0
INFO: [BD 41-434] Could not find an IP with XCI file by name: m3_for_arty_a7_DAPLink_to_Arty_shield_0_0 
Adding component instance block -- xilinx.com:module_ref:tri_io_buf:1.0 - tri_io_buf_0
INFO: [BD 41-1728] Could not find a module with name: m3_for_arty_a7_tri_io_buf_0_0 
Adding component instance block -- xilinx.com:ip:xlconcat:2.1 - xlconcat_0
INFO: [BD 41-434] Could not find an IP with XCI file by name: m3_for_arty_a7_xlconcat_0_0 
Adding component instance block -- xilinx.com:ip:xlconcat:2.1 - xlconcat_1
INFO: [BD 41-434] Could not find an IP with XCI file by name: m3_for_arty_a7_xlconcat_1_0 
Adding component instance block -- xilinx.com:ip:xlconstant:1.1 - xlconstant_1
INFO: [BD 41-434] Could not find an IP with XCI file by name: m3_for_arty_a7_xlconstant_1_1 
Adding component instance block -- Arm.com:CortexM:CORTEXM3_AXI:1.1 - Cortex_M3_0
INFO: [BD 41-434] Could not find an IP with XCI file by name: m3_for_arty_a7_Cortex_M3_0_0 
Successfully read diagram <m3_for_arty_a7> from BD file </home/sca.user/Desktop/arm_softcore/AT426-r0p1-00rel0-1/AT426-BU-98000-r0p1-00rel0/hardware/m3_for_arty_a7/block_diagram/m3_for_arty_a7.bd>
INFO: [BD 41-433] 
Design successfully migrated to use XCI files...
open_bd_design: Time (s): cpu = 00:00:14 ; elapsed = 00:00:13 . Memory (MB): peak = 6967.500 ; gain = 159.398 ; free physical = 4873 ; free virtual = 33830
update_compile_order -fileset sources_1
generate_target all [get_files  /home/sca.user/Desktop/arm_softcore/AT426-r0p1-00rel0-1/AT426-BU-98000-r0p1-00rel0/hardware/m3_for_arty_a7/block_diagram/m3_for_arty_a7.bd]
WARNING: [BD 41-721] Attempt to set value '0' on disabled parameter 'ID_WIDTH' of cell '/axi_bram_ctrl_0' is ignored
WARNING: [BD 41-721] Attempt to set value 'YES' on disabled parameter 'SUPPORTS_NARROW_BURST' of cell '/axi_bram_ctrl_0' is ignored
WARNING: [BD 41-721] Attempt to set value '0' on disabled parameter 'ID_WIDTH' of cell '/axi_bram_ctrl_0' is ignored
WARNING: [BD 41-721] Attempt to set value 'YES' on disabled parameter 'SUPPORTS_NARROW_BURST' of cell '/axi_bram_ctrl_0' is ignored
WARNING: [BD 41-721] Attempt to set value '0' on disabled parameter 'ID_WIDTH' of cell '/axi_bram_ctrl_0' is ignored
WARNING: [BD 41-721] Attempt to set value 'NO' on disabled parameter 'SUPPORTS_NARROW_BURST' of cell '/axi_bram_ctrl_0' is ignored
WARNING: [BD 41-721] Attempt to set value '0' on disabled parameter 'ID_WIDTH' of cell '/axi_bram_ctrl_0' is ignored
WARNING: [BD 41-721] Attempt to set value 'YES' on disabled parameter 'SUPPORTS_NARROW_BURST' of cell '/axi_bram_ctrl_0' is ignored
WARNING: [BD 41-721] Attempt to set value '0' on disabled parameter 'ID_WIDTH' of cell '/axi_bram_ctrl_0' is ignored
WARNING: [BD 41-721] Attempt to set value 'YES' on disabled parameter 'SUPPORTS_NARROW_BURST' of cell '/axi_bram_ctrl_0' is ignored
WARNING: [BD 41-721] Attempt to set value '0' on disabled parameter 'ID_WIDTH' of cell '/axi_bram_ctrl_0' is ignored
WARNING: [BD 41-721] Attempt to set value 'YES' on disabled parameter 'SUPPORTS_NARROW_BURST' of cell '/axi_bram_ctrl_0' is ignored
WARNING: [BD 41-721] Attempt to set value '0' on disabled parameter 'ID_WIDTH' of cell '/axi_bram_ctrl_0' is ignored
WARNING: [BD 41-721] Attempt to set value 'YES' on disabled parameter 'SUPPORTS_NARROW_BURST' of cell '/axi_bram_ctrl_0' is ignored
WARNING: [BD 41-721] Attempt to set value '0' on disabled parameter 'ID_WIDTH' of cell '/axi_bram_ctrl_0' is ignored
WARNING: [BD 41-721] Attempt to set value 'NO' on disabled parameter 'SUPPORTS_NARROW_BURST' of cell '/axi_bram_ctrl_0' is ignored
WARNING: [BD 41-721] Attempt to set value '0' on disabled parameter 'ID_WIDTH' of cell '/axi_bram_ctrl_0' is ignored
WARNING: [BD 41-721] Attempt to set value 'NO' on disabled parameter 'SUPPORTS_NARROW_BURST' of cell '/axi_bram_ctrl_0' is ignored
WARNING: [BD 41-2180] Resetting the memory initialization file of </blk_mem_gen_0> to default.
WARNING: [Arm.com:CortexM:CORTEXM3_AXI:1.1-4] /Cortex_M3_0: Could not determine interrupt input port type - using default interrupt type Rising Edge. Please change this manually if necessary.
INFO: [xilinx.com:ip:axi_quad_spi:3.2-1] /axi_quad_spi_0 
                   #######################################################################################
                   INFO: AXI Quad SPI core's AXI Lite Clock and EXT SPI CLK are synchronous to each other.
                   ########################################################################################
INFO: [xilinx.com:ip:axi_quad_spi:3.2-1] /axi_quad_spi_0 
                   #######################################################################################
                   INFO: AXI Quad SPI core's AXI Lite Clock and EXT SPI CLK are synchronous to each other.
                   ########################################################################################
INFO: [xilinx.com:ip:axi_quad_spi:3.2-1] /daplink_if_0/axi_single_spi_0 
                   #######################################################################################
                   INFO: AXI Quad SPI core's AXI Lite Clock and EXT SPI CLK are synchronous to each other.
                   ########################################################################################
INFO: [xilinx.com:ip:axi_quad_spi:3.2-1] /daplink_if_0/axi_single_spi_0 
                   #######################################################################################
                   INFO: AXI Quad SPI core's AXI Lite Clock and EXT SPI CLK are synchronous to each other.
                   ########################################################################################
INFO: [xilinx.com:ip:axi_quad_spi:3.2-1] /daplink_if_0/axi_quad_spi_0 
                   #######################################################################################
                   INFO: AXI Quad SPI core's AXI Lite Clock and EXT SPI CLK are synchronous to each other.
                   ########################################################################################
INFO: [xilinx.com:ip:axi_quad_spi:3.2-1] /daplink_if_0/axi_quad_spi_0 
                   #######################################################################################
                   INFO: AXI Quad SPI core's AXI Lite Clock and EXT SPI CLK are synchronous to each other.
                   ########################################################################################
INFO: [xilinx.com:ip:axi_quad_spi:3.2-1] /daplink_if_0/axi_xip_quad_spi_0 
			##########################################################################
			INFO: AXI Quad SPI core is configured in XIP mode with synchronous clocks.
			##########################################################################
INFO: [xilinx.com:ip:axi_quad_spi:3.2-1] /daplink_if_0/axi_xip_quad_spi_0 
			##########################################################################
			INFO: AXI Quad SPI core is configured in XIP mode with synchronous clocks.
			##########################################################################
WARNING: [BD 41-237] Bus Interface property AWUSER_WIDTH does not match between /axi_interconnect_0/s00_couplers/auto_pc/S_AXI(0) and /Cortex_M3_0/CM3_SYS_AXI3(1)
WARNING: [BD 41-237] Bus Interface property ARUSER_WIDTH does not match between /axi_interconnect_0/s00_couplers/auto_pc/S_AXI(0) and /Cortex_M3_0/CM3_SYS_AXI3(1)
WARNING: [BD 41-237] Bus Interface property AWUSER_WIDTH does not match between /daplink_if_0/axi_protocol_convert_0/S_AXI(0) and /Cortex_M3_0/CM3_CODE_AXI3(1)
WARNING: [BD 41-237] Bus Interface property ARUSER_WIDTH does not match between /daplink_if_0/axi_protocol_convert_0/S_AXI(0) and /Cortex_M3_0/CM3_CODE_AXI3(1)
WARNING: [BD 41-927] Following properties on pin /daplink_if_0/DAPLink_to_Arty_shield_0/ext_spi_clk have been updated from connected ip. They may not be synchronized with cell properties. You can set property on pin directly to confirm the value and resolve the warning.
	CLK_DOMAIN=/Clocks_and_Resets/clk_wiz_0_clk_out1 
Wrote  : </home/sca.user/Desktop/arm_softcore/AT426-r0p1-00rel0-1/AT426-BU-98000-r0p1-00rel0/hardware/m3_for_arty_a7/block_diagram/m3_for_arty_a7.bd> 
Wrote  : </home/sca.user/Desktop/arm_softcore/AT426-r0p1-00rel0-1/AT426-BU-98000-r0p1-00rel0/hardware/m3_for_arty_a7/block_diagram/ui/bd_cc0a7df6.ui> 
WARNING: [BD 41-235] Width mismatch when connecting pin: '/blk_mem_gen_0/addra'(32) to net 'axi_bram_ctrl_0_BRAM_PORTA_ADDR'(13) - Only lower order bits will be connected.
VHDL Output written to : /home/sca.user/Desktop/arm_softcore/AT426-r0p1-00rel0-1/AT426-BU-98000-r0p1-00rel0/hardware/m3_for_arty_a7/block_diagram/synth/m3_for_arty_a7.v
WARNING: [BD 41-235] Width mismatch when connecting pin: '/blk_mem_gen_0/addra'(32) to net 'axi_bram_ctrl_0_BRAM_PORTA_ADDR'(13) - Only lower order bits will be connected.
VHDL Output written to : /home/sca.user/Desktop/arm_softcore/AT426-r0p1-00rel0-1/AT426-BU-98000-r0p1-00rel0/hardware/m3_for_arty_a7/block_diagram/sim/m3_for_arty_a7.v
VHDL Output written to : /home/sca.user/Desktop/arm_softcore/AT426-r0p1-00rel0-1/AT426-BU-98000-r0p1-00rel0/hardware/m3_for_arty_a7/block_diagram/hdl/m3_for_arty_a7_wrapper.v
Wrote  : </home/sca.user/Desktop/arm_softcore/AT426-r0p1-00rel0-1/AT426-BU-98000-r0p1-00rel0/hardware/m3_for_arty_a7/block_diagram/ui/bd_a2e86b50.ui> 
Wrote  : </home/sca.user/Desktop/arm_softcore/AT426-r0p1-00rel0-1/AT426-BU-98000-r0p1-00rel0/hardware/m3_for_arty_a7/block_diagram/ui/bd_cc0a7df6.ui> 
INFO: [BD 41-1029] Generation completed for the IP Integrator block Clocks_and_Resets/proc_sys_reset_DAPLink .
WARNING: [Board 49-26] cannot add Board Part digilentinc.com:genesys2:part0:1.1 available at /tools/Xilinx_2019.1/Vivado/2019.1/data/boards/board_files/genesys2/H/board.xml as part xc7k325tffg900-2 specified in board_part file is either invalid or not available
WARNING: [Board 49-26] cannot add Board Part digilentinc.com:sword:part0:1.0 available at /tools/Xilinx_2019.1/Vivado/2019.1/data/boards/board_files/sword/C.0/board.xml as part xc7k325tffg900-2 specified in board_part file is either invalid or not available
WARNING: [Board 49-26] cannot add Board Part digilentinc.com:genesys2:part0:1.1 available at /tools/Xilinx_2019.1/Vivado/2019.1/data/boards/board_files/genesys2/H/board.xml as part xc7k325tffg900-2 specified in board_part file is either invalid or not available
WARNING: [Board 49-26] cannot add Board Part digilentinc.com:sword:part0:1.0 available at /tools/Xilinx_2019.1/Vivado/2019.1/data/boards/board_files/sword/C.0/board.xml as part xc7k325tffg900-2 specified in board_part file is either invalid or not available
WARNING: [Board 49-26] cannot add Board Part digilentinc.com:genesys2:part0:1.1 available at /tools/Xilinx_2019.1/Vivado/2019.1/data/boards/board_files/genesys2/H/board.xml as part xc7k325tffg900-2 specified in board_part file is either invalid or not available
WARNING: [Board 49-26] cannot add Board Part digilentinc.com:sword:part0:1.0 available at /tools/Xilinx_2019.1/Vivado/2019.1/data/boards/board_files/sword/C.0/board.xml as part xc7k325tffg900-2 specified in board_part file is either invalid or not available
INFO: [BD 41-1029] Generation completed for the IP Integrator block Clocks_and_Resets/proc_sys_reset_base .
INFO: [BD 41-1029] Generation completed for the IP Integrator block Clocks_and_Resets/i_interconnect_aresetn .
INFO: [BD 41-1029] Generation completed for the IP Integrator block Clocks_and_Resets/i_peripheral_aresetn1 .
INFO: [BD 41-1029] Generation completed for the IP Integrator block Clocks_and_Resets/i_sysresetn_or .
INFO: [BD 41-1029] Generation completed for the IP Integrator block Clocks_and_Resets/i_inv_dbgresetn .
INFO: [BD 41-1029] Generation completed for the IP Integrator block Clocks_and_Resets/i_inv_sysresetn1 .
WARNING: [Board 49-26] cannot add Board Part digilentinc.com:genesys2:part0:1.1 available at /tools/Xilinx_2019.1/Vivado/2019.1/data/boards/board_files/genesys2/H/board.xml as part xc7k325tffg900-2 specified in board_part file is either invalid or not available
WARNING: [Board 49-26] cannot add Board Part digilentinc.com:sword:part0:1.0 available at /tools/Xilinx_2019.1/Vivado/2019.1/data/boards/board_files/sword/C.0/board.xml as part xc7k325tffg900-2 specified in board_part file is either invalid or not available
WARNING: [Board 49-26] cannot add Board Part digilentinc.com:genesys2:part0:1.1 available at /tools/Xilinx_2019.1/Vivado/2019.1/data/boards/board_files/genesys2/H/board.xml as part xc7k325tffg900-2 specified in board_part file is either invalid or not available
WARNING: [Board 49-26] cannot add Board Part digilentinc.com:sword:part0:1.0 available at /tools/Xilinx_2019.1/Vivado/2019.1/data/boards/board_files/sword/C.0/board.xml as part xc7k325tffg900-2 specified in board_part file is either invalid or not available
WARNING: [Board 49-26] cannot add Board Part digilentinc.com:genesys2:part0:1.1 available at /tools/Xilinx_2019.1/Vivado/2019.1/data/boards/board_files/genesys2/H/board.xml as part xc7k325tffg900-2 specified in board_part file is either invalid or not available
WARNING: [Board 49-26] cannot add Board Part digilentinc.com:sword:part0:1.0 available at /tools/Xilinx_2019.1/Vivado/2019.1/data/boards/board_files/sword/C.0/board.xml as part xc7k325tffg900-2 specified in board_part file is either invalid or not available
INFO: [BD 41-1029] Generation completed for the IP Integrator block Clocks_and_Resets/clk_wiz_0 .
INFO: [BD 41-1029] Generation completed for the IP Integrator block Clocks_and_Resets/xlconstant_1 .
INFO: [BD 41-1029] Generation completed for the IP Integrator block axi_bram_ctrl_0 .
WARNING: [Board 49-26] cannot add Board Part digilentinc.com:genesys2:part0:1.1 available at /tools/Xilinx_2019.1/Vivado/2019.1/data/boards/board_files/genesys2/H/board.xml as part xc7k325tffg900-2 specified in board_part file is either invalid or not available
WARNING: [Board 49-26] cannot add Board Part digilentinc.com:sword:part0:1.0 available at /tools/Xilinx_2019.1/Vivado/2019.1/data/boards/board_files/sword/C.0/board.xml as part xc7k325tffg900-2 specified in board_part file is either invalid or not available
WARNING: [Board 49-26] cannot add Board Part digilentinc.com:genesys2:part0:1.1 available at /tools/Xilinx_2019.1/Vivado/2019.1/data/boards/board_files/genesys2/H/board.xml as part xc7k325tffg900-2 specified in board_part file is either invalid or not available
WARNING: [Board 49-26] cannot add Board Part digilentinc.com:sword:part0:1.0 available at /tools/Xilinx_2019.1/Vivado/2019.1/data/boards/board_files/sword/C.0/board.xml as part xc7k325tffg900-2 specified in board_part file is either invalid or not available
WARNING: [Board 49-26] cannot add Board Part digilentinc.com:genesys2:part0:1.1 available at /tools/Xilinx_2019.1/Vivado/2019.1/data/boards/board_files/genesys2/H/board.xml as part xc7k325tffg900-2 specified in board_part file is either invalid or not available
WARNING: [Board 49-26] cannot add Board Part digilentinc.com:sword:part0:1.0 available at /tools/Xilinx_2019.1/Vivado/2019.1/data/boards/board_files/sword/C.0/board.xml as part xc7k325tffg900-2 specified in board_part file is either invalid or not available
WARNING: [Board 49-26] cannot add Board Part digilentinc.com:genesys2:part0:1.1 available at /tools/Xilinx_2019.1/Vivado/2019.1/data/boards/board_files/genesys2/H/board.xml as part xc7k325tffg900-2 specified in board_part file is either invalid or not available
WARNING: [Board 49-26] cannot add Board Part digilentinc.com:sword:part0:1.0 available at /tools/Xilinx_2019.1/Vivado/2019.1/data/boards/board_files/sword/C.0/board.xml as part xc7k325tffg900-2 specified in board_part file is either invalid or not available
WARNING: [Board 49-26] cannot add Board Part digilentinc.com:genesys2:part0:1.1 available at /tools/Xilinx_2019.1/Vivado/2019.1/data/boards/board_files/genesys2/H/board.xml as part xc7k325tffg900-2 specified in board_part file is either invalid or not available
WARNING: [Board 49-26] cannot add Board Part digilentinc.com:sword:part0:1.0 available at /tools/Xilinx_2019.1/Vivado/2019.1/data/boards/board_files/sword/C.0/board.xml as part xc7k325tffg900-2 specified in board_part file is either invalid or not available
WARNING: [Board 49-26] cannot add Board Part digilentinc.com:genesys2:part0:1.1 available at /tools/Xilinx_2019.1/Vivado/2019.1/data/boards/board_files/genesys2/H/board.xml as part xc7k325tffg900-2 specified in board_part file is either invalid or not available
WARNING: [Board 49-26] cannot add Board Part digilentinc.com:sword:part0:1.0 available at /tools/Xilinx_2019.1/Vivado/2019.1/data/boards/board_files/sword/C.0/board.xml as part xc7k325tffg900-2 specified in board_part file is either invalid or not available
WARNING: [Board 49-26] cannot add Board Part digilentinc.com:genesys2:part0:1.1 available at /tools/Xilinx_2019.1/Vivado/2019.1/data/boards/board_files/genesys2/H/board.xml as part xc7k325tffg900-2 specified in board_part file is either invalid or not available
WARNING: [Board 49-26] cannot add Board Part digilentinc.com:sword:part0:1.0 available at /tools/Xilinx_2019.1/Vivado/2019.1/data/boards/board_files/sword/C.0/board.xml as part xc7k325tffg900-2 specified in board_part file is either invalid or not available
WARNING: [Board 49-26] cannot add Board Part digilentinc.com:genesys2:part0:1.1 available at /tools/Xilinx_2019.1/Vivado/2019.1/data/boards/board_files/genesys2/H/board.xml as part xc7k325tffg900-2 specified in board_part file is either invalid or not available
WARNING: [Board 49-26] cannot add Board Part digilentinc.com:sword:part0:1.0 available at /tools/Xilinx_2019.1/Vivado/2019.1/data/boards/board_files/sword/C.0/board.xml as part xc7k325tffg900-2 specified in board_part file is either invalid or not available
WARNING: [Board 49-26] cannot add Board Part digilentinc.com:genesys2:part0:1.1 available at /tools/Xilinx_2019.1/Vivado/2019.1/data/boards/board_files/genesys2/H/board.xml as part xc7k325tffg900-2 specified in board_part file is either invalid or not available
WARNING: [Board 49-26] cannot add Board Part digilentinc.com:sword:part0:1.0 available at /tools/Xilinx_2019.1/Vivado/2019.1/data/boards/board_files/sword/C.0/board.xml as part xc7k325tffg900-2 specified in board_part file is either invalid or not available
WARNING: [Board 49-26] cannot add Board Part digilentinc.com:genesys2:part0:1.1 available at /tools/Xilinx_2019.1/Vivado/2019.1/data/boards/board_files/genesys2/H/board.xml as part xc7k325tffg900-2 specified in board_part file is either invalid or not available
WARNING: [Board 49-26] cannot add Board Part digilentinc.com:sword:part0:1.0 available at /tools/Xilinx_2019.1/Vivado/2019.1/data/boards/board_files/sword/C.0/board.xml as part xc7k325tffg900-2 specified in board_part file is either invalid or not available
WARNING: [Board 49-26] cannot add Board Part digilentinc.com:genesys2:part0:1.1 available at /tools/Xilinx_2019.1/Vivado/2019.1/data/boards/board_files/genesys2/H/board.xml as part xc7k325tffg900-2 specified in board_part file is either invalid or not available
WARNING: [Board 49-26] cannot add Board Part digilentinc.com:sword:part0:1.0 available at /tools/Xilinx_2019.1/Vivado/2019.1/data/boards/board_files/sword/C.0/board.xml as part xc7k325tffg900-2 specified in board_part file is either invalid or not available
WARNING: [Board 49-26] cannot add Board Part digilentinc.com:genesys2:part0:1.1 available at /tools/Xilinx_2019.1/Vivado/2019.1/data/boards/board_files/genesys2/H/board.xml as part xc7k325tffg900-2 specified in board_part file is either invalid or not available
WARNING: [Board 49-26] cannot add Board Part digilentinc.com:sword:part0:1.0 available at /tools/Xilinx_2019.1/Vivado/2019.1/data/boards/board_files/sword/C.0/board.xml as part xc7k325tffg900-2 specified in board_part file is either invalid or not available
INFO: [BD 41-1029] Generation completed for the IP Integrator block axi_gpio_0 .
WARNING: [Board 49-26] cannot add Board Part digilentinc.com:genesys2:part0:1.1 available at /tools/Xilinx_2019.1/Vivado/2019.1/data/boards/board_files/genesys2/H/board.xml as part xc7k325tffg900-2 specified in board_part file is either invalid or not available
WARNING: [Board 49-26] cannot add Board Part digilentinc.com:sword:part0:1.0 available at /tools/Xilinx_2019.1/Vivado/2019.1/data/boards/board_files/sword/C.0/board.xml as part xc7k325tffg900-2 specified in board_part file is either invalid or not available
WARNING: [Board 49-26] cannot add Board Part digilentinc.com:genesys2:part0:1.1 available at /tools/Xilinx_2019.1/Vivado/2019.1/data/boards/board_files/genesys2/H/board.xml as part xc7k325tffg900-2 specified in board_part file is either invalid or not available
WARNING: [Board 49-26] cannot add Board Part digilentinc.com:sword:part0:1.0 available at /tools/Xilinx_2019.1/Vivado/2019.1/data/boards/board_files/sword/C.0/board.xml as part xc7k325tffg900-2 specified in board_part file is either invalid or not available
WARNING: [Board 49-26] cannot add Board Part digilentinc.com:genesys2:part0:1.1 available at /tools/Xilinx_2019.1/Vivado/2019.1/data/boards/board_files/genesys2/H/board.xml as part xc7k325tffg900-2 specified in board_part file is either invalid or not available
WARNING: [Board 49-26] cannot add Board Part digilentinc.com:sword:part0:1.0 available at /tools/Xilinx_2019.1/Vivado/2019.1/data/boards/board_files/sword/C.0/board.xml as part xc7k325tffg900-2 specified in board_part file is either invalid or not available
WARNING: [Board 49-26] cannot add Board Part digilentinc.com:genesys2:part0:1.1 available at /tools/Xilinx_2019.1/Vivado/2019.1/data/boards/board_files/genesys2/H/board.xml as part xc7k325tffg900-2 specified in board_part file is either invalid or not available
WARNING: [Board 49-26] cannot add Board Part digilentinc.com:sword:part0:1.0 available at /tools/Xilinx_2019.1/Vivado/2019.1/data/boards/board_files/sword/C.0/board.xml as part xc7k325tffg900-2 specified in board_part file is either invalid or not available
WARNING: [Board 49-26] cannot add Board Part digilentinc.com:genesys2:part0:1.1 available at /tools/Xilinx_2019.1/Vivado/2019.1/data/boards/board_files/genesys2/H/board.xml as part xc7k325tffg900-2 specified in board_part file is either invalid or not available
WARNING: [Board 49-26] cannot add Board Part digilentinc.com:sword:part0:1.0 available at /tools/Xilinx_2019.1/Vivado/2019.1/data/boards/board_files/sword/C.0/board.xml as part xc7k325tffg900-2 specified in board_part file is either invalid or not available
WARNING: [Board 49-26] cannot add Board Part digilentinc.com:genesys2:part0:1.1 available at /tools/Xilinx_2019.1/Vivado/2019.1/data/boards/board_files/genesys2/H/board.xml as part xc7k325tffg900-2 specified in board_part file is either invalid or not available
WARNING: [Board 49-26] cannot add Board Part digilentinc.com:sword:part0:1.0 available at /tools/Xilinx_2019.1/Vivado/2019.1/data/boards/board_files/sword/C.0/board.xml as part xc7k325tffg900-2 specified in board_part file is either invalid or not available
WARNING: [Board 49-26] cannot add Board Part digilentinc.com:genesys2:part0:1.1 available at /tools/Xilinx_2019.1/Vivado/2019.1/data/boards/board_files/genesys2/H/board.xml as part xc7k325tffg900-2 specified in board_part file is either invalid or not available
WARNING: [Board 49-26] cannot add Board Part digilentinc.com:sword:part0:1.0 available at /tools/Xilinx_2019.1/Vivado/2019.1/data/boards/board_files/sword/C.0/board.xml as part xc7k325tffg900-2 specified in board_part file is either invalid or not available
WARNING: [Board 49-26] cannot add Board Part digilentinc.com:genesys2:part0:1.1 available at /tools/Xilinx_2019.1/Vivado/2019.1/data/boards/board_files/genesys2/H/board.xml as part xc7k325tffg900-2 specified in board_part file is either invalid or not available
WARNING: [Board 49-26] cannot add Board Part digilentinc.com:sword:part0:1.0 available at /tools/Xilinx_2019.1/Vivado/2019.1/data/boards/board_files/sword/C.0/board.xml as part xc7k325tffg900-2 specified in board_part file is either invalid or not available
WARNING: [Board 49-26] cannot add Board Part digilentinc.com:genesys2:part0:1.1 available at /tools/Xilinx_2019.1/Vivado/2019.1/data/boards/board_files/genesys2/H/board.xml as part xc7k325tffg900-2 specified in board_part file is either invalid or not available
WARNING: [Board 49-26] cannot add Board Part digilentinc.com:sword:part0:1.0 available at /tools/Xilinx_2019.1/Vivado/2019.1/data/boards/board_files/sword/C.0/board.xml as part xc7k325tffg900-2 specified in board_part file is either invalid or not available
WARNING: [Board 49-26] cannot add Board Part digilentinc.com:genesys2:part0:1.1 available at /tools/Xilinx_2019.1/Vivado/2019.1/data/boards/board_files/genesys2/H/board.xml as part xc7k325tffg900-2 specified in board_part file is either invalid or not available
WARNING: [Board 49-26] cannot add Board Part digilentinc.com:sword:part0:1.0 available at /tools/Xilinx_2019.1/Vivado/2019.1/data/boards/board_files/sword/C.0/board.xml as part xc7k325tffg900-2 specified in board_part file is either invalid or not available
WARNING: [Board 49-26] cannot add Board Part digilentinc.com:genesys2:part0:1.1 available at /tools/Xilinx_2019.1/Vivado/2019.1/data/boards/board_files/genesys2/H/board.xml as part xc7k325tffg900-2 specified in board_part file is either invalid or not available
WARNING: [Board 49-26] cannot add Board Part digilentinc.com:sword:part0:1.0 available at /tools/Xilinx_2019.1/Vivado/2019.1/data/boards/board_files/sword/C.0/board.xml as part xc7k325tffg900-2 specified in board_part file is either invalid or not available
WARNING: [Board 49-26] cannot add Board Part digilentinc.com:genesys2:part0:1.1 available at /tools/Xilinx_2019.1/Vivado/2019.1/data/boards/board_files/genesys2/H/board.xml as part xc7k325tffg900-2 specified in board_part file is either invalid or not available
WARNING: [Board 49-26] cannot add Board Part digilentinc.com:sword:part0:1.0 available at /tools/Xilinx_2019.1/Vivado/2019.1/data/boards/board_files/sword/C.0/board.xml as part xc7k325tffg900-2 specified in board_part file is either invalid or not available
INFO: [BD 41-1029] Generation completed for the IP Integrator block axi_gpio_1 .
INFO: [BD 41-1029] Generation completed for the IP Integrator block axi_interconnect_0/xbar .
WARNING: [Board 49-26] cannot add Board Part digilentinc.com:genesys2:part0:1.1 available at /tools/Xilinx_2019.1/Vivado/2019.1/data/boards/board_files/genesys2/H/board.xml as part xc7k325tffg900-2 specified in board_part file is either invalid or not available
WARNING: [Board 49-26] cannot add Board Part digilentinc.com:sword:part0:1.0 available at /tools/Xilinx_2019.1/Vivado/2019.1/data/boards/board_files/sword/C.0/board.xml as part xc7k325tffg900-2 specified in board_part file is either invalid or not available
WARNING: [Board 49-26] cannot add Board Part digilentinc.com:genesys2:part0:1.1 available at /tools/Xilinx_2019.1/Vivado/2019.1/data/boards/board_files/genesys2/H/board.xml as part xc7k325tffg900-2 specified in board_part file is either invalid or not available
WARNING: [Board 49-26] cannot add Board Part digilentinc.com:sword:part0:1.0 available at /tools/Xilinx_2019.1/Vivado/2019.1/data/boards/board_files/sword/C.0/board.xml as part xc7k325tffg900-2 specified in board_part file is either invalid or not available
WARNING: [Board 49-26] cannot add Board Part digilentinc.com:genesys2:part0:1.1 available at /tools/Xilinx_2019.1/Vivado/2019.1/data/boards/board_files/genesys2/H/board.xml as part xc7k325tffg900-2 specified in board_part file is either invalid or not available
WARNING: [Board 49-26] cannot add Board Part digilentinc.com:sword:part0:1.0 available at /tools/Xilinx_2019.1/Vivado/2019.1/data/boards/board_files/sword/C.0/board.xml as part xc7k325tffg900-2 specified in board_part file is either invalid or not available
WARNING: [Board 49-26] cannot add Board Part digilentinc.com:genesys2:part0:1.1 available at /tools/Xilinx_2019.1/Vivado/2019.1/data/boards/board_files/genesys2/H/board.xml as part xc7k325tffg900-2 specified in board_part file is either invalid or not available
WARNING: [Board 49-26] cannot add Board Part digilentinc.com:sword:part0:1.0 available at /tools/Xilinx_2019.1/Vivado/2019.1/data/boards/board_files/sword/C.0/board.xml as part xc7k325tffg900-2 specified in board_part file is either invalid or not available
WARNING: [Board 49-26] cannot add Board Part digilentinc.com:genesys2:part0:1.1 available at /tools/Xilinx_2019.1/Vivado/2019.1/data/boards/board_files/genesys2/H/board.xml as part xc7k325tffg900-2 specified in board_part file is either invalid or not available
WARNING: [Board 49-26] cannot add Board Part digilentinc.com:sword:part0:1.0 available at /tools/Xilinx_2019.1/Vivado/2019.1/data/boards/board_files/sword/C.0/board.xml as part xc7k325tffg900-2 specified in board_part file is either invalid or not available
WARNING: [Board 49-26] cannot add Board Part digilentinc.com:genesys2:part0:1.1 available at /tools/Xilinx_2019.1/Vivado/2019.1/data/boards/board_files/genesys2/H/board.xml as part xc7k325tffg900-2 specified in board_part file is either invalid or not available
WARNING: [Board 49-26] cannot add Board Part digilentinc.com:sword:part0:1.0 available at /tools/Xilinx_2019.1/Vivado/2019.1/data/boards/board_files/sword/C.0/board.xml as part xc7k325tffg900-2 specified in board_part file is either invalid or not available
WARNING: [Board 49-26] cannot add Board Part digilentinc.com:genesys2:part0:1.1 available at /tools/Xilinx_2019.1/Vivado/2019.1/data/boards/board_files/genesys2/H/board.xml as part xc7k325tffg900-2 specified in board_part file is either invalid or not available
WARNING: [Board 49-26] cannot add Board Part digilentinc.com:sword:part0:1.0 available at /tools/Xilinx_2019.1/Vivado/2019.1/data/boards/board_files/sword/C.0/board.xml as part xc7k325tffg900-2 specified in board_part file is either invalid or not available
WARNING: [Board 49-26] cannot add Board Part digilentinc.com:genesys2:part0:1.1 available at /tools/Xilinx_2019.1/Vivado/2019.1/data/boards/board_files/genesys2/H/board.xml as part xc7k325tffg900-2 specified in board_part file is either invalid or not available
WARNING: [Board 49-26] cannot add Board Part digilentinc.com:sword:part0:1.0 available at /tools/Xilinx_2019.1/Vivado/2019.1/data/boards/board_files/sword/C.0/board.xml as part xc7k325tffg900-2 specified in board_part file is either invalid or not available
WARNING: [Board 49-26] cannot add Board Part digilentinc.com:genesys2:part0:1.1 available at /tools/Xilinx_2019.1/Vivado/2019.1/data/boards/board_files/genesys2/H/board.xml as part xc7k325tffg900-2 specified in board_part file is either invalid or not available
WARNING: [Board 49-26] cannot add Board Part digilentinc.com:sword:part0:1.0 available at /tools/Xilinx_2019.1/Vivado/2019.1/data/boards/board_files/sword/C.0/board.xml as part xc7k325tffg900-2 specified in board_part file is either invalid or not available
WARNING: [Board 49-26] cannot add Board Part digilentinc.com:genesys2:part0:1.1 available at /tools/Xilinx_2019.1/Vivado/2019.1/data/boards/board_files/genesys2/H/board.xml as part xc7k325tffg900-2 specified in board_part file is either invalid or not available
WARNING: [Board 49-26] cannot add Board Part digilentinc.com:sword:part0:1.0 available at /tools/Xilinx_2019.1/Vivado/2019.1/data/boards/board_files/sword/C.0/board.xml as part xc7k325tffg900-2 specified in board_part file is either invalid or not available
WARNING: [Board 49-26] cannot add Board Part digilentinc.com:genesys2:part0:1.1 available at /tools/Xilinx_2019.1/Vivado/2019.1/data/boards/board_files/genesys2/H/board.xml as part xc7k325tffg900-2 specified in board_part file is either invalid or not available
WARNING: [Board 49-26] cannot add Board Part digilentinc.com:sword:part0:1.0 available at /tools/Xilinx_2019.1/Vivado/2019.1/data/boards/board_files/sword/C.0/board.xml as part xc7k325tffg900-2 specified in board_part file is either invalid or not available
WARNING: [Board 49-26] cannot add Board Part digilentinc.com:genesys2:part0:1.1 available at /tools/Xilinx_2019.1/Vivado/2019.1/data/boards/board_files/genesys2/H/board.xml as part xc7k325tffg900-2 specified in board_part file is either invalid or not available
WARNING: [Board 49-26] cannot add Board Part digilentinc.com:sword:part0:1.0 available at /tools/Xilinx_2019.1/Vivado/2019.1/data/boards/board_files/sword/C.0/board.xml as part xc7k325tffg900-2 specified in board_part file is either invalid or not available
WARNING: [Board 49-26] cannot add Board Part digilentinc.com:genesys2:part0:1.1 available at /tools/Xilinx_2019.1/Vivado/2019.1/data/boards/board_files/genesys2/H/board.xml as part xc7k325tffg900-2 specified in board_part file is either invalid or not available
WARNING: [Board 49-26] cannot add Board Part digilentinc.com:sword:part0:1.0 available at /tools/Xilinx_2019.1/Vivado/2019.1/data/boards/board_files/sword/C.0/board.xml as part xc7k325tffg900-2 specified in board_part file is either invalid or not available
WARNING: [Board 49-26] cannot add Board Part digilentinc.com:genesys2:part0:1.1 available at /tools/Xilinx_2019.1/Vivado/2019.1/data/boards/board_files/genesys2/H/board.xml as part xc7k325tffg900-2 specified in board_part file is either invalid or not available
WARNING: [Board 49-26] cannot add Board Part digilentinc.com:sword:part0:1.0 available at /tools/Xilinx_2019.1/Vivado/2019.1/data/boards/board_files/sword/C.0/board.xml as part xc7k325tffg900-2 specified in board_part file is either invalid or not available
WARNING: [Board 49-26] cannot add Board Part digilentinc.com:genesys2:part0:1.1 available at /tools/Xilinx_2019.1/Vivado/2019.1/data/boards/board_files/genesys2/H/board.xml as part xc7k325tffg900-2 specified in board_part file is either invalid or not available
WARNING: [Board 49-26] cannot add Board Part digilentinc.com:sword:part0:1.0 available at /tools/Xilinx_2019.1/Vivado/2019.1/data/boards/board_files/sword/C.0/board.xml as part xc7k325tffg900-2 specified in board_part file is either invalid or not available
WARNING: [Board 49-26] cannot add Board Part digilentinc.com:genesys2:part0:1.1 available at /tools/Xilinx_2019.1/Vivado/2019.1/data/boards/board_files/genesys2/H/board.xml as part xc7k325tffg900-2 specified in board_part file is either invalid or not available
WARNING: [Board 49-26] cannot add Board Part digilentinc.com:sword:part0:1.0 available at /tools/Xilinx_2019.1/Vivado/2019.1/data/boards/board_files/sword/C.0/board.xml as part xc7k325tffg900-2 specified in board_part file is either invalid or not available
WARNING: [Board 49-26] cannot add Board Part digilentinc.com:genesys2:part0:1.1 available at /tools/Xilinx_2019.1/Vivado/2019.1/data/boards/board_files/genesys2/H/board.xml as part xc7k325tffg900-2 specified in board_part file is either invalid or not available
WARNING: [Board 49-26] cannot add Board Part digilentinc.com:sword:part0:1.0 available at /tools/Xilinx_2019.1/Vivado/2019.1/data/boards/board_files/sword/C.0/board.xml as part xc7k325tffg900-2 specified in board_part file is either invalid or not available
WARNING: [Board 49-26] cannot add Board Part digilentinc.com:genesys2:part0:1.1 available at /tools/Xilinx_2019.1/Vivado/2019.1/data/boards/board_files/genesys2/H/board.xml as part xc7k325tffg900-2 specified in board_part file is either invalid or not available
WARNING: [Board 49-26] cannot add Board Part digilentinc.com:sword:part0:1.0 available at /tools/Xilinx_2019.1/Vivado/2019.1/data/boards/board_files/sword/C.0/board.xml as part xc7k325tffg900-2 specified in board_part file is either invalid or not available
INFO: [BD 41-1029] Generation completed for the IP Integrator block axi_quad_spi_0 .
INFO: [BD 41-1029] Generation completed for the IP Integrator block axi_uartlite_0 .
INFO: [BD 41-1029] Generation completed for the IP Integrator block blk_mem_gen_0 .
INFO: [BD 41-1029] Generation completed for the IP Integrator block daplink_if_0/axi_interconnect_0/xbar .
INFO: [BD 41-1029] Generation completed for the IP Integrator block daplink_if_0/axi_single_spi_0 .
INFO: [BD 41-1029] Generation completed for the IP Integrator block daplink_if_0/axi_quad_spi_0 .
INFO: [BD 41-1029] Generation completed for the IP Integrator block daplink_if_0/axi_xip_quad_spi_0 .
INFO: [BD 41-1029] Generation completed for the IP Integrator block daplink_if_0/axi_gpio_0 .
WARNING: [IP_Flow 19-4994] Overwriting existing constraint file '/home/sca.user/Desktop/arm_softcore/AT426-r0p1-00rel0-1/AT426-BU-98000-r0p1-00rel0/hardware/m3_for_arty_a7/block_diagram/ip/m3_for_arty_a7_axi_protocol_convert_0_0_1/m3_for_arty_a7_axi_protocol_convert_0_0_ooc.xdc'
INFO: [BD 41-1029] Generation completed for the IP Integrator block daplink_if_0/axi_protocol_convert_0 .
INFO: [BD 41-1029] Generation completed for the IP Integrator block daplink_if_0/DAPLink_to_Arty_shield_0 .
INFO: [BD 41-1029] Generation completed for the IP Integrator block tri_io_buf_0 .
INFO: [BD 41-1029] Generation completed for the IP Integrator block xlconcat_0 .
INFO: [BD 41-1029] Generation completed for the IP Integrator block xlconcat_1 .
INFO: [BD 41-1029] Generation completed for the IP Integrator block xlconstant_1 .
INFO: [BD 41-1029] Generation completed for the IP Integrator block Cortex_M3_0 .
WARNING: [IP_Flow 19-4994] Overwriting existing constraint file '/home/sca.user/Desktop/arm_softcore/AT426-r0p1-00rel0-1/AT426-BU-98000-r0p1-00rel0/hardware/m3_for_arty_a7/block_diagram/ip/m3_for_arty_a7_auto_pc_0_1/m3_for_arty_a7_auto_pc_0_ooc.xdc'
INFO: [BD 41-1029] Generation completed for the IP Integrator block axi_interconnect_0/s00_couplers/auto_pc .
Exporting to file /home/sca.user/Desktop/arm_softcore/AT426-r0p1-00rel0-1/AT426-BU-98000-r0p1-00rel0/hardware/m3_for_arty_a7/block_diagram/hw_handoff/m3_for_arty_a7.hwh
Generated Block Design Tcl file /home/sca.user/Desktop/arm_softcore/AT426-r0p1-00rel0-1/AT426-BU-98000-r0p1-00rel0/hardware/m3_for_arty_a7/block_diagram/hw_handoff/m3_for_arty_a7_bd.tcl
Generated Hardware Definition File /home/sca.user/Desktop/arm_softcore/AT426-r0p1-00rel0-1/AT426-BU-98000-r0p1-00rel0/hardware/m3_for_arty_a7/block_diagram/synth/m3_for_arty_a7.hwdef
generate_target: Time (s): cpu = 00:00:06 ; elapsed = 00:00:06 . Memory (MB): peak = 7283.910 ; gain = 0.000 ; free physical = 4661 ; free virtual = 33664
export_ip_user_files -of_objects [get_files /home/sca.user/Desktop/arm_softcore/AT426-r0p1-00rel0-1/AT426-BU-98000-r0p1-00rel0/hardware/m3_for_arty_a7/block_diagram/m3_for_arty_a7.bd] -no_script -sync -force -quiet
export_simulation -of_objects [get_files /home/sca.user/Desktop/arm_softcore/AT426-r0p1-00rel0-1/AT426-BU-98000-r0p1-00rel0/hardware/m3_for_arty_a7/block_diagram/m3_for_arty_a7.bd] -directory /home/sca.user/Desktop/arm_softcore/AT426-r0p1-00rel0-1/AT426-BU-98000-r0p1-00rel0/hardware/m3_for_arty_a7/m3_for_arty_a7/m3_for_arty_a7.ip_user_files/sim_scripts -ip_user_files_dir /home/sca.user/Desktop/arm_softcore/AT426-r0p1-00rel0-1/AT426-BU-98000-r0p1-00rel0/hardware/m3_for_arty_a7/m3_for_arty_a7/m3_for_arty_a7.ip_user_files -ipstatic_source_dir /home/sca.user/Desktop/arm_softcore/AT426-r0p1-00rel0-1/AT426-BU-98000-r0p1-00rel0/hardware/m3_for_arty_a7/m3_for_arty_a7/m3_for_arty_a7.ip_user_files/ipstatic -lib_map_path [list {modelsim=/home/sca.user/Desktop/arm_softcore/AT426-r0p1-00rel0-1/AT426-BU-98000-r0p1-00rel0/hardware/m3_for_arty_a7/m3_for_arty_a7/m3_for_arty_a7.cache/compile_simlib/modelsim} {questa=/home/sca.user/Desktop/arm_softcore/AT426-r0p1-00rel0-1/AT426-BU-98000-r0p1-00rel0/precompiled_sim_libs} {ies=/home/sca.user/Desktop/arm_softcore/AT426-r0p1-00rel0-1/AT426-BU-98000-r0p1-00rel0/hardware/m3_for_arty_a7/m3_for_arty_a7/m3_for_arty_a7.cache/compile_simlib/ies} {xcelium=/home/sca.user/Desktop/arm_softcore/AT426-r0p1-00rel0-1/AT426-BU-98000-r0p1-00rel0/hardware/m3_for_arty_a7/m3_for_arty_a7/m3_for_arty_a7.cache/compile_simlib/xcelium} {vcs=/home/sca.user/Desktop/arm_softcore/AT426-r0p1-00rel0-1/AT426-BU-98000-r0p1-00rel0/hardware/m3_for_arty_a7/m3_for_arty_a7/m3_for_arty_a7.cache/compile_simlib/vcs} {riviera=/home/sca.user/Desktop/arm_softcore/AT426-r0p1-00rel0-1/AT426-BU-98000-r0p1-00rel0/hardware/m3_for_arty_a7/m3_for_arty_a7/m3_for_arty_a7.cache/compile_simlib/riviera}] -use_ip_compiled_libs -force -quiet
add_files -norecurse -scan_for_includes /home/sca.user/Desktop/arm_softcore/CW305-Arm-DesignStart-GitHub/src/hardware/clk_select.v
import_files -norecurse /home/sca.user/Desktop/arm_softcore/CW305-Arm-DesignStart-GitHub/src/hardware/clk_select.v
update_compile_order -fileset sources_1
exit
INFO: [Common 17-206] Exiting Vivado at Thu Nov 30 17:02:44 2023...
