#-----------------------------------------------------------
# updatemem v2019.1 (64-bit)
# SW Build 2552052 on Fri May 24 14:47:09 MDT 2019
# IP Build 2548770 on Fri May 24 18:01:18 MDT 2019
# Start of session at: Tue Nov 28 18:25:44 2023
# Process ID: 3435650
# Current directory: /home/sca.user/Desktop/src/vivado
# Command line: updatemem -mode batch -source /tools/Xilinx_2019.1/Vivado/2019.1/scripts/updatemem/main.tcl -notrace -tclargs -meminfo ./m3.mmi -data ./bram_a7.elf -proc dummy -bit ./CW305_DesignStart/CW305_DesignStart.runs/impl_1/CW305_designstart_top.bit -out CW305_DesignStart.bit -force
# Log file: /home/sca.user/Desktop/src/vivado/updatemem.log
# Journal file: /home/sca.user/Desktop/src/vivado/updatemem.jou
#-----------------------------------------------------------
source /tools/Xilinx_2019.1/Vivado/2019.1/scripts/updatemem/main.tcl -notrace
Command: update_mem -meminfo ./m3.mmi -data ./bram_a7.elf -proc dummy -bit ./CW305_DesignStart/CW305_DesignStart.runs/impl_1/CW305_designstart_top.bit -out CW305_DesignStart.bit -force
Loading bitfile ./CW305_DesignStart/CW305_DesignStart.runs/impl_1/CW305_designstart_top.bit
Loading data files...
Updating memory content...
Creating bitstream...
Writing bitstream CW305_DesignStart.bit...
0 Infos, 0 Warnings, 0 Critical Warnings and 0 Errors encountered.
update_mem completed successfully
update_mem: Time (s): cpu = 00:00:05 ; elapsed = 00:00:06 . Memory (MB): peak = 1073.734 ; gain = 454.906 ; free physical = 4366 ; free virtual = 32761
INFO: [Common 17-206] Exiting updatemem at Tue Nov 28 18:25:50 2023...
