#-----------------------------------------------------------
# Webtalk v2019.1 (64-bit)
# SW Build 2552052 on Fri May 24 14:47:09 MDT 2019
# 
# Start of session at: Thu Nov 16 17:06:35 2023
# Process ID: 1616053
# Current directory: /home/sca.user/Desktop/arm_softcore/AT426-r0p1-00rel0-1/AT426-BU-98000-r0p1-00rel0/software/CW305_DesignStart/sdk_workspace/webtalk
# Command line: wbtcv -mode batch -source sdk_webtalk.tcl
# Log file: /home/sca.user/Desktop/arm_softcore/AT426-r0p1-00rel0-1/AT426-BU-98000-r0p1-00rel0/software/CW305_DesignStart/sdk_workspace/webtalk/webtalk.log
# Journal file: /home/sca.user/Desktop/arm_softcore/AT426-r0p1-00rel0-1/AT426-BU-98000-r0p1-00rel0/software/CW305_DesignStart/sdk_workspace/webtalk/webtalk.jou
#-----------------------------------------------------------
source sdk_webtalk.tcl
# webtalk_init -webtalk_dir /home/sca.user/Desktop/arm_softcore/AT426-r0p1-00rel0-1/AT426-BU-98000-r0p1-00rel0/software/CW305_DesignStart/sdk_workspace/webtalk
# webtalk_register_client -client project
# webtalk_add_data -client project -key date_generated -value "2023-11-16 17:06:34" -context "software_version_and_target_device"
# webtalk_add_data -client project -key product_version -value "SDK v2019.1" -context "software_version_and_target_device"
# webtalk_add_data -client project -key build_version -value "2019.1" -context "software_version_and_target_device"
# webtalk_add_data -client project -key os_platform -value "amd64" -context "software_version_and_target_device"
# webtalk_add_data -client project -key registration_id -value "" -context "software_version_and_target_device"
# webtalk_add_data -client project -key tool_flow -value "SDK" -context "software_version_and_target_device"
# webtalk_add_data -client project -key beta -value "false" -context "software_version_and_target_device"
# webtalk_add_data -client project -key route_design -value "NA" -context "software_version_and_target_device"
# webtalk_add_data -client project -key target_family -value "NA" -context "software_version_and_target_device"
# webtalk_add_data -client project -key target_device -value "NA" -context "software_version_and_target_device"
# webtalk_add_data -client project -key target_package -value "NA" -context "software_version_and_target_device"
# webtalk_add_data -client project -key target_speed -value "NA" -context "software_version_and_target_device"
# webtalk_add_data -client project -key random_id -value "6terc6d93mds37dte7tedr3jha" -context "software_version_and_target_device"
# webtalk_add_data -client project -key project_id -value "2019.1_2" -context "software_version_and_target_device"
# webtalk_add_data -client project -key project_iteration -value "2" -context "software_version_and_target_device"
# webtalk_add_data -client project -key os_name -value "Ubuntu" -context "user_environment"
# webtalk_add_data -client project -key os_release -value "Ubuntu 23.04" -context "user_environment"
# webtalk_add_data -client project -key cpu_name -value "Intel(R) Core(TM) i7-8700K CPU @ 3.70GHz" -context "user_environment"
# webtalk_add_data -client project -key cpu_speed -value "3700.000 MHz" -context "user_environment"
# webtalk_add_data -client project -key total_processors -value "1" -context "user_environment"
# webtalk_add_data -client project -key system_ram -value "33.416 GB" -context "user_environment"
# webtalk_register_client -client sdk
# webtalk_add_data -client sdk -key uid -value "1700150157000" -context "sdk\\\\hardware/1700150157000"
# webtalk_add_data -client sdk -key isZynq -value "false" -context "sdk\\\\hardware/1700150157000"
# webtalk_add_data -client sdk -key isZynqMP -value "false" -context "sdk\\\\hardware/1700150157000"
# webtalk_add_data -client sdk -key Processors -value "1" -context "sdk\\\\hardware/1700150157000"
# webtalk_add_data -client sdk -key VivadoVersion -value "2019.1" -context "sdk\\\\hardware/1700150157000"
# webtalk_add_data -client sdk -key Arch -value "artix7" -context "sdk\\\\hardware/1700150157000"
# webtalk_add_data -client sdk -key Device -value "7a100t" -context "sdk\\\\hardware/1700150157000"
# webtalk_add_data -client sdk -key IsHandoff -value "true" -context "sdk\\\\hardware/1700150157000"
# webtalk_add_data -client sdk -key os -value "NA" -context "sdk\\\\hardware/1700150157000"
# webtalk_add_data -client sdk -key apptemplate -value "NA" -context "sdk\\\\hardware/1700150157000"
# webtalk_add_data -client sdk -key RecordType -value "HWCreation" -context "sdk\\\\hardware/1700150157000"
# webtalk_add_data -client sdk -key uid -value "1700150239000" -context "sdk\\\\bsp/1700150239000"
# webtalk_add_data -client sdk -key hwid -value "1700150157000" -context "sdk\\\\bsp/1700150239000"
# webtalk_add_data -client sdk -key os -value "standalone" -context "sdk\\\\bsp/1700150239000"
# webtalk_add_data -client sdk -key apptemplate -value "null" -context "sdk\\\\bsp/1700150239000"
# webtalk_add_data -client sdk -key RecordType -value "BSPCreation" -context "sdk\\\\bsp/1700150239000"
# webtalk_add_data -client sdk -key uid -value "NA" -context "sdk\\\\bsp/1700150794376"
# webtalk_add_data -client sdk -key RecordType -value "ToolUsage" -context "sdk\\\\bsp/1700150794376"
# webtalk_add_data -client sdk -key BootgenCount -value "0" -context "sdk\\\\bsp/1700150794376"
# webtalk_add_data -client sdk -key DebugCount -value "0" -context "sdk\\\\bsp/1700150794376"
# webtalk_add_data -client sdk -key PerfCount -value "0" -context "sdk\\\\bsp/1700150794376"
# webtalk_add_data -client sdk -key FlashCount -value "0" -context "sdk\\\\bsp/1700150794376"
# webtalk_add_data -client sdk -key CrossTriggCount -value "0" -context "sdk\\\\bsp/1700150794376"
# webtalk_add_data -client sdk -key QemuDebugCount -value "0" -context "sdk\\\\bsp/1700150794376"
# webtalk_transmit -clientid 243073700 -regid "" -xml /home/sca.user/Desktop/arm_softcore/AT426-r0p1-00rel0-1/AT426-BU-98000-r0p1-00rel0/software/CW305_DesignStart/sdk_workspace/webtalk/usage_statistics_ext_sdk.xml -html /home/sca.user/Desktop/arm_softcore/AT426-r0p1-00rel0-1/AT426-BU-98000-r0p1-00rel0/software/CW305_DesignStart/sdk_workspace/webtalk/usage_statistics_ext_sdk.html -wdm /home/sca.user/Desktop/arm_softcore/AT426-r0p1-00rel0-1/AT426-BU-98000-r0p1-00rel0/software/CW305_DesignStart/sdk_workspace/webtalk/sdk_webtalk.wdm -intro "<H3>SDK Usage Report</H3><BR>"
# webtalk_terminate
INFO: [Common 17-206] Exiting Webtalk at Thu Nov 16 17:06:36 2023...
