13:51:07 **** Build of project standalone_bsp_0 ****
make -k all 
Running Make include in Cortex_M3_0/libsrc/bram_v4_3/src
make -C Cortex_M3_0/libsrc/bram_v4_3/src -s include  "SHELL=/bin/sh" "COMPILER=arm-none-eabi-gcc" "ARCHIVER=arm-none-eabi-ar" "COMPILER_FLAGS=  -O2 -c" "EXTRA_COMPILER_FLAGS=-march=armv6-m -mthumb -Wall -Wextra"
Running Make include in Cortex_M3_0/libsrc/cpu_cortexm3_v1_0/src
make -C Cortex_M3_0/libsrc/cpu_cortexm3_v1_0/src -s include  "SHELL=/bin/sh" "COMPILER=arm-none-eabi-gcc" "ARCHIVER=arm-none-eabi-ar" "COMPILER_FLAGS=  -O2 -c" "EXTRA_COMPILER_FLAGS=-march=armv6-m -mthumb -Wall -Wextra"
Running Make include in Cortex_M3_0/libsrc/gpio_v4_4/src
make -C Cortex_M3_0/libsrc/gpio_v4_4/src -s include  "SHELL=/bin/sh" "COMPILER=arm-none-eabi-gcc" "ARCHIVER=arm-none-eabi-ar" "COMPILER_FLAGS=  -O2 -c" "EXTRA_COMPILER_FLAGS=-march=armv6-m -mthumb -Wall -Wextra"
Running Make include in Cortex_M3_0/libsrc/standalone_v6_7/src
make -C Cortex_M3_0/libsrc/standalone_v6_7/src -s include  "SHELL=/bin/sh" "COMPILER=arm-none-eabi-gcc" "ARCHIVER=arm-none-eabi-ar" "COMPILER_FLAGS=  -O2 -c" "EXTRA_COMPILER_FLAGS=-march=armv6-m -mthumb -Wall -Wextra"
Running Make include in Cortex_M3_0/libsrc/uartlite_v3_2/src
make -C Cortex_M3_0/libsrc/uartlite_v3_2/src -s include  "SHELL=/bin/sh" "COMPILER=arm-none-eabi-gcc" "ARCHIVER=arm-none-eabi-ar" "COMPILER_FLAGS=  -O2 -c" "EXTRA_COMPILER_FLAGS=-march=armv6-m -mthumb -Wall -Wextra"
Running Make libs in Cortex_M3_0/libsrc/bram_v4_3/src
make -C Cortex_M3_0/libsrc/bram_v4_3/src -s libs  "SHELL=/bin/sh" "COMPILER=arm-none-eabi-gcc" "ARCHIVER=arm-none-eabi-ar" "COMPILER_FLAGS=  -O2 -c" "EXTRA_COMPILER_FLAGS=-march=armv6-m -mthumb -Wall -Wextra"
Compiling bram
In file included from xbram_selftest.c:71:
../../../include/xil_cache.h: In function 'Xil_DCacheInvalidateRange':
../../../include/xil_cache.h:62:39: warning: unused parameter 'adr' [-Wunused-parameter]
 void Xil_DCacheInvalidateRange(INTPTR adr, u32 len) {};
                                ~~~~~~~^~~
../../../include/xil_cache.h:62:48: warning: unused parameter 'len' [-Wunused-parameter]
 void Xil_DCacheInvalidateRange(INTPTR adr, u32 len) {};
                                            ~~~~^~~
../../../include/xil_cache.h: In function 'Xil_DCacheFlushRange':
../../../include/xil_cache.h:64:34: warning: unused parameter 'adr' [-Wunused-parameter]
 void Xil_DCacheFlushRange(INTPTR adr, u32 len) {};
                           ~~~~~~~^~~
../../../include/xil_cache.h:64:43: warning: unused parameter 'len' [-Wunused-parameter]
 void Xil_DCacheFlushRange(INTPTR adr, u32 len) {};
                                       ~~~~^~~
../../../include/xil_cache.h: In function 'Xil_ICacheInvalidateRange':
../../../include/xil_cache.h:69:39: warning: unused parameter 'adr' [-Wunused-parameter]
 void Xil_ICacheInvalidateRange(INTPTR adr, u32 len) {};
                                ~~~~~~~^~~
../../../include/xil_cache.h:69:48: warning: unused parameter 'len' [-Wunused-parameter]
 void Xil_ICacheInvalidateRange(INTPTR adr, u32 len) {};
                                            ~~~~^~~
arm-none-eabi-ar: creating ../../../lib/libxil.a
Running Make libs in Cortex_M3_0/libsrc/cpu_cortexm3_v1_0/src
make -C Cortex_M3_0/libsrc/cpu_cortexm3_v1_0/src -s libs  "SHELL=/bin/sh" "COMPILER=arm-none-eabi-gcc" "ARCHIVER=arm-none-eabi-ar" "COMPILER_FLAGS=  -O2 -c" "EXTRA_COMPILER_FLAGS=-march=armv6-m -mthumb -Wall -Wextra"
Compiling cpu_cortexm3
Running Make libs in Cortex_M3_0/libsrc/gpio_v4_4/src
make -C Cortex_M3_0/libsrc/gpio_v4_4/src -s libs  "SHELL=/bin/sh" "COMPILER=arm-none-eabi-gcc" "ARCHIVER=arm-none-eabi-ar" "COMPILER_FLAGS=  -O2 -c" "EXTRA_COMPILER_FLAGS=-march=armv6-m -mthumb -Wall -Wextra"
Compiling gpio
Running Make libs in Cortex_M3_0/libsrc/standalone_v6_7/src
make -C Cortex_M3_0/libsrc/standalone_v6_7/src -s libs  "SHELL=/bin/sh" "COMPILER=arm-none-eabi-gcc" "ARCHIVER=arm-none-eabi-ar" "COMPILER_FLAGS=  -O2 -c" "EXTRA_COMPILER_FLAGS=-march=armv6-m -mthumb -Wall -Wextra"
Compiling standalone
In file included from xil_cache.c:108:
xil_cache.h: In function 'Xil_DCacheInvalidateRange':
xil_cache.h:62:39: warning: unused parameter 'adr' [-Wunused-parameter]
 void Xil_DCacheInvalidateRange(INTPTR adr, u32 len) {};
                                ~~~~~~~^~~
xil_cache.h:62:48: warning: unused parameter 'len' [-Wunused-parameter]
 void Xil_DCacheInvalidateRange(INTPTR adr, u32 len) {};
                                            ~~~~^~~
xil_cache.h: In function 'Xil_DCacheFlushRange':
xil_cache.h:64:34: warning: unused parameter 'adr' [-Wunused-parameter]
 void Xil_DCacheFlushRange(INTPTR adr, u32 len) {};
                           ~~~~~~~^~~
xil_cache.h:64:43: warning: unused parameter 'len' [-Wunused-parameter]
 void Xil_DCacheFlushRange(INTPTR adr, u32 len) {};
                                       ~~~~^~~
xil_cache.h: In function 'Xil_ICacheInvalidateRange':
xil_cache.h:69:39: warning: unused parameter 'adr' [-Wunused-parameter]
 void Xil_ICacheInvalidateRange(INTPTR adr, u32 len) {};
                                ~~~~~~~^~~
xil_cache.h:69:48: warning: unused parameter 'len' [-Wunused-parameter]
 void Xil_ICacheInvalidateRange(INTPTR adr, u32 len) {};
                                            ~~~~^~~
Running Make libs in Cortex_M3_0/libsrc/uartlite_v3_2/src
make -C Cortex_M3_0/libsrc/uartlite_v3_2/src -s libs  "SHELL=/bin/sh" "COMPILER=arm-none-eabi-gcc" "ARCHIVER=arm-none-eabi-ar" "COMPILER_FLAGS=  -O2 -c" "EXTRA_COMPILER_FLAGS=-march=armv6-m -mthumb -Wall -Wextra"
Compiling uartlite
Finished building libraries
12:46:59 **** Build of project standalone_bsp_0 ****
make -k all 
Running Make include in Cortex_M3_0/libsrc/bram_v4_3/src
make -C Cortex_M3_0/libsrc/bram_v4_3/src -s include  "SHELL=/bin/sh" "COMPILER=arm-none-eabi-gcc" "ARCHIVER=arm-none-eabi-ar" "COMPILER_FLAGS=  -O2 -c" "EXTRA_COMPILER_FLAGS=-march=armv6-m -mthumb -Wall -Wextra"
Running Make include in Cortex_M3_0/libsrc/cpu_cortexm3_v1_0/src
make -C Cortex_M3_0/libsrc/cpu_cortexm3_v1_0/src -s include  "SHELL=/bin/sh" "COMPILER=arm-none-eabi-gcc" "ARCHIVER=arm-none-eabi-ar" "COMPILER_FLAGS=  -O2 -c" "EXTRA_COMPILER_FLAGS=-march=armv6-m -mthumb -Wall -Wextra"
Running Make include in Cortex_M3_0/libsrc/gpio_v4_4/src
make -C Cortex_M3_0/libsrc/gpio_v4_4/src -s include  "SHELL=/bin/sh" "COMPILER=arm-none-eabi-gcc" "ARCHIVER=arm-none-eabi-ar" "COMPILER_FLAGS=  -O2 -c" "EXTRA_COMPILER_FLAGS=-march=armv6-m -mthumb -Wall -Wextra"
Running Make include in Cortex_M3_0/libsrc/standalone_v6_7/src
make -C Cortex_M3_0/libsrc/standalone_v6_7/src -s include  "SHELL=/bin/sh" "COMPILER=arm-none-eabi-gcc" "ARCHIVER=arm-none-eabi-ar" "COMPILER_FLAGS=  -O2 -c" "EXTRA_COMPILER_FLAGS=-march=armv6-m -mthumb -Wall -Wextra"
Running Make include in Cortex_M3_0/libsrc/uartlite_v3_2/src
make -C Cortex_M3_0/libsrc/uartlite_v3_2/src -s include  "SHELL=/bin/sh" "COMPILER=arm-none-eabi-gcc" "ARCHIVER=arm-none-eabi-ar" "COMPILER_FLAGS=  -O2 -c" "EXTRA_COMPILER_FLAGS=-march=armv6-m -mthumb -Wall -Wextra"
Running Make libs in Cortex_M3_0/libsrc/bram_v4_3/src
make -C Cortex_M3_0/libsrc/bram_v4_3/src -s libs  "SHELL=/bin/sh" "COMPILER=arm-none-eabi-gcc" "ARCHIVER=arm-none-eabi-ar" "COMPILER_FLAGS=  -O2 -c" "EXTRA_COMPILER_FLAGS=-march=armv6-m -mthumb -Wall -Wextra"
Compiling bram
In file included from xbram_selftest.c:71:
../../../include/xil_cache.h: In function 'Xil_DCacheInvalidateRange':
../../../include/xil_cache.h:62:39: warning: unused parameter 'adr' [-Wunused-parameter]
 void Xil_DCacheInvalidateRange(INTPTR adr, u32 len) {};
                                ~~~~~~~^~~
../../../include/xil_cache.h:62:48: warning: unused parameter 'len' [-Wunused-parameter]
 void Xil_DCacheInvalidateRange(INTPTR adr, u32 len) {};
                                            ~~~~^~~
../../../include/xil_cache.h: In function 'Xil_DCacheFlushRange':
../../../include/xil_cache.h:64:34: warning: unused parameter 'adr' [-Wunused-parameter]
 void Xil_DCacheFlushRange(INTPTR adr, u32 len) {};
                           ~~~~~~~^~~
../../../include/xil_cache.h:64:43: warning: unused parameter 'len' [-Wunused-parameter]
 void Xil_DCacheFlushRange(INTPTR adr, u32 len) {};
                                       ~~~~^~~
../../../include/xil_cache.h: In function 'Xil_ICacheInvalidateRange':
../../../include/xil_cache.h:69:39: warning: unused parameter 'adr' [-Wunused-parameter]
 void Xil_ICacheInvalidateRange(INTPTR adr, u32 len) {};
                                ~~~~~~~^~~
../../../include/xil_cache.h:69:48: warning: unused parameter 'len' [-Wunused-parameter]
 void Xil_ICacheInvalidateRange(INTPTR adr, u32 len) {};
                                            ~~~~^~~
Running Make libs in Cortex_M3_0/libsrc/cpu_cortexm3_v1_0/src
make -C Cortex_M3_0/libsrc/cpu_cortexm3_v1_0/src -s libs  "SHELL=/bin/sh" "COMPILER=arm-none-eabi-gcc" "ARCHIVER=arm-none-eabi-ar" "COMPILER_FLAGS=  -O2 -c" "EXTRA_COMPILER_FLAGS=-march=armv6-m -mthumb -Wall -Wextra"
Compiling cpu_cortexm3
Running Make libs in Cortex_M3_0/libsrc/gpio_v4_4/src
make -C Cortex_M3_0/libsrc/gpio_v4_4/src -s libs  "SHELL=/bin/sh" "COMPILER=arm-none-eabi-gcc" "ARCHIVER=arm-none-eabi-ar" "COMPILER_FLAGS=  -O2 -c" "EXTRA_COMPILER_FLAGS=-march=armv6-m -mthumb -Wall -Wextra"
Compiling gpio
Running Make libs in Cortex_M3_0/libsrc/standalone_v6_7/src
make -C Cortex_M3_0/libsrc/standalone_v6_7/src -s libs  "SHELL=/bin/sh" "COMPILER=arm-none-eabi-gcc" "ARCHIVER=arm-none-eabi-ar" "COMPILER_FLAGS=  -O2 -c" "EXTRA_COMPILER_FLAGS=-march=armv6-m -mthumb -Wall -Wextra"
Compiling standalone
In file included from xil_cache.c:108:
xil_cache.h: In function 'Xil_DCacheInvalidateRange':
xil_cache.h:62:39: warning: unused parameter 'adr' [-Wunused-parameter]
 void Xil_DCacheInvalidateRange(INTPTR adr, u32 len) {};
                                ~~~~~~~^~~
xil_cache.h:62:48: warning: unused parameter 'len' [-Wunused-parameter]
 void Xil_DCacheInvalidateRange(INTPTR adr, u32 len) {};
                                            ~~~~^~~
xil_cache.h: In function 'Xil_DCacheFlushRange':
xil_cache.h:64:34: warning: unused parameter 'adr' [-Wunused-parameter]
 void Xil_DCacheFlushRange(INTPTR adr, u32 len) {};
                           ~~~~~~~^~~
xil_cache.h:64:43: warning: unused parameter 'len' [-Wunused-parameter]
 void Xil_DCacheFlushRange(INTPTR adr, u32 len) {};
                                       ~~~~^~~
xil_cache.h: In function 'Xil_ICacheInvalidateRange':
xil_cache.h:69:39: warning: unused parameter 'adr' [-Wunused-parameter]
 void Xil_ICacheInvalidateRange(INTPTR adr, u32 len) {};
                                ~~~~~~~^~~
xil_cache.h:69:48: warning: unused parameter 'len' [-Wunused-parameter]
 void Xil_ICacheInvalidateRange(INTPTR adr, u32 len) {};
                                            ~~~~^~~
Running Make libs in Cortex_M3_0/libsrc/uartlite_v3_2/src
make -C Cortex_M3_0/libsrc/uartlite_v3_2/src -s libs  "SHELL=/bin/sh" "COMPILER=arm-none-eabi-gcc" "ARCHIVER=arm-none-eabi-ar" "COMPILER_FLAGS=  -O2 -c" "EXTRA_COMPILER_FLAGS=-march=armv6-m -mthumb -Wall -Wextra"
Compiling uartlite
Finished building libraries
12:55:49 **** Build of project standalone_bsp_0 ****
make -k all 
Running Make include in Cortex_M3_0/libsrc/bram_v4_3/src
make -C Cortex_M3_0/libsrc/bram_v4_3/src -s include  "SHELL=/bin/sh" "COMPILER=arm-none-eabi-gcc" "ARCHIVER=arm-none-eabi-ar" "COMPILER_FLAGS=  -O2 -c" "EXTRA_COMPILER_FLAGS=-march=armv6-m -mthumb -Wall -Wextra"
Running Make include in Cortex_M3_0/libsrc/cpu_cortexm3_v1_0/src
make -C Cortex_M3_0/libsrc/cpu_cortexm3_v1_0/src -s include  "SHELL=/bin/sh" "COMPILER=arm-none-eabi-gcc" "ARCHIVER=arm-none-eabi-ar" "COMPILER_FLAGS=  -O2 -c" "EXTRA_COMPILER_FLAGS=-march=armv6-m -mthumb -Wall -Wextra"
Running Make include in Cortex_M3_0/libsrc/gpio_v4_4/src
make -C Cortex_M3_0/libsrc/gpio_v4_4/src -s include  "SHELL=/bin/sh" "COMPILER=arm-none-eabi-gcc" "ARCHIVER=arm-none-eabi-ar" "COMPILER_FLAGS=  -O2 -c" "EXTRA_COMPILER_FLAGS=-march=armv6-m -mthumb -Wall -Wextra"
Running Make include in Cortex_M3_0/libsrc/standalone_v6_7/src
make -C Cortex_M3_0/libsrc/standalone_v6_7/src -s include  "SHELL=/bin/sh" "COMPILER=arm-none-eabi-gcc" "ARCHIVER=arm-none-eabi-ar" "COMPILER_FLAGS=  -O2 -c" "EXTRA_COMPILER_FLAGS=-march=armv6-m -mthumb -Wall -Wextra"
Running Make include in Cortex_M3_0/libsrc/uartlite_v3_2/src
make -C Cortex_M3_0/libsrc/uartlite_v3_2/src -s include  "SHELL=/bin/sh" "COMPILER=arm-none-eabi-gcc" "ARCHIVER=arm-none-eabi-ar" "COMPILER_FLAGS=  -O2 -c" "EXTRA_COMPILER_FLAGS=-march=armv6-m -mthumb -Wall -Wextra"
Running Make libs in Cortex_M3_0/libsrc/bram_v4_3/src
make -C Cortex_M3_0/libsrc/bram_v4_3/src -s libs  "SHELL=/bin/sh" "COMPILER=arm-none-eabi-gcc" "ARCHIVER=arm-none-eabi-ar" "COMPILER_FLAGS=  -O2 -c" "EXTRA_COMPILER_FLAGS=-march=armv6-m -mthumb -Wall -Wextra"
Compiling bram
In file included from xbram_selftest.c:71:
../../../include/xil_cache.h: In function 'Xil_DCacheInvalidateRange':
../../../include/xil_cache.h:62:39: warning: unused parameter 'adr' [-Wunused-parameter]
 void Xil_DCacheInvalidateRange(INTPTR adr, u32 len) {};
                                ~~~~~~~^~~
../../../include/xil_cache.h:62:48: warning: unused parameter 'len' [-Wunused-parameter]
 void Xil_DCacheInvalidateRange(INTPTR adr, u32 len) {};
                                            ~~~~^~~
../../../include/xil_cache.h: In function 'Xil_DCacheFlushRange':
../../../include/xil_cache.h:64:34: warning: unused parameter 'adr' [-Wunused-parameter]
 void Xil_DCacheFlushRange(INTPTR adr, u32 len) {};
                           ~~~~~~~^~~
../../../include/xil_cache.h:64:43: warning: unused parameter 'len' [-Wunused-parameter]
 void Xil_DCacheFlushRange(INTPTR adr, u32 len) {};
                                       ~~~~^~~
../../../include/xil_cache.h: In function 'Xil_ICacheInvalidateRange':
../../../include/xil_cache.h:69:39: warning: unused parameter 'adr' [-Wunused-parameter]
 void Xil_ICacheInvalidateRange(INTPTR adr, u32 len) {};
                                ~~~~~~~^~~
../../../include/xil_cache.h:69:48: warning: unused parameter 'len' [-Wunused-parameter]
 void Xil_ICacheInvalidateRange(INTPTR adr, u32 len) {};
                                            ~~~~^~~
arm-none-eabi-ar: creating ../../../lib/libxil.a
Running Make libs in Cortex_M3_0/libsrc/cpu_cortexm3_v1_0/src
make -C Cortex_M3_0/libsrc/cpu_cortexm3_v1_0/src -s libs  "SHELL=/bin/sh" "COMPILER=arm-none-eabi-gcc" "ARCHIVER=arm-none-eabi-ar" "COMPILER_FLAGS=  -O2 -c" "EXTRA_COMPILER_FLAGS=-march=armv6-m -mthumb -Wall -Wextra"
Compiling cpu_cortexm3
Running Make libs in Cortex_M3_0/libsrc/gpio_v4_4/src
make -C Cortex_M3_0/libsrc/gpio_v4_4/src -s libs  "SHELL=/bin/sh" "COMPILER=arm-none-eabi-gcc" "ARCHIVER=arm-none-eabi-ar" "COMPILER_FLAGS=  -O2 -c" "EXTRA_COMPILER_FLAGS=-march=armv6-m -mthumb -Wall -Wextra"
Compiling gpio
Running Make libs in Cortex_M3_0/libsrc/standalone_v6_7/src
make -C Cortex_M3_0/libsrc/standalone_v6_7/src -s libs  "SHELL=/bin/sh" "COMPILER=arm-none-eabi-gcc" "ARCHIVER=arm-none-eabi-ar" "COMPILER_FLAGS=  -O2 -c" "EXTRA_COMPILER_FLAGS=-march=armv6-m -mthumb -Wall -Wextra"
Compiling standalone
In file included from xil_cache.c:108:
xil_cache.h: In function 'Xil_DCacheInvalidateRange':
xil_cache.h:62:39: warning: unused parameter 'adr' [-Wunused-parameter]
 void Xil_DCacheInvalidateRange(INTPTR adr, u32 len) {};
                                ~~~~~~~^~~
xil_cache.h:62:48: warning: unused parameter 'len' [-Wunused-parameter]
 void Xil_DCacheInvalidateRange(INTPTR adr, u32 len) {};
                                            ~~~~^~~
xil_cache.h: In function 'Xil_DCacheFlushRange':
xil_cache.h:64:34: warning: unused parameter 'adr' [-Wunused-parameter]
 void Xil_DCacheFlushRange(INTPTR adr, u32 len) {};
                           ~~~~~~~^~~
xil_cache.h:64:43: warning: unused parameter 'len' [-Wunused-parameter]
 void Xil_DCacheFlushRange(INTPTR adr, u32 len) {};
                                       ~~~~^~~
xil_cache.h: In function 'Xil_ICacheInvalidateRange':
xil_cache.h:69:39: warning: unused parameter 'adr' [-Wunused-parameter]
 void Xil_ICacheInvalidateRange(INTPTR adr, u32 len) {};
                                ~~~~~~~^~~
xil_cache.h:69:48: warning: unused parameter 'len' [-Wunused-parameter]
 void Xil_ICacheInvalidateRange(INTPTR adr, u32 len) {};
                                            ~~~~^~~
Running Make libs in Cortex_M3_0/libsrc/uartlite_v3_2/src
make -C Cortex_M3_0/libsrc/uartlite_v3_2/src -s libs  "SHELL=/bin/sh" "COMPILER=arm-none-eabi-gcc" "ARCHIVER=arm-none-eabi-ar" "COMPILER_FLAGS=  -O2 -c" "EXTRA_COMPILER_FLAGS=-march=armv6-m -mthumb -Wall -Wextra"
Compiling uartlite
Finished building libraries
12:57:18 **** Build of project standalone_bsp_0 ****
make -k all 
Running Make include in Cortex_M3_0/libsrc/bram_v4_3/src
make -C Cortex_M3_0/libsrc/bram_v4_3/src -s include  "SHELL=/bin/sh" "COMPILER=arm-none-eabi-gcc" "ARCHIVER=arm-none-eabi-ar" "COMPILER_FLAGS=  -O2 -c" "EXTRA_COMPILER_FLAGS=-march=armv6-m -mthumb -Wall -Wextra"
Running Make include in Cortex_M3_0/libsrc/cpu_cortexm3_v1_0/src
make -C Cortex_M3_0/libsrc/cpu_cortexm3_v1_0/src -s include  "SHELL=/bin/sh" "COMPILER=arm-none-eabi-gcc" "ARCHIVER=arm-none-eabi-ar" "COMPILER_FLAGS=  -O2 -c" "EXTRA_COMPILER_FLAGS=-march=armv6-m -mthumb -Wall -Wextra"
Running Make include in Cortex_M3_0/libsrc/gpio_v4_4/src
make -C Cortex_M3_0/libsrc/gpio_v4_4/src -s include  "SHELL=/bin/sh" "COMPILER=arm-none-eabi-gcc" "ARCHIVER=arm-none-eabi-ar" "COMPILER_FLAGS=  -O2 -c" "EXTRA_COMPILER_FLAGS=-march=armv6-m -mthumb -Wall -Wextra"
Running Make include in Cortex_M3_0/libsrc/standalone_v6_7/src
make -C Cortex_M3_0/libsrc/standalone_v6_7/src -s include  "SHELL=/bin/sh" "COMPILER=arm-none-eabi-gcc" "ARCHIVER=arm-none-eabi-ar" "COMPILER_FLAGS=  -O2 -c" "EXTRA_COMPILER_FLAGS=-march=armv6-m -mthumb -Wall -Wextra"
Running Make include in Cortex_M3_0/libsrc/uartlite_v3_2/src
make -C Cortex_M3_0/libsrc/uartlite_v3_2/src -s include  "SHELL=/bin/sh" "COMPILER=arm-none-eabi-gcc" "ARCHIVER=arm-none-eabi-ar" "COMPILER_FLAGS=  -O2 -c" "EXTRA_COMPILER_FLAGS=-march=armv6-m -mthumb -Wall -Wextra"
Running Make libs in Cortex_M3_0/libsrc/bram_v4_3/src
make -C Cortex_M3_0/libsrc/bram_v4_3/src -s libs  "SHELL=/bin/sh" "COMPILER=arm-none-eabi-gcc" "ARCHIVER=arm-none-eabi-ar" "COMPILER_FLAGS=  -O2 -c" "EXTRA_COMPILER_FLAGS=-march=armv6-m -mthumb -Wall -Wextra"
Compiling bram
In file included from xbram_selftest.c:71:
../../../include/xil_cache.h: In function 'Xil_DCacheInvalidateRange':
../../../include/xil_cache.h:62:39: warning: unused parameter 'adr' [-Wunused-parameter]
 void Xil_DCacheInvalidateRange(INTPTR adr, u32 len) {};
                                ~~~~~~~^~~
../../../include/xil_cache.h:62:48: warning: unused parameter 'len' [-Wunused-parameter]
 void Xil_DCacheInvalidateRange(INTPTR adr, u32 len) {};
                                            ~~~~^~~
../../../include/xil_cache.h: In function 'Xil_DCacheFlushRange':
../../../include/xil_cache.h:64:34: warning: unused parameter 'adr' [-Wunused-parameter]
 void Xil_DCacheFlushRange(INTPTR adr, u32 len) {};
                           ~~~~~~~^~~
../../../include/xil_cache.h:64:43: warning: unused parameter 'len' [-Wunused-parameter]
 void Xil_DCacheFlushRange(INTPTR adr, u32 len) {};
                                       ~~~~^~~
../../../include/xil_cache.h: In function 'Xil_ICacheInvalidateRange':
../../../include/xil_cache.h:69:39: warning: unused parameter 'adr' [-Wunused-parameter]
 void Xil_ICacheInvalidateRange(INTPTR adr, u32 len) {};
                                ~~~~~~~^~~
../../../include/xil_cache.h:69:48: warning: unused parameter 'len' [-Wunused-parameter]
 void Xil_ICacheInvalidateRange(INTPTR adr, u32 len) {};
                                            ~~~~^~~
arm-none-eabi-ar: creating ../../../lib/libxil.a
Running Make libs in Cortex_M3_0/libsrc/cpu_cortexm3_v1_0/src
make -C Cortex_M3_0/libsrc/cpu_cortexm3_v1_0/src -s libs  "SHELL=/bin/sh" "COMPILER=arm-none-eabi-gcc" "ARCHIVER=arm-none-eabi-ar" "COMPILER_FLAGS=  -O2 -c" "EXTRA_COMPILER_FLAGS=-march=armv6-m -mthumb -Wall -Wextra"
Compiling cpu_cortexm3
Running Make libs in Cortex_M3_0/libsrc/gpio_v4_4/src
make -C Cortex_M3_0/libsrc/gpio_v4_4/src -s libs  "SHELL=/bin/sh" "COMPILER=arm-none-eabi-gcc" "ARCHIVER=arm-none-eabi-ar" "COMPILER_FLAGS=  -O2 -c" "EXTRA_COMPILER_FLAGS=-march=armv6-m -mthumb -Wall -Wextra"
Compiling gpio
Running Make libs in Cortex_M3_0/libsrc/standalone_v6_7/src
make -C Cortex_M3_0/libsrc/standalone_v6_7/src -s libs  "SHELL=/bin/sh" "COMPILER=arm-none-eabi-gcc" "ARCHIVER=arm-none-eabi-ar" "COMPILER_FLAGS=  -O2 -c" "EXTRA_COMPILER_FLAGS=-march=armv6-m -mthumb -Wall -Wextra"
Compiling standalone
inbyte.c: In function 'inbyte':
inbyte.c:11:1: warning: control reaches end of non-void function [-Wreturn-type]
 }
 ^
outbyte.c: In function 'outbyte':
outbyte.c:11:19: warning: unused parameter 'c' [-Wunused-parameter]
 void outbyte(char c) {
              ~~~~~^
In file included from xil_cache.c:108:
xil_cache.h: In function 'Xil_DCacheInvalidateRange':
xil_cache.h:62:39: warning: unused parameter 'adr' [-Wunused-parameter]
 void Xil_DCacheInvalidateRange(INTPTR adr, u32 len) {};
                                ~~~~~~~^~~
xil_cache.h:62:48: warning: unused parameter 'len' [-Wunused-parameter]
 void Xil_DCacheInvalidateRange(INTPTR adr, u32 len) {};
                                            ~~~~^~~
xil_cache.h: In function 'Xil_DCacheFlushRange':
xil_cache.h:64:34: warning: unused parameter 'adr' [-Wunused-parameter]
 void Xil_DCacheFlushRange(INTPTR adr, u32 len) {};
                           ~~~~~~~^~~
xil_cache.h:64:43: warning: unused parameter 'len' [-Wunused-parameter]
 void Xil_DCacheFlushRange(INTPTR adr, u32 len) {};
                                       ~~~~^~~
xil_cache.h: In function 'Xil_ICacheInvalidateRange':
xil_cache.h:69:39: warning: unused parameter 'adr' [-Wunused-parameter]
 void Xil_ICacheInvalidateRange(INTPTR adr, u32 len) {};
                                ~~~~~~~^~~
xil_cache.h:69:48: warning: unused parameter 'len' [-Wunused-parameter]
 void Xil_ICacheInvalidateRange(INTPTR adr, u32 len) {};
                                            ~~~~^~~
Running Make libs in Cortex_M3_0/libsrc/uartlite_v3_2/src
make -C Cortex_M3_0/libsrc/uartlite_v3_2/src -s libs  "SHELL=/bin/sh" "COMPILER=arm-none-eabi-gcc" "ARCHIVER=arm-none-eabi-ar" "COMPILER_FLAGS=  -O2 -c" "EXTRA_COMPILER_FLAGS=-march=armv6-m -mthumb -Wall -Wextra"
Compiling uartlite
Finished building libraries
12:57:32 **** Auto Build of project standalone_bsp_0 ****
make -k all 
Running Make include in Cortex_M3_0/libsrc/bram_v4_3/src
make -C Cortex_M3_0/libsrc/bram_v4_3/src -s include  "SHELL=/bin/sh" "COMPILER=arm-none-eabi-gcc" "ARCHIVER=arm-none-eabi-ar" "COMPILER_FLAGS=  -O2 -c" "EXTRA_COMPILER_FLAGS=-march=armv6-m -mthumb -Wall -Wextra"
Running Make include in Cortex_M3_0/libsrc/cpu_cortexm3_v1_0/src
make -C Cortex_M3_0/libsrc/cpu_cortexm3_v1_0/src -s include  "SHELL=/bin/sh" "COMPILER=arm-none-eabi-gcc" "ARCHIVER=arm-none-eabi-ar" "COMPILER_FLAGS=  -O2 -c" "EXTRA_COMPILER_FLAGS=-march=armv6-m -mthumb -Wall -Wextra"
Running Make include in Cortex_M3_0/libsrc/gpio_v4_4/src
make -C Cortex_M3_0/libsrc/gpio_v4_4/src -s include  "SHELL=/bin/sh" "COMPILER=arm-none-eabi-gcc" "ARCHIVER=arm-none-eabi-ar" "COMPILER_FLAGS=  -O2 -c" "EXTRA_COMPILER_FLAGS=-march=armv6-m -mthumb -Wall -Wextra"
Running Make include in Cortex_M3_0/libsrc/standalone_v6_7/src
make -C Cortex_M3_0/libsrc/standalone_v6_7/src -s include  "SHELL=/bin/sh" "COMPILER=arm-none-eabi-gcc" "ARCHIVER=arm-none-eabi-ar" "COMPILER_FLAGS=  -O2 -c" "EXTRA_COMPILER_FLAGS=-march=armv6-m -mthumb -Wall -Wextra"
Running Make include in Cortex_M3_0/libsrc/uartlite_v3_2/src
make -C Cortex_M3_0/libsrc/uartlite_v3_2/src -s include  "SHELL=/bin/sh" "COMPILER=arm-none-eabi-gcc" "ARCHIVER=arm-none-eabi-ar" "COMPILER_FLAGS=  -O2 -c" "EXTRA_COMPILER_FLAGS=-march=armv6-m -mthumb -Wall -Wextra"
Running Make libs in Cortex_M3_0/libsrc/bram_v4_3/src
make -C Cortex_M3_0/libsrc/bram_v4_3/src -s libs  "SHELL=/bin/sh" "COMPILER=arm-none-eabi-gcc" "ARCHIVER=arm-none-eabi-ar" "COMPILER_FLAGS=  -O2 -c" "EXTRA_COMPILER_FLAGS=-march=armv6-m -mthumb -Wall -Wextra"
Compiling bram
In file included from xbram_selftest.c:71:
../../../include/xil_cache.h: In function 'Xil_DCacheInvalidateRange':
../../../include/xil_cache.h:62:39: warning: unused parameter 'adr' [-Wunused-parameter]
 void Xil_DCacheInvalidateRange(INTPTR adr, u32 len) {};
                                ~~~~~~~^~~
../../../include/xil_cache.h:62:48: warning: unused parameter 'len' [-Wunused-parameter]
 void Xil_DCacheInvalidateRange(INTPTR adr, u32 len) {};
                                            ~~~~^~~
../../../include/xil_cache.h: In function 'Xil_DCacheFlushRange':
../../../include/xil_cache.h:64:34: warning: unused parameter 'adr' [-Wunused-parameter]
 void Xil_DCacheFlushRange(INTPTR adr, u32 len) {};
                           ~~~~~~~^~~
../../../include/xil_cache.h:64:43: warning: unused parameter 'len' [-Wunused-parameter]
 void Xil_DCacheFlushRange(INTPTR adr, u32 len) {};
                                       ~~~~^~~
../../../include/xil_cache.h: In function 'Xil_ICacheInvalidateRange':
../../../include/xil_cache.h:69:39: warning: unused parameter 'adr' [-Wunused-parameter]
 void Xil_ICacheInvalidateRange(INTPTR adr, u32 len) {};
                                ~~~~~~~^~~
../../../include/xil_cache.h:69:48: warning: unused parameter 'len' [-Wunused-parameter]
 void Xil_ICacheInvalidateRange(INTPTR adr, u32 len) {};
                                            ~~~~^~~
arm-none-eabi-ar: creating ../../../lib/libxil.a
Running Make libs in Cortex_M3_0/libsrc/cpu_cortexm3_v1_0/src
make -C Cortex_M3_0/libsrc/cpu_cortexm3_v1_0/src -s libs  "SHELL=/bin/sh" "COMPILER=arm-none-eabi-gcc" "ARCHIVER=arm-none-eabi-ar" "COMPILER_FLAGS=  -O2 -c" "EXTRA_COMPILER_FLAGS=-march=armv6-m -mthumb -Wall -Wextra"
Compiling cpu_cortexm3
Running Make libs in Cortex_M3_0/libsrc/gpio_v4_4/src
make -C Cortex_M3_0/libsrc/gpio_v4_4/src -s libs  "SHELL=/bin/sh" "COMPILER=arm-none-eabi-gcc" "ARCHIVER=arm-none-eabi-ar" "COMPILER_FLAGS=  -O2 -c" "EXTRA_COMPILER_FLAGS=-march=armv6-m -mthumb -Wall -Wextra"
Compiling gpio
Running Make libs in Cortex_M3_0/libsrc/standalone_v6_7/src
make -C Cortex_M3_0/libsrc/standalone_v6_7/src -s libs  "SHELL=/bin/sh" "COMPILER=arm-none-eabi-gcc" "ARCHIVER=arm-none-eabi-ar" "COMPILER_FLAGS=  -O2 -c" "EXTRA_COMPILER_FLAGS=-march=armv6-m -mthumb -Wall -Wextra"
Compiling standalone
inbyte.c: In function 'inbyte':
inbyte.c:11:1: warning: control reaches end of non-void function [-Wreturn-type]
 }
 ^
outbyte.c: In function 'outbyte':
outbyte.c:11:19: warning: unused parameter 'c' [-Wunused-parameter]
 void outbyte(char c) {
              ~~~~~^
In file included from xil_cache.c:108:
xil_cache.h: In function 'Xil_DCacheInvalidateRange':
xil_cache.h:62:39: warning: unused parameter 'adr' [-Wunused-parameter]
 void Xil_DCacheInvalidateRange(INTPTR adr, u32 len) {};
                                ~~~~~~~^~~
xil_cache.h:62:48: warning: unused parameter 'len' [-Wunused-parameter]
 void Xil_DCacheInvalidateRange(INTPTR adr, u32 len) {};
                                            ~~~~^~~
xil_cache.h: In function 'Xil_DCacheFlushRange':
xil_cache.h:64:34: warning: unused parameter 'adr' [-Wunused-parameter]
 void Xil_DCacheFlushRange(INTPTR adr, u32 len) {};
                           ~~~~~~~^~~
xil_cache.h:64:43: warning: unused parameter 'len' [-Wunused-parameter]
 void Xil_DCacheFlushRange(INTPTR adr, u32 len) {};
                                       ~~~~^~~
xil_cache.h: In function 'Xil_ICacheInvalidateRange':
xil_cache.h:69:39: warning: unused parameter 'adr' [-Wunused-parameter]
 void Xil_ICacheInvalidateRange(INTPTR adr, u32 len) {};
                                ~~~~~~~^~~
xil_cache.h:69:48: warning: unused parameter 'len' [-Wunused-parameter]
 void Xil_ICacheInvalidateRange(INTPTR adr, u32 len) {};
                                            ~~~~^~~
Running Make libs in Cortex_M3_0/libsrc/uartlite_v3_2/src
make -C Cortex_M3_0/libsrc/uartlite_v3_2/src -s libs  "SHELL=/bin/sh" "COMPILER=arm-none-eabi-gcc" "ARCHIVER=arm-none-eabi-ar" "COMPILER_FLAGS=  -O2 -c" "EXTRA_COMPILER_FLAGS=-march=armv6-m -mthumb -Wall -Wextra"
Compiling uartlite
Finished building libraries
12:57:37 **** Auto Build of project standalone_bsp_0 ****
make -k all 
Running Make include in Cortex_M3_0/libsrc/bram_v4_3/src
make -C Cortex_M3_0/libsrc/bram_v4_3/src -s include  "SHELL=/bin/sh" "COMPILER=arm-none-eabi-gcc" "ARCHIVER=arm-none-eabi-ar" "COMPILER_FLAGS=  -O2 -c" "EXTRA_COMPILER_FLAGS=-march=armv6-m -mthumb -Wall -Wextra"
Running Make include in Cortex_M3_0/libsrc/cpu_cortexm3_v1_0/src
make -C Cortex_M3_0/libsrc/cpu_cortexm3_v1_0/src -s include  "SHELL=/bin/sh" "COMPILER=arm-none-eabi-gcc" "ARCHIVER=arm-none-eabi-ar" "COMPILER_FLAGS=  -O2 -c" "EXTRA_COMPILER_FLAGS=-march=armv6-m -mthumb -Wall -Wextra"
Running Make include in Cortex_M3_0/libsrc/gpio_v4_4/src
make -C Cortex_M3_0/libsrc/gpio_v4_4/src -s include  "SHELL=/bin/sh" "COMPILER=arm-none-eabi-gcc" "ARCHIVER=arm-none-eabi-ar" "COMPILER_FLAGS=  -O2 -c" "EXTRA_COMPILER_FLAGS=-march=armv6-m -mthumb -Wall -Wextra"
Running Make include in Cortex_M3_0/libsrc/standalone_v6_7/src
make -C Cortex_M3_0/libsrc/standalone_v6_7/src -s include  "SHELL=/bin/sh" "COMPILER=arm-none-eabi-gcc" "ARCHIVER=arm-none-eabi-ar" "COMPILER_FLAGS=  -O2 -c" "EXTRA_COMPILER_FLAGS=-march=armv6-m -mthumb -Wall -Wextra"
Running Make include in Cortex_M3_0/libsrc/uartlite_v3_2/src
make -C Cortex_M3_0/libsrc/uartlite_v3_2/src -s include  "SHELL=/bin/sh" "COMPILER=arm-none-eabi-gcc" "ARCHIVER=arm-none-eabi-ar" "COMPILER_FLAGS=  -O2 -c" "EXTRA_COMPILER_FLAGS=-march=armv6-m -mthumb -Wall -Wextra"
Running Make libs in Cortex_M3_0/libsrc/bram_v4_3/src
make -C Cortex_M3_0/libsrc/bram_v4_3/src -s libs  "SHELL=/bin/sh" "COMPILER=arm-none-eabi-gcc" "ARCHIVER=arm-none-eabi-ar" "COMPILER_FLAGS=  -O2 -c" "EXTRA_COMPILER_FLAGS=-march=armv6-m -mthumb -Wall -Wextra"
Compiling bram
In file included from xbram_selftest.c:71:
../../../include/xil_cache.h: In function 'Xil_DCacheInvalidateRange':
../../../include/xil_cache.h:62:39: warning: unused parameter 'adr' [-Wunused-parameter]
 void Xil_DCacheInvalidateRange(INTPTR adr, u32 len) {};
                                ~~~~~~~^~~
../../../include/xil_cache.h:62:48: warning: unused parameter 'len' [-Wunused-parameter]
 void Xil_DCacheInvalidateRange(INTPTR adr, u32 len) {};
                                            ~~~~^~~
../../../include/xil_cache.h: In function 'Xil_DCacheFlushRange':
../../../include/xil_cache.h:64:34: warning: unused parameter 'adr' [-Wunused-parameter]
 void Xil_DCacheFlushRange(INTPTR adr, u32 len) {};
                           ~~~~~~~^~~
../../../include/xil_cache.h:64:43: warning: unused parameter 'len' [-Wunused-parameter]
 void Xil_DCacheFlushRange(INTPTR adr, u32 len) {};
                                       ~~~~^~~
../../../include/xil_cache.h: In function 'Xil_ICacheInvalidateRange':
../../../include/xil_cache.h:69:39: warning: unused parameter 'adr' [-Wunused-parameter]
 void Xil_ICacheInvalidateRange(INTPTR adr, u32 len) {};
                                ~~~~~~~^~~
../../../include/xil_cache.h:69:48: warning: unused parameter 'len' [-Wunused-parameter]
 void Xil_ICacheInvalidateRange(INTPTR adr, u32 len) {};
                                            ~~~~^~~
Running Make libs in Cortex_M3_0/libsrc/cpu_cortexm3_v1_0/src
make -C Cortex_M3_0/libsrc/cpu_cortexm3_v1_0/src -s libs  "SHELL=/bin/sh" "COMPILER=arm-none-eabi-gcc" "ARCHIVER=arm-none-eabi-ar" "COMPILER_FLAGS=  -O2 -c" "EXTRA_COMPILER_FLAGS=-march=armv6-m -mthumb -Wall -Wextra"
Compiling cpu_cortexm3
Running Make libs in Cortex_M3_0/libsrc/gpio_v4_4/src
make -C Cortex_M3_0/libsrc/gpio_v4_4/src -s libs  "SHELL=/bin/sh" "COMPILER=arm-none-eabi-gcc" "ARCHIVER=arm-none-eabi-ar" "COMPILER_FLAGS=  -O2 -c" "EXTRA_COMPILER_FLAGS=-march=armv6-m -mthumb -Wall -Wextra"
Compiling gpio
Running Make libs in Cortex_M3_0/libsrc/standalone_v6_7/src
make -C Cortex_M3_0/libsrc/standalone_v6_7/src -s libs  "SHELL=/bin/sh" "COMPILER=arm-none-eabi-gcc" "ARCHIVER=arm-none-eabi-ar" "COMPILER_FLAGS=  -O2 -c" "EXTRA_COMPILER_FLAGS=-march=armv6-m -mthumb -Wall -Wextra"
Compiling standalone
inbyte.c: In function 'inbyte':
inbyte.c:11:1: warning: control reaches end of non-void function [-Wreturn-type]
 }
 ^
outbyte.c: In function 'outbyte':
outbyte.c:11:19: warning: unused parameter 'c' [-Wunused-parameter]
 void outbyte(char c) {
              ~~~~~^
In file included from xil_cache.c:108:
xil_cache.h: In function 'Xil_DCacheInvalidateRange':
xil_cache.h:62:39: warning: unused parameter 'adr' [-Wunused-parameter]
 void Xil_DCacheInvalidateRange(INTPTR adr, u32 len) {};
                                ~~~~~~~^~~
xil_cache.h:62:48: warning: unused parameter 'len' [-Wunused-parameter]
 void Xil_DCacheInvalidateRange(INTPTR adr, u32 len) {};
                                            ~~~~^~~
xil_cache.h: In function 'Xil_DCacheFlushRange':
xil_cache.h:64:34: warning: unused parameter 'adr' [-Wunused-parameter]
 void Xil_DCacheFlushRange(INTPTR adr, u32 len) {};
                           ~~~~~~~^~~
xil_cache.h:64:43: warning: unused parameter 'len' [-Wunused-parameter]
 void Xil_DCacheFlushRange(INTPTR adr, u32 len) {};
                                       ~~~~^~~
xil_cache.h: In function 'Xil_ICacheInvalidateRange':
xil_cache.h:69:39: warning: unused parameter 'adr' [-Wunused-parameter]
 void Xil_ICacheInvalidateRange(INTPTR adr, u32 len) {};
                                ~~~~~~~^~~
xil_cache.h:69:48: warning: unused parameter 'len' [-Wunused-parameter]
 void Xil_ICacheInvalidateRange(INTPTR adr, u32 len) {};
                                            ~~~~^~~
Running Make libs in Cortex_M3_0/libsrc/uartlite_v3_2/src
make -C Cortex_M3_0/libsrc/uartlite_v3_2/src -s libs  "SHELL=/bin/sh" "COMPILER=arm-none-eabi-gcc" "ARCHIVER=arm-none-eabi-ar" "COMPILER_FLAGS=  -O2 -c" "EXTRA_COMPILER_FLAGS=-march=armv6-m -mthumb -Wall -Wextra"
Compiling uartlite
Finished building libraries
12:59:26 **** Auto Build of project standalone_bsp_0 ****
make -k all 
Running Make include in Cortex_M3_0/libsrc/bram_v4_3/src
make -C Cortex_M3_0/libsrc/bram_v4_3/src -s include  "SHELL=/bin/sh" "COMPILER=arm-none-eabi-gcc" "ARCHIVER=arm-none-eabi-ar" "COMPILER_FLAGS=  -O2 -c" "EXTRA_COMPILER_FLAGS=-march=armv6-m -mthumb -Wall -Wextra"
Running Make include in Cortex_M3_0/libsrc/cpu_cortexm3_v1_0/src
make -C Cortex_M3_0/libsrc/cpu_cortexm3_v1_0/src -s include  "SHELL=/bin/sh" "COMPILER=arm-none-eabi-gcc" "ARCHIVER=arm-none-eabi-ar" "COMPILER_FLAGS=  -O2 -c" "EXTRA_COMPILER_FLAGS=-march=armv6-m -mthumb -Wall -Wextra"
Running Make include in Cortex_M3_0/libsrc/gpio_v4_4/src
make -C Cortex_M3_0/libsrc/gpio_v4_4/src -s include  "SHELL=/bin/sh" "COMPILER=arm-none-eabi-gcc" "ARCHIVER=arm-none-eabi-ar" "COMPILER_FLAGS=  -O2 -c" "EXTRA_COMPILER_FLAGS=-march=armv6-m -mthumb -Wall -Wextra"
Running Make include in Cortex_M3_0/libsrc/standalone_v6_7/src
make -C Cortex_M3_0/libsrc/standalone_v6_7/src -s include  "SHELL=/bin/sh" "COMPILER=arm-none-eabi-gcc" "ARCHIVER=arm-none-eabi-ar" "COMPILER_FLAGS=  -O2 -c" "EXTRA_COMPILER_FLAGS=-march=armv6-m -mthumb -Wall -Wextra"
Running Make include in Cortex_M3_0/libsrc/uartlite_v3_2/src
make -C Cortex_M3_0/libsrc/uartlite_v3_2/src -s include  "SHELL=/bin/sh" "COMPILER=arm-none-eabi-gcc" "ARCHIVER=arm-none-eabi-ar" "COMPILER_FLAGS=  -O2 -c" "EXTRA_COMPILER_FLAGS=-march=armv6-m -mthumb -Wall -Wextra"
Running Make libs in Cortex_M3_0/libsrc/bram_v4_3/src
make -C Cortex_M3_0/libsrc/bram_v4_3/src -s libs  "SHELL=/bin/sh" "COMPILER=arm-none-eabi-gcc" "ARCHIVER=arm-none-eabi-ar" "COMPILER_FLAGS=  -O2 -c" "EXTRA_COMPILER_FLAGS=-march=armv6-m -mthumb -Wall -Wextra"
Compiling bram
In file included from xbram_selftest.c:71:
../../../include/xil_cache.h: In function 'Xil_DCacheInvalidateRange':
../../../include/xil_cache.h:62:39: warning: unused parameter 'adr' [-Wunused-parameter]
 void Xil_DCacheInvalidateRange(INTPTR adr, u32 len) {};
                                ~~~~~~~^~~
../../../include/xil_cache.h:62:48: warning: unused parameter 'len' [-Wunused-parameter]
 void Xil_DCacheInvalidateRange(INTPTR adr, u32 len) {};
                                            ~~~~^~~
../../../include/xil_cache.h: In function 'Xil_DCacheFlushRange':
../../../include/xil_cache.h:64:34: warning: unused parameter 'adr' [-Wunused-parameter]
 void Xil_DCacheFlushRange(INTPTR adr, u32 len) {};
                           ~~~~~~~^~~
../../../include/xil_cache.h:64:43: warning: unused parameter 'len' [-Wunused-parameter]
 void Xil_DCacheFlushRange(INTPTR adr, u32 len) {};
                                       ~~~~^~~
../../../include/xil_cache.h: In function 'Xil_ICacheInvalidateRange':
../../../include/xil_cache.h:69:39: warning: unused parameter 'adr' [-Wunused-parameter]
 void Xil_ICacheInvalidateRange(INTPTR adr, u32 len) {};
                                ~~~~~~~^~~
../../../include/xil_cache.h:69:48: warning: unused parameter 'len' [-Wunused-parameter]
 void Xil_ICacheInvalidateRange(INTPTR adr, u32 len) {};
                                            ~~~~^~~
arm-none-eabi-ar: creating ../../../lib/libxil.a
Running Make libs in Cortex_M3_0/libsrc/cpu_cortexm3_v1_0/src
make -C Cortex_M3_0/libsrc/cpu_cortexm3_v1_0/src -s libs  "SHELL=/bin/sh" "COMPILER=arm-none-eabi-gcc" "ARCHIVER=arm-none-eabi-ar" "COMPILER_FLAGS=  -O2 -c" "EXTRA_COMPILER_FLAGS=-march=armv6-m -mthumb -Wall -Wextra"
Compiling cpu_cortexm3
Running Make libs in Cortex_M3_0/libsrc/gpio_v4_4/src
make -C Cortex_M3_0/libsrc/gpio_v4_4/src -s libs  "SHELL=/bin/sh" "COMPILER=arm-none-eabi-gcc" "ARCHIVER=arm-none-eabi-ar" "COMPILER_FLAGS=  -O2 -c" "EXTRA_COMPILER_FLAGS=-march=armv6-m -mthumb -Wall -Wextra"
Compiling gpio
Running Make libs in Cortex_M3_0/libsrc/standalone_v6_7/src
make -C Cortex_M3_0/libsrc/standalone_v6_7/src -s libs  "SHELL=/bin/sh" "COMPILER=arm-none-eabi-gcc" "ARCHIVER=arm-none-eabi-ar" "COMPILER_FLAGS=  -O2 -c" "EXTRA_COMPILER_FLAGS=-march=armv6-m -mthumb -Wall -Wextra"
Compiling standalone
In file included from xil_cache.c:108:
xil_cache.h: In function 'Xil_DCacheInvalidateRange':
xil_cache.h:62:39: warning: unused parameter 'adr' [-Wunused-parameter]
 void Xil_DCacheInvalidateRange(INTPTR adr, u32 len) {};
                                ~~~~~~~^~~
xil_cache.h:62:48: warning: unused parameter 'len' [-Wunused-parameter]
 void Xil_DCacheInvalidateRange(INTPTR adr, u32 len) {};
                                            ~~~~^~~
xil_cache.h: In function 'Xil_DCacheFlushRange':
xil_cache.h:64:34: warning: unused parameter 'adr' [-Wunused-parameter]
 void Xil_DCacheFlushRange(INTPTR adr, u32 len) {};
                           ~~~~~~~^~~
xil_cache.h:64:43: warning: unused parameter 'len' [-Wunused-parameter]
 void Xil_DCacheFlushRange(INTPTR adr, u32 len) {};
                                       ~~~~^~~
xil_cache.h: In function 'Xil_ICacheInvalidateRange':
xil_cache.h:69:39: warning: unused parameter 'adr' [-Wunused-parameter]
 void Xil_ICacheInvalidateRange(INTPTR adr, u32 len) {};
                                ~~~~~~~^~~
xil_cache.h:69:48: warning: unused parameter 'len' [-Wunused-parameter]
 void Xil_ICacheInvalidateRange(INTPTR adr, u32 len) {};
                                            ~~~~^~~
Running Make libs in Cortex_M3_0/libsrc/uartlite_v3_2/src
make -C Cortex_M3_0/libsrc/uartlite_v3_2/src -s libs  "SHELL=/bin/sh" "COMPILER=arm-none-eabi-gcc" "ARCHIVER=arm-none-eabi-ar" "COMPILER_FLAGS=  -O2 -c" "EXTRA_COMPILER_FLAGS=-march=armv6-m -mthumb -Wall -Wextra"
Compiling uartlite
Finished building libraries
12:59:31 **** Auto Build of project standalone_bsp_0 ****
make -k all 
Running Make include in Cortex_M3_0/libsrc/bram_v4_3/src
make -C Cortex_M3_0/libsrc/bram_v4_3/src -s include  "SHELL=/bin/sh" "COMPILER=arm-none-eabi-gcc" "ARCHIVER=arm-none-eabi-ar" "COMPILER_FLAGS=  -O2 -c" "EXTRA_COMPILER_FLAGS=-march=armv6-m -mthumb -Wall -Wextra"
Running Make include in Cortex_M3_0/libsrc/cpu_cortexm3_v1_0/src
make -C Cortex_M3_0/libsrc/cpu_cortexm3_v1_0/src -s include  "SHELL=/bin/sh" "COMPILER=arm-none-eabi-gcc" "ARCHIVER=arm-none-eabi-ar" "COMPILER_FLAGS=  -O2 -c" "EXTRA_COMPILER_FLAGS=-march=armv6-m -mthumb -Wall -Wextra"
Running Make include in Cortex_M3_0/libsrc/gpio_v4_4/src
make -C Cortex_M3_0/libsrc/gpio_v4_4/src -s include  "SHELL=/bin/sh" "COMPILER=arm-none-eabi-gcc" "ARCHIVER=arm-none-eabi-ar" "COMPILER_FLAGS=  -O2 -c" "EXTRA_COMPILER_FLAGS=-march=armv6-m -mthumb -Wall -Wextra"
Running Make include in Cortex_M3_0/libsrc/standalone_v6_7/src
make -C Cortex_M3_0/libsrc/standalone_v6_7/src -s include  "SHELL=/bin/sh" "COMPILER=arm-none-eabi-gcc" "ARCHIVER=arm-none-eabi-ar" "COMPILER_FLAGS=  -O2 -c" "EXTRA_COMPILER_FLAGS=-march=armv6-m -mthumb -Wall -Wextra"
Running Make include in Cortex_M3_0/libsrc/uartlite_v3_2/src
make -C Cortex_M3_0/libsrc/uartlite_v3_2/src -s include  "SHELL=/bin/sh" "COMPILER=arm-none-eabi-gcc" "ARCHIVER=arm-none-eabi-ar" "COMPILER_FLAGS=  -O2 -c" "EXTRA_COMPILER_FLAGS=-march=armv6-m -mthumb -Wall -Wextra"
Running Make libs in Cortex_M3_0/libsrc/bram_v4_3/src
make -C Cortex_M3_0/libsrc/bram_v4_3/src -s libs  "SHELL=/bin/sh" "COMPILER=arm-none-eabi-gcc" "ARCHIVER=arm-none-eabi-ar" "COMPILER_FLAGS=  -O2 -c" "EXTRA_COMPILER_FLAGS=-march=armv6-m -mthumb -Wall -Wextra"
Compiling bram
In file included from xbram_selftest.c:71:
../../../include/xil_cache.h: In function 'Xil_DCacheInvalidateRange':
../../../include/xil_cache.h:62:39: warning: unused parameter 'adr' [-Wunused-parameter]
 void Xil_DCacheInvalidateRange(INTPTR adr, u32 len) {};
                                ~~~~~~~^~~
../../../include/xil_cache.h:62:48: warning: unused parameter 'len' [-Wunused-parameter]
 void Xil_DCacheInvalidateRange(INTPTR adr, u32 len) {};
                                            ~~~~^~~
../../../include/xil_cache.h: In function 'Xil_DCacheFlushRange':
../../../include/xil_cache.h:64:34: warning: unused parameter 'adr' [-Wunused-parameter]
 void Xil_DCacheFlushRange(INTPTR adr, u32 len) {};
                           ~~~~~~~^~~
../../../include/xil_cache.h:64:43: warning: unused parameter 'len' [-Wunused-parameter]
 void Xil_DCacheFlushRange(INTPTR adr, u32 len) {};
                                       ~~~~^~~
../../../include/xil_cache.h: In function 'Xil_ICacheInvalidateRange':
../../../include/xil_cache.h:69:39: warning: unused parameter 'adr' [-Wunused-parameter]
 void Xil_ICacheInvalidateRange(INTPTR adr, u32 len) {};
                                ~~~~~~~^~~
../../../include/xil_cache.h:69:48: warning: unused parameter 'len' [-Wunused-parameter]
 void Xil_ICacheInvalidateRange(INTPTR adr, u32 len) {};
                                            ~~~~^~~
arm-none-eabi-ar: creating ../../../lib/libxil.a
Running Make libs in Cortex_M3_0/libsrc/cpu_cortexm3_v1_0/src
make -C Cortex_M3_0/libsrc/cpu_cortexm3_v1_0/src -s libs  "SHELL=/bin/sh" "COMPILER=arm-none-eabi-gcc" "ARCHIVER=arm-none-eabi-ar" "COMPILER_FLAGS=  -O2 -c" "EXTRA_COMPILER_FLAGS=-march=armv6-m -mthumb -Wall -Wextra"
Compiling cpu_cortexm3
Running Make libs in Cortex_M3_0/libsrc/gpio_v4_4/src
make -C Cortex_M3_0/libsrc/gpio_v4_4/src -s libs  "SHELL=/bin/sh" "COMPILER=arm-none-eabi-gcc" "ARCHIVER=arm-none-eabi-ar" "COMPILER_FLAGS=  -O2 -c" "EXTRA_COMPILER_FLAGS=-march=armv6-m -mthumb -Wall -Wextra"
Compiling gpio
Running Make libs in Cortex_M3_0/libsrc/standalone_v6_7/src
make -C Cortex_M3_0/libsrc/standalone_v6_7/src -s libs  "SHELL=/bin/sh" "COMPILER=arm-none-eabi-gcc" "ARCHIVER=arm-none-eabi-ar" "COMPILER_FLAGS=  -O2 -c" "EXTRA_COMPILER_FLAGS=-march=armv6-m -mthumb -Wall -Wextra"
Compiling standalone
In file included from xil_cache.c:108:
xil_cache.h: In function 'Xil_DCacheInvalidateRange':
xil_cache.h:62:39: warning: unused parameter 'adr' [-Wunused-parameter]
 void Xil_DCacheInvalidateRange(INTPTR adr, u32 len) {};
                                ~~~~~~~^~~
xil_cache.h:62:48: warning: unused parameter 'len' [-Wunused-parameter]
 void Xil_DCacheInvalidateRange(INTPTR adr, u32 len) {};
                                            ~~~~^~~
xil_cache.h: In function 'Xil_DCacheFlushRange':
xil_cache.h:64:34: warning: unused parameter 'adr' [-Wunused-parameter]
 void Xil_DCacheFlushRange(INTPTR adr, u32 len) {};
                           ~~~~~~~^~~
xil_cache.h:64:43: warning: unused parameter 'len' [-Wunused-parameter]
 void Xil_DCacheFlushRange(INTPTR adr, u32 len) {};
                                       ~~~~^~~
xil_cache.h: In function 'Xil_ICacheInvalidateRange':
xil_cache.h:69:39: warning: unused parameter 'adr' [-Wunused-parameter]
 void Xil_ICacheInvalidateRange(INTPTR adr, u32 len) {};
                                ~~~~~~~^~~
xil_cache.h:69:48: warning: unused parameter 'len' [-Wunused-parameter]
 void Xil_ICacheInvalidateRange(INTPTR adr, u32 len) {};
                                            ~~~~^~~
Running Make libs in Cortex_M3_0/libsrc/uartlite_v3_2/src
make -C Cortex_M3_0/libsrc/uartlite_v3_2/src -s libs  "SHELL=/bin/sh" "COMPILER=arm-none-eabi-gcc" "ARCHIVER=arm-none-eabi-ar" "COMPILER_FLAGS=  -O2 -c" "EXTRA_COMPILER_FLAGS=-march=armv6-m -mthumb -Wall -Wextra"
Compiling uartlite
Finished building libraries
13:01:58 **** Auto Build of project standalone_bsp_0 ****
make -k all 
Running Make include in Cortex_M3_0/libsrc/bram_v4_3/src
make -C Cortex_M3_0/libsrc/bram_v4_3/src -s include  "SHELL=/bin/sh" "COMPILER=arm-none-eabi-gcc" "ARCHIVER=arm-none-eabi-ar" "COMPILER_FLAGS=  -O2 -c" "EXTRA_COMPILER_FLAGS=-march=armv6-m -mthumb -Wall -Wextra"
Running Make include in Cortex_M3_0/libsrc/cpu_cortexm3_v1_0/src
make -C Cortex_M3_0/libsrc/cpu_cortexm3_v1_0/src -s include  "SHELL=/bin/sh" "COMPILER=arm-none-eabi-gcc" "ARCHIVER=arm-none-eabi-ar" "COMPILER_FLAGS=  -O2 -c" "EXTRA_COMPILER_FLAGS=-march=armv6-m -mthumb -Wall -Wextra"
Running Make include in Cortex_M3_0/libsrc/gpio_v4_4/src
make -C Cortex_M3_0/libsrc/gpio_v4_4/src -s include  "SHELL=/bin/sh" "COMPILER=arm-none-eabi-gcc" "ARCHIVER=arm-none-eabi-ar" "COMPILER_FLAGS=  -O2 -c" "EXTRA_COMPILER_FLAGS=-march=armv6-m -mthumb -Wall -Wextra"
Running Make include in Cortex_M3_0/libsrc/standalone_v6_7/src
make -C Cortex_M3_0/libsrc/standalone_v6_7/src -s include  "SHELL=/bin/sh" "COMPILER=arm-none-eabi-gcc" "ARCHIVER=arm-none-eabi-ar" "COMPILER_FLAGS=  -O2 -c" "EXTRA_COMPILER_FLAGS=-march=armv6-m -mthumb -Wall -Wextra"
Running Make include in Cortex_M3_0/libsrc/uartlite_v3_2/src
make -C Cortex_M3_0/libsrc/uartlite_v3_2/src -s include  "SHELL=/bin/sh" "COMPILER=arm-none-eabi-gcc" "ARCHIVER=arm-none-eabi-ar" "COMPILER_FLAGS=  -O2 -c" "EXTRA_COMPILER_FLAGS=-march=armv6-m -mthumb -Wall -Wextra"
Running Make libs in Cortex_M3_0/libsrc/bram_v4_3/src
make -C Cortex_M3_0/libsrc/bram_v4_3/src -s libs  "SHELL=/bin/sh" "COMPILER=arm-none-eabi-gcc" "ARCHIVER=arm-none-eabi-ar" "COMPILER_FLAGS=  -O2 -c" "EXTRA_COMPILER_FLAGS=-march=armv6-m -mthumb -Wall -Wextra"
Compiling bram
In file included from xbram_selftest.c:71:
../../../include/xil_cache.h: In function 'Xil_DCacheInvalidateRange':
../../../include/xil_cache.h:62:39: warning: unused parameter 'adr' [-Wunused-parameter]
 void Xil_DCacheInvalidateRange(INTPTR adr, u32 len) {};
                                ~~~~~~~^~~
../../../include/xil_cache.h:62:48: warning: unused parameter 'len' [-Wunused-parameter]
 void Xil_DCacheInvalidateRange(INTPTR adr, u32 len) {};
                                            ~~~~^~~
../../../include/xil_cache.h: In function 'Xil_DCacheFlushRange':
../../../include/xil_cache.h:64:34: warning: unused parameter 'adr' [-Wunused-parameter]
 void Xil_DCacheFlushRange(INTPTR adr, u32 len) {};
                           ~~~~~~~^~~
../../../include/xil_cache.h:64:43: warning: unused parameter 'len' [-Wunused-parameter]
 void Xil_DCacheFlushRange(INTPTR adr, u32 len) {};
                                       ~~~~^~~
../../../include/xil_cache.h: In function 'Xil_ICacheInvalidateRange':
../../../include/xil_cache.h:69:39: warning: unused parameter 'adr' [-Wunused-parameter]
 void Xil_ICacheInvalidateRange(INTPTR adr, u32 len) {};
                                ~~~~~~~^~~
../../../include/xil_cache.h:69:48: warning: unused parameter 'len' [-Wunused-parameter]
 void Xil_ICacheInvalidateRange(INTPTR adr, u32 len) {};
                                            ~~~~^~~
Running Make libs in Cortex_M3_0/libsrc/cpu_cortexm3_v1_0/src
make -C Cortex_M3_0/libsrc/cpu_cortexm3_v1_0/src -s libs  "SHELL=/bin/sh" "COMPILER=arm-none-eabi-gcc" "ARCHIVER=arm-none-eabi-ar" "COMPILER_FLAGS=  -O2 -c" "EXTRA_COMPILER_FLAGS=-march=armv6-m -mthumb -Wall -Wextra"
Compiling cpu_cortexm3
Running Make libs in Cortex_M3_0/libsrc/gpio_v4_4/src
make -C Cortex_M3_0/libsrc/gpio_v4_4/src -s libs  "SHELL=/bin/sh" "COMPILER=arm-none-eabi-gcc" "ARCHIVER=arm-none-eabi-ar" "COMPILER_FLAGS=  -O2 -c" "EXTRA_COMPILER_FLAGS=-march=armv6-m -mthumb -Wall -Wextra"
Compiling gpio
Running Make libs in Cortex_M3_0/libsrc/standalone_v6_7/src
make -C Cortex_M3_0/libsrc/standalone_v6_7/src -s libs  "SHELL=/bin/sh" "COMPILER=arm-none-eabi-gcc" "ARCHIVER=arm-none-eabi-ar" "COMPILER_FLAGS=  -O2 -c" "EXTRA_COMPILER_FLAGS=-march=armv6-m -mthumb -Wall -Wextra"
Compiling standalone
In file included from xil_cache.c:108:
xil_cache.h: In function 'Xil_DCacheInvalidateRange':
xil_cache.h:62:39: warning: unused parameter 'adr' [-Wunused-parameter]
 void Xil_DCacheInvalidateRange(INTPTR adr, u32 len) {};
                                ~~~~~~~^~~
xil_cache.h:62:48: warning: unused parameter 'len' [-Wunused-parameter]
 void Xil_DCacheInvalidateRange(INTPTR adr, u32 len) {};
                                            ~~~~^~~
xil_cache.h: In function 'Xil_DCacheFlushRange':
xil_cache.h:64:34: warning: unused parameter 'adr' [-Wunused-parameter]
 void Xil_DCacheFlushRange(INTPTR adr, u32 len) {};
                           ~~~~~~~^~~
xil_cache.h:64:43: warning: unused parameter 'len' [-Wunused-parameter]
 void Xil_DCacheFlushRange(INTPTR adr, u32 len) {};
                                       ~~~~^~~
xil_cache.h: In function 'Xil_ICacheInvalidateRange':
xil_cache.h:69:39: warning: unused parameter 'adr' [-Wunused-parameter]
 void Xil_ICacheInvalidateRange(INTPTR adr, u32 len) {};
                                ~~~~~~~^~~
xil_cache.h:69:48: warning: unused parameter 'len' [-Wunused-parameter]
 void Xil_ICacheInvalidateRange(INTPTR adr, u32 len) {};
                                            ~~~~^~~
Running Make libs in Cortex_M3_0/libsrc/uartlite_v3_2/src
make -C Cortex_M3_0/libsrc/uartlite_v3_2/src -s libs  "SHELL=/bin/sh" "COMPILER=arm-none-eabi-gcc" "ARCHIVER=arm-none-eabi-ar" "COMPILER_FLAGS=  -O2 -c" "EXTRA_COMPILER_FLAGS=-march=armv6-m -mthumb -Wall -Wextra"
Compiling uartlite
Finished building libraries
13:02:12 **** Auto Build of project standalone_bsp_0 ****
make -k all 
Running Make include in Cortex_M3_0/libsrc/bram_v4_3/src
make -C Cortex_M3_0/libsrc/bram_v4_3/src -s include  "SHELL=/bin/sh" "COMPILER=arm-none-eabi-gcc" "ARCHIVER=arm-none-eabi-ar" "COMPILER_FLAGS=  -O2 -c" "EXTRA_COMPILER_FLAGS=-march=armv6-m -mthumb -Wall -Wextra"
Running Make include in Cortex_M3_0/libsrc/cpu_cortexm3_v1_0/src
make -C Cortex_M3_0/libsrc/cpu_cortexm3_v1_0/src -s include  "SHELL=/bin/sh" "COMPILER=arm-none-eabi-gcc" "ARCHIVER=arm-none-eabi-ar" "COMPILER_FLAGS=  -O2 -c" "EXTRA_COMPILER_FLAGS=-march=armv6-m -mthumb -Wall -Wextra"
Running Make include in Cortex_M3_0/libsrc/gpio_v4_4/src
make -C Cortex_M3_0/libsrc/gpio_v4_4/src -s include  "SHELL=/bin/sh" "COMPILER=arm-none-eabi-gcc" "ARCHIVER=arm-none-eabi-ar" "COMPILER_FLAGS=  -O2 -c" "EXTRA_COMPILER_FLAGS=-march=armv6-m -mthumb -Wall -Wextra"
Running Make include in Cortex_M3_0/libsrc/standalone_v6_7/src
make -C Cortex_M3_0/libsrc/standalone_v6_7/src -s include  "SHELL=/bin/sh" "COMPILER=arm-none-eabi-gcc" "ARCHIVER=arm-none-eabi-ar" "COMPILER_FLAGS=  -O2 -c" "EXTRA_COMPILER_FLAGS=-march=armv6-m -mthumb -Wall -Wextra"
Running Make include in Cortex_M3_0/libsrc/uartlite_v3_2/src
make -C Cortex_M3_0/libsrc/uartlite_v3_2/src -s include  "SHELL=/bin/sh" "COMPILER=arm-none-eabi-gcc" "ARCHIVER=arm-none-eabi-ar" "COMPILER_FLAGS=  -O2 -c" "EXTRA_COMPILER_FLAGS=-march=armv6-m -mthumb -Wall -Wextra"
Running Make libs in Cortex_M3_0/libsrc/bram_v4_3/src
make -C Cortex_M3_0/libsrc/bram_v4_3/src -s libs  "SHELL=/bin/sh" "COMPILER=arm-none-eabi-gcc" "ARCHIVER=arm-none-eabi-ar" "COMPILER_FLAGS=  -O2 -c" "EXTRA_COMPILER_FLAGS=-march=armv6-m -mthumb -Wall -Wextra"
Compiling bram
In file included from xbram_selftest.c:71:
../../../include/xil_cache.h: In function 'Xil_DCacheInvalidateRange':
../../../include/xil_cache.h:62:39: warning: unused parameter 'adr' [-Wunused-parameter]
 void Xil_DCacheInvalidateRange(INTPTR adr, u32 len) {};
                                ~~~~~~~^~~
../../../include/xil_cache.h:62:48: warning: unused parameter 'len' [-Wunused-parameter]
 void Xil_DCacheInvalidateRange(INTPTR adr, u32 len) {};
                                            ~~~~^~~
../../../include/xil_cache.h: In function 'Xil_DCacheFlushRange':
../../../include/xil_cache.h:64:34: warning: unused parameter 'adr' [-Wunused-parameter]
 void Xil_DCacheFlushRange(INTPTR adr, u32 len) {};
                           ~~~~~~~^~~
../../../include/xil_cache.h:64:43: warning: unused parameter 'len' [-Wunused-parameter]
 void Xil_DCacheFlushRange(INTPTR adr, u32 len) {};
                                       ~~~~^~~
../../../include/xil_cache.h: In function 'Xil_ICacheInvalidateRange':
../../../include/xil_cache.h:69:39: warning: unused parameter 'adr' [-Wunused-parameter]
 void Xil_ICacheInvalidateRange(INTPTR adr, u32 len) {};
                                ~~~~~~~^~~
../../../include/xil_cache.h:69:48: warning: unused parameter 'len' [-Wunused-parameter]
 void Xil_ICacheInvalidateRange(INTPTR adr, u32 len) {};
                                            ~~~~^~~
arm-none-eabi-ar: creating ../../../lib/libxil.a
Running Make libs in Cortex_M3_0/libsrc/cpu_cortexm3_v1_0/src
make -C Cortex_M3_0/libsrc/cpu_cortexm3_v1_0/src -s libs  "SHELL=/bin/sh" "COMPILER=arm-none-eabi-gcc" "ARCHIVER=arm-none-eabi-ar" "COMPILER_FLAGS=  -O2 -c" "EXTRA_COMPILER_FLAGS=-march=armv6-m -mthumb -Wall -Wextra"
Compiling cpu_cortexm3
Running Make libs in Cortex_M3_0/libsrc/gpio_v4_4/src
make -C Cortex_M3_0/libsrc/gpio_v4_4/src -s libs  "SHELL=/bin/sh" "COMPILER=arm-none-eabi-gcc" "ARCHIVER=arm-none-eabi-ar" "COMPILER_FLAGS=  -O2 -c" "EXTRA_COMPILER_FLAGS=-march=armv6-m -mthumb -Wall -Wextra"
Compiling gpio
Running Make libs in Cortex_M3_0/libsrc/standalone_v6_7/src
make -C Cortex_M3_0/libsrc/standalone_v6_7/src -s libs  "SHELL=/bin/sh" "COMPILER=arm-none-eabi-gcc" "ARCHIVER=arm-none-eabi-ar" "COMPILER_FLAGS=  -O2 -c" "EXTRA_COMPILER_FLAGS=-march=armv6-m -mthumb -Wall -Wextra"
Compiling standalone
In file included from xil_cache.c:108:
xil_cache.h: In function 'Xil_DCacheInvalidateRange':
xil_cache.h:62:39: warning: unused parameter 'adr' [-Wunused-parameter]
 void Xil_DCacheInvalidateRange(INTPTR adr, u32 len) {};
                                ~~~~~~~^~~
xil_cache.h:62:48: warning: unused parameter 'len' [-Wunused-parameter]
 void Xil_DCacheInvalidateRange(INTPTR adr, u32 len) {};
                                            ~~~~^~~
xil_cache.h: In function 'Xil_DCacheFlushRange':
xil_cache.h:64:34: warning: unused parameter 'adr' [-Wunused-parameter]
 void Xil_DCacheFlushRange(INTPTR adr, u32 len) {};
                           ~~~~~~~^~~
xil_cache.h:64:43: warning: unused parameter 'len' [-Wunused-parameter]
 void Xil_DCacheFlushRange(INTPTR adr, u32 len) {};
                                       ~~~~^~~
xil_cache.h: In function 'Xil_ICacheInvalidateRange':
xil_cache.h:69:39: warning: unused parameter 'adr' [-Wunused-parameter]
 void Xil_ICacheInvalidateRange(INTPTR adr, u32 len) {};
                                ~~~~~~~^~~
xil_cache.h:69:48: warning: unused parameter 'len' [-Wunused-parameter]
 void Xil_ICacheInvalidateRange(INTPTR adr, u32 len) {};
                                            ~~~~^~~
Running Make libs in Cortex_M3_0/libsrc/uartlite_v3_2/src
make -C Cortex_M3_0/libsrc/uartlite_v3_2/src -s libs  "SHELL=/bin/sh" "COMPILER=arm-none-eabi-gcc" "ARCHIVER=arm-none-eabi-ar" "COMPILER_FLAGS=  -O2 -c" "EXTRA_COMPILER_FLAGS=-march=armv6-m -mthumb -Wall -Wextra"
Compiling uartlite
Finished building libraries
13:02:43 **** Auto Build of project standalone_bsp_0 ****
make -k all 
Running Make include in Cortex_M3_0/libsrc/bram_v4_3/src
make -C Cortex_M3_0/libsrc/bram_v4_3/src -s include  "SHELL=/bin/sh" "COMPILER=arm-none-eabi-gcc" "ARCHIVER=arm-none-eabi-ar" "COMPILER_FLAGS=  -O2 -c" "EXTRA_COMPILER_FLAGS=-march=armv6-m -mthumb -Wall -Wextra"
Running Make include in Cortex_M3_0/libsrc/cpu_cortexm3_v1_0/src
make -C Cortex_M3_0/libsrc/cpu_cortexm3_v1_0/src -s include  "SHELL=/bin/sh" "COMPILER=arm-none-eabi-gcc" "ARCHIVER=arm-none-eabi-ar" "COMPILER_FLAGS=  -O2 -c" "EXTRA_COMPILER_FLAGS=-march=armv6-m -mthumb -Wall -Wextra"
Running Make include in Cortex_M3_0/libsrc/gpio_v4_4/src
make -C Cortex_M3_0/libsrc/gpio_v4_4/src -s include  "SHELL=/bin/sh" "COMPILER=arm-none-eabi-gcc" "ARCHIVER=arm-none-eabi-ar" "COMPILER_FLAGS=  -O2 -c" "EXTRA_COMPILER_FLAGS=-march=armv6-m -mthumb -Wall -Wextra"
Running Make include in Cortex_M3_0/libsrc/standalone_v6_7/src
make -C Cortex_M3_0/libsrc/standalone_v6_7/src -s include  "SHELL=/bin/sh" "COMPILER=arm-none-eabi-gcc" "ARCHIVER=arm-none-eabi-ar" "COMPILER_FLAGS=  -O2 -c" "EXTRA_COMPILER_FLAGS=-march=armv6-m -mthumb -Wall -Wextra"
Running Make include in Cortex_M3_0/libsrc/uartlite_v3_2/src
make -C Cortex_M3_0/libsrc/uartlite_v3_2/src -s include  "SHELL=/bin/sh" "COMPILER=arm-none-eabi-gcc" "ARCHIVER=arm-none-eabi-ar" "COMPILER_FLAGS=  -O2 -c" "EXTRA_COMPILER_FLAGS=-march=armv6-m -mthumb -Wall -Wextra"
Running Make libs in Cortex_M3_0/libsrc/bram_v4_3/src
make -C Cortex_M3_0/libsrc/bram_v4_3/src -s libs  "SHELL=/bin/sh" "COMPILER=arm-none-eabi-gcc" "ARCHIVER=arm-none-eabi-ar" "COMPILER_FLAGS=  -O2 -c" "EXTRA_COMPILER_FLAGS=-march=armv6-m -mthumb -Wall -Wextra"
Compiling bram
In file included from xbram_selftest.c:71:
../../../include/xil_cache.h: In function 'Xil_DCacheInvalidateRange':
../../../include/xil_cache.h:62:39: warning: unused parameter 'adr' [-Wunused-parameter]
 void Xil_DCacheInvalidateRange(INTPTR adr, u32 len) {};
                                ~~~~~~~^~~
../../../include/xil_cache.h:62:48: warning: unused parameter 'len' [-Wunused-parameter]
 void Xil_DCacheInvalidateRange(INTPTR adr, u32 len) {};
                                            ~~~~^~~
../../../include/xil_cache.h: In function 'Xil_DCacheFlushRange':
../../../include/xil_cache.h:64:34: warning: unused parameter 'adr' [-Wunused-parameter]
 void Xil_DCacheFlushRange(INTPTR adr, u32 len) {};
                           ~~~~~~~^~~
../../../include/xil_cache.h:64:43: warning: unused parameter 'len' [-Wunused-parameter]
 void Xil_DCacheFlushRange(INTPTR adr, u32 len) {};
                                       ~~~~^~~
../../../include/xil_cache.h: In function 'Xil_ICacheInvalidateRange':
../../../include/xil_cache.h:69:39: warning: unused parameter 'adr' [-Wunused-parameter]
 void Xil_ICacheInvalidateRange(INTPTR adr, u32 len) {};
                                ~~~~~~~^~~
../../../include/xil_cache.h:69:48: warning: unused parameter 'len' [-Wunused-parameter]
 void Xil_ICacheInvalidateRange(INTPTR adr, u32 len) {};
                                            ~~~~^~~
Running Make libs in Cortex_M3_0/libsrc/cpu_cortexm3_v1_0/src
make -C Cortex_M3_0/libsrc/cpu_cortexm3_v1_0/src -s libs  "SHELL=/bin/sh" "COMPILER=arm-none-eabi-gcc" "ARCHIVER=arm-none-eabi-ar" "COMPILER_FLAGS=  -O2 -c" "EXTRA_COMPILER_FLAGS=-march=armv6-m -mthumb -Wall -Wextra"
Compiling cpu_cortexm3
Running Make libs in Cortex_M3_0/libsrc/gpio_v4_4/src
make -C Cortex_M3_0/libsrc/gpio_v4_4/src -s libs  "SHELL=/bin/sh" "COMPILER=arm-none-eabi-gcc" "ARCHIVER=arm-none-eabi-ar" "COMPILER_FLAGS=  -O2 -c" "EXTRA_COMPILER_FLAGS=-march=armv6-m -mthumb -Wall -Wextra"
Compiling gpio
Running Make libs in Cortex_M3_0/libsrc/standalone_v6_7/src
make -C Cortex_M3_0/libsrc/standalone_v6_7/src -s libs  "SHELL=/bin/sh" "COMPILER=arm-none-eabi-gcc" "ARCHIVER=arm-none-eabi-ar" "COMPILER_FLAGS=  -O2 -c" "EXTRA_COMPILER_FLAGS=-march=armv6-m -mthumb -Wall -Wextra"
Compiling standalone
In file included from xil_cache.c:108:
xil_cache.h: In function 'Xil_DCacheInvalidateRange':
xil_cache.h:62:39: warning: unused parameter 'adr' [-Wunused-parameter]
 void Xil_DCacheInvalidateRange(INTPTR adr, u32 len) {};
                                ~~~~~~~^~~
xil_cache.h:62:48: warning: unused parameter 'len' [-Wunused-parameter]
 void Xil_DCacheInvalidateRange(INTPTR adr, u32 len) {};
                                            ~~~~^~~
xil_cache.h: In function 'Xil_DCacheFlushRange':
xil_cache.h:64:34: warning: unused parameter 'adr' [-Wunused-parameter]
 void Xil_DCacheFlushRange(INTPTR adr, u32 len) {};
                           ~~~~~~~^~~
xil_cache.h:64:43: warning: unused parameter 'len' [-Wunused-parameter]
 void Xil_DCacheFlushRange(INTPTR adr, u32 len) {};
                                       ~~~~^~~
xil_cache.h: In function 'Xil_ICacheInvalidateRange':
xil_cache.h:69:39: warning: unused parameter 'adr' [-Wunused-parameter]
 void Xil_ICacheInvalidateRange(INTPTR adr, u32 len) {};
                                ~~~~~~~^~~
xil_cache.h:69:48: warning: unused parameter 'len' [-Wunused-parameter]
 void Xil_ICacheInvalidateRange(INTPTR adr, u32 len) {};
                                            ~~~~^~~
Running Make libs in Cortex_M3_0/libsrc/uartlite_v3_2/src
make -C Cortex_M3_0/libsrc/uartlite_v3_2/src -s libs  "SHELL=/bin/sh" "COMPILER=arm-none-eabi-gcc" "ARCHIVER=arm-none-eabi-ar" "COMPILER_FLAGS=  -O2 -c" "EXTRA_COMPILER_FLAGS=-march=armv6-m -mthumb -Wall -Wextra"
Compiling uartlite
Finished building libraries
